[ 2015-08-10T15:24:18+08:00 ] ::1 /duk/index.php/Question/queryUser
INFO: [ app_begin ] --START--
INFO: Run Behavior\ReadHtmlCacheBehavior [ RunTime:0.000381s ]
INFO: [ app_begin ] --END-- [ RunTime:0.000742s ]

[ 2015-08-10T15:24:32+08:00 ] 127.0.0.1 /duk/index.php/User/getUid
INFO: [ app_begin ] --START--
INFO: Run Behavior\ReadHtmlCacheBehavior [ RunTime:0.000419s ]
INFO: [ app_begin ] --END-- [ RunTime:0.000775s ]

[ 2015-08-10T15:24:32+08:00 ] 127.0.0.1 /duk/index.php/User/userFollowList
INFO: [ app_begin ] --START--
INFO: Run Behavior\ReadHtmlCacheBehavior [ RunTime:0.000502s ]
INFO: [ app_begin ] --END-- [ RunTime:0.000877s ]
SQL: SHOW COLUMNS FROM `follow` [ RunTime:0.0098s ]
SQL: SELECT * FROM `follow` WHERE `from_uid` = ''  [ RunTime:0.0016s ]
NOTIC: [2] Invalid argument supplied for foreach() /Applications/XAMPP/xamppfiles/htdocs/duk/Application/Home/Controller/UserController.class.php 第 346 行.

[ 2015-08-10T15:24:32+08:00 ] 127.0.0.1 /duk/index.php/User/getUserInfo
INFO: [ app_begin ] --START--
INFO: Run Behavior\ReadHtmlCacheBehavior [ RunTime:0.000666s ]
INFO: [ app_begin ] --END-- [ RunTime:0.000954s ]
SQL: SHOW COLUMNS FROM `user` [ RunTime:0.0023s ]
SQL: SELECT * FROM `user` WHERE `uid` = '' LIMIT 1   [ RunTime:0.0029s ]

[ 2015-08-10T15:30:26+08:00 ] 127.0.0.1 /duk/index.php/Question/queryUser
INFO: [ app_begin ] --START--
INFO: Run Behavior\ReadHtmlCacheBehavior [ RunTime:0.000268s ]
INFO: [ app_begin ] --END-- [ RunTime:0.000473s ]

[ 2015-08-10T15:30:29+08:00 ] 127.0.0.1 /duk/index.php/User/getUid
INFO: [ app_begin ] --START--
INFO: Run Behavior\ReadHtmlCacheBehavior [ RunTime:0.001234s ]
INFO: [ app_begin ] --END-- [ RunTime:0.001866s ]

[ 2015-08-10T15:30:29+08:00 ] 127.0.0.1 /duk/index.php/User/getUserInfo
INFO: [ app_begin ] --START--
INFO: Run Behavior\ReadHtmlCacheBehavior [ RunTime:0.000385s ]
INFO: [ app_begin ] --END-- [ RunTime:0.000692s ]
SQL: SHOW COLUMNS FROM `user` [ RunTime:0.0047s ]
SQL: SELECT * FROM `user` WHERE `uid` = '' LIMIT 1   [ RunTime:0.0002s ]

[ 2015-08-10T15:30:29+08:00 ] 127.0.0.1 /duk/index.php/Question/queryAll
INFO: [ app_begin ] --START--
INFO: Run Behavior\ReadHtmlCacheBehavior [ RunTime:0.000221s ]
INFO: [ app_begin ] --END-- [ RunTime:0.000382s ]

[ 2015-08-10T15:30:30+08:00 ] 127.0.0.1 /duk/index.php/Question/queryUser
INFO: [ app_begin ] --START--
INFO: Run Behavior\ReadHtmlCacheBehavior [ RunTime:0.000266s ]
INFO: [ app_begin ] --END-- [ RunTime:0.000458s ]

[ 2015-08-10T15:30:52+08:00 ] 127.0.0.1 /duk/index.php/User/login.html
INFO: [ app_begin ] --START--
INFO: Run Behavior\ReadHtmlCacheBehavior [ RunTime:0.000273s ]
INFO: [ app_begin ] --END-- [ RunTime:0.000461s ]
SQL: SHOW COLUMNS FROM `user` [ RunTime:0.0022s ]
SQL: SELECT * FROM `user` WHERE `name` = 'wbx' AND `pwd` = 'wbx' LIMIT 1   [ RunTime:0.0002s ]

[ 2015-08-10T15:30:54+08:00 ] 127.0.0.1 /duk/index.php/Question/queryUser
INFO: [ app_begin ] --START--
INFO: Run Behavior\ReadHtmlCacheBehavior [ RunTime:0.000322s ]
INFO: [ app_begin ] --END-- [ RunTime:0.000578s ]
SQL: SHOW COLUMNS FROM `user` [ RunTime:0.0034s ]
SQL: SELECT COUNT(*) AS tp_count FROM `user` WHERE ( state=0 ) LIMIT 1   [ RunTime:0.0016s ]
SQL: SELECT * FROM `user` WHERE ( state=0 ) ORDER BY uid LIMIT 0,6   [ RunTime:0.0003s ]

[ 2015-08-10T15:30:57+08:00 ] 127.0.0.1 /duk/index.php/User/getUid
INFO: [ app_begin ] --START--
INFO: Run Behavior\ReadHtmlCacheBehavior [ RunTime:0.000399s ]
INFO: [ app_begin ] --END-- [ RunTime:0.000749s ]

[ 2015-08-10T15:30:57+08:00 ] 127.0.0.1 /duk/index.php/User/getUserInfo
INFO: [ app_begin ] --START--
INFO: Run Behavior\ReadHtmlCacheBehavior [ RunTime:0.000220s ]
INFO: [ app_begin ] --END-- [ RunTime:0.000383s ]
SQL: SHOW COLUMNS FROM `user` [ RunTime:0.0035s ]
SQL: SELECT * FROM `user` WHERE `uid` = '1' LIMIT 1   [ RunTime:0.0003s ]

[ 2015-08-10T15:30:57+08:00 ] 127.0.0.1 /duk/index.php/Question/queryAll
INFO: [ app_begin ] --START--
INFO: Run Behavior\ReadHtmlCacheBehavior [ RunTime:0.000304s ]
INFO: [ app_begin ] --END-- [ RunTime:0.000724s ]
SQL: SHOW COLUMNS FROM `question` [ RunTime:0.0021s ]
SQL: SELECT COUNT(*) AS tp_count FROM `question` WHERE ( state=0 ) LIMIT 1   [ RunTime:0.0002s ]
SQL: SELECT * FROM `question` WHERE ( state=0 ) ORDER BY createTime LIMIT 0,2   [ RunTime:0.0002s ]

[ 2015-08-10T15:31:06+08:00 ] 127.0.0.1 /duk/index.php/Question/queryOne
INFO: [ app_begin ] --START--
INFO: Run Behavior\ReadHtmlCacheBehavior [ RunTime:0.000745s ]
INFO: [ app_begin ] --END-- [ RunTime:0.001340s ]
SQL: SHOW COLUMNS FROM `question` [ RunTime:0.0042s ]
SQL: SELECT * FROM `question` WHERE `qid` = '1' LIMIT 1   [ RunTime:0.0003s ]

[ 2015-08-10T15:31:09+08:00 ] 127.0.0.1 /duk/index.php/User/getUid
INFO: [ app_begin ] --START--
INFO: Run Behavior\ReadHtmlCacheBehavior [ RunTime:0.002331s ]
INFO: [ app_begin ] --END-- [ RunTime:0.003712s ]

[ 2015-08-10T15:31:09+08:00 ] 127.0.0.1 /duk/index.php/User/getUserInfo
INFO: [ app_begin ] --START--
INFO: Run Behavior\ReadHtmlCacheBehavior [ RunTime:0.000276s ]
INFO: [ app_begin ] --END-- [ RunTime:0.000486s ]
SQL: SHOW COLUMNS FROM `user` [ RunTime:0.0034s ]
SQL: SELECT * FROM `user` WHERE `uid` = '1' LIMIT 1   [ RunTime:0.0004s ]

[ 2015-08-10T15:31:09+08:00 ] 127.0.0.1 /duk/index.php/Question/queryAll
INFO: [ app_begin ] --START--
INFO: Run Behavior\ReadHtmlCacheBehavior [ RunTime:0.000357s ]
INFO: [ app_begin ] --END-- [ RunTime:0.000741s ]
SQL: SHOW COLUMNS FROM `question` [ RunTime:0.0020s ]
SQL: SELECT COUNT(*) AS tp_count FROM `question` WHERE ( state=0 ) LIMIT 1   [ RunTime:0.0002s ]
SQL: SELECT * FROM `question` WHERE ( state=0 ) ORDER BY createTime LIMIT 0,2   [ RunTime:0.0018s ]

[ 2015-08-10T15:31:11+08:00 ] 127.0.0.1 /duk/index.php/Question/queryOne
INFO: [ app_begin ] --START--
INFO: Run Behavior\ReadHtmlCacheBehavior [ RunTime:0.000660s ]
INFO: [ app_begin ] --END-- [ RunTime:0.001123s ]
SQL: SHOW COLUMNS FROM `question` [ RunTime:0.0031s ]
SQL: SELECT * FROM `question` WHERE `qid` = '1' LIMIT 1   [ RunTime:0.0003s ]

[ 2015-08-10T15:31:14+08:00 ] 127.0.0.1 /duk/index.php/User/getUid
INFO: [ app_begin ] --START--
INFO: Run Behavior\ReadHtmlCacheBehavior [ RunTime:0.000667s ]
INFO: [ app_begin ] --END-- [ RunTime:0.001411s ]

[ 2015-08-10T15:31:14+08:00 ] 127.0.0.1 /duk/index.php/Question/queryOne
INFO: [ app_begin ] --START--
INFO: Run Behavior\ReadHtmlCacheBehavior [ RunTime:0.000334s ]
INFO: [ app_begin ] --END-- [ RunTime:0.000605s ]
SQL: SHOW COLUMNS FROM `question` [ RunTime:0.0026s ]
SQL: SELECT * FROM `question` WHERE `qid` = '1' LIMIT 1   [ RunTime:0.0004s ]

[ 2015-08-10T15:31:31+08:00 ] 127.0.0.1 /duk/index.php/User/getUid
INFO: [ app_begin ] --START--
INFO: Run Behavior\ReadHtmlCacheBehavior [ RunTime:0.000993s ]
INFO: [ app_begin ] --END-- [ RunTime:0.001362s ]

[ 2015-08-10T15:31:31+08:00 ] 127.0.0.1 /duk/index.php/User/getUserInfo
INFO: [ app_begin ] --START--
INFO: Run Behavior\ReadHtmlCacheBehavior [ RunTime:0.000344s ]
INFO: [ app_begin ] --END-- [ RunTime:0.000645s ]
SQL: SHOW COLUMNS FROM `user` [ RunTime:0.0020s ]
SQL: SELECT * FROM `user` WHERE `uid` = '1' LIMIT 1   [ RunTime:0.0002s ]

[ 2015-08-10T15:31:31+08:00 ] 127.0.0.1 /duk/index.php/Question/queryAll
INFO: [ app_begin ] --START--
INFO: Run Behavior\ReadHtmlCacheBehavior [ RunTime:0.000225s ]
INFO: [ app_begin ] --END-- [ RunTime:0.000386s ]
SQL: SHOW COLUMNS FROM `question` [ RunTime:0.0021s ]
SQL: SELECT COUNT(*) AS tp_count FROM `question` WHERE ( state=0 ) LIMIT 1   [ RunTime:0.0002s ]
SQL: SELECT * FROM `question` WHERE ( state=0 ) ORDER BY createTime LIMIT 0,2   [ RunTime:0.0002s ]

[ 2015-08-10T15:31:52+08:00 ] 127.0.0.1 /duk/index.php/Question/queryOne
INFO: [ app_begin ] --START--
INFO: Run Behavior\ReadHtmlCacheBehavior [ RunTime:0.000722s ]
INFO: [ app_begin ] --END-- [ RunTime:0.001054s ]
SQL: SHOW COLUMNS FROM `question` [ RunTime:0.0022s ]
SQL: SELECT * FROM `question` WHERE `qid` = '1' LIMIT 1   [ RunTime:0.0003s ]

[ 2015-08-10T15:31:54+08:00 ] 127.0.0.1 /duk/index.php/User/getUid
INFO: [ app_begin ] --START--
INFO: Run Behavior\ReadHtmlCacheBehavior [ RunTime:0.000227s ]
INFO: [ app_begin ] --END-- [ RunTime:0.000399s ]

[ 2015-08-10T15:31:54+08:00 ] 127.0.0.1 /duk/index.php/User/getUserInfo
INFO: [ app_begin ] --START--
INFO: Run Behavior\ReadHtmlCacheBehavior [ RunTime:0.000268s ]
INFO: [ app_begin ] --END-- [ RunTime:0.000546s ]
SQL: SHOW COLUMNS FROM `user` [ RunTime:0.0020s ]
SQL: SELECT * FROM `user` WHERE `uid` = '1' LIMIT 1   [ RunTime:0.0002s ]

[ 2015-08-10T15:31:54+08:00 ] 127.0.0.1 /duk/index.php/Question/queryAll
INFO: [ app_begin ] --START--
INFO: Run Behavior\ReadHtmlCacheBehavior [ RunTime:0.000262s ]
INFO: [ app_begin ] --END-- [ RunTime:0.000449s ]
SQL: SHOW COLUMNS FROM `question` [ RunTime:0.0019s ]
SQL: SELECT COUNT(*) AS tp_count FROM `question` WHERE ( state=0 ) LIMIT 1   [ RunTime:0.0002s ]
SQL: SELECT * FROM `question` WHERE ( state=0 ) ORDER BY createTime LIMIT 0,2   [ RunTime:0.0002s ]

[ 2015-08-10T15:31:59+08:00 ] 127.0.0.1 /duk/index.php/Question/queryOne
INFO: [ app_begin ] --START--
INFO: Run Behavior\ReadHtmlCacheBehavior [ RunTime:0.000401s ]
INFO: [ app_begin ] --END-- [ RunTime:0.000687s ]
SQL: SHOW COLUMNS FROM `question` [ RunTime:0.0023s ]
SQL: SELECT * FROM `question` WHERE `qid` = '1' LIMIT 1   [ RunTime:0.0002s ]

[ 2015-08-10T15:32:03+08:00 ] 127.0.0.1 /duk/index.php/User/getUid
INFO: [ app_begin ] --START--
INFO: Run Behavior\ReadHtmlCacheBehavior [ RunTime:0.000752s ]
INFO: [ app_begin ] --END-- [ RunTime:0.001523s ]

[ 2015-08-10T15:32:03+08:00 ] 127.0.0.1 /duk/index.php/Question/queryOne
INFO: [ app_begin ] --START--
INFO: Run Behavior\ReadHtmlCacheBehavior [ RunTime:0.000301s ]
INFO: [ app_begin ] --END-- [ RunTime:0.000569s ]
SQL: SHOW COLUMNS FROM `question` [ RunTime:0.0039s ]
SQL: SELECT * FROM `question` WHERE `qid` = '1' LIMIT 1   [ RunTime:0.0004s ]

[ 2015-08-10T15:32:10+08:00 ] 127.0.0.1 /duk/index.php/User/getUid
INFO: [ app_begin ] --START--
INFO: Run Behavior\ReadHtmlCacheBehavior [ RunTime:0.000533s ]
INFO: [ app_begin ] --END-- [ RunTime:0.001254s ]

[ 2015-08-10T15:32:10+08:00 ] 127.0.0.1 /duk/index.php/User/getUserInfo
INFO: [ app_begin ] --START--
INFO: Run Behavior\ReadHtmlCacheBehavior [ RunTime:0.000358s ]
INFO: [ app_begin ] --END-- [ RunTime:0.000649s ]
SQL: SHOW COLUMNS FROM `user` [ RunTime:0.0022s ]
SQL: SELECT * FROM `user` WHERE `uid` = '1' LIMIT 1   [ RunTime:0.0002s ]

[ 2015-08-10T15:32:10+08:00 ] 127.0.0.1 /duk/index.php/Question/queryAll
INFO: [ app_begin ] --START--
INFO: Run Behavior\ReadHtmlCacheBehavior [ RunTime:0.000215s ]
INFO: [ app_begin ] --END-- [ RunTime:0.000375s ]
SQL: SHOW COLUMNS FROM `question` [ RunTime:0.0038s ]
SQL: SELECT COUNT(*) AS tp_count FROM `question` WHERE ( state=0 ) LIMIT 1   [ RunTime:0.0003s ]
SQL: SELECT * FROM `question` WHERE ( state=0 ) ORDER BY createTime LIMIT 0,2   [ RunTime:0.0002s ]

[ 2015-08-10T15:33:37+08:00 ] 127.0.0.1 /duk/index.php/Question/queryOne
INFO: [ app_begin ] --START--
INFO: Run Behavior\ReadHtmlCacheBehavior [ RunTime:0.000392s ]
INFO: [ app_begin ] --END-- [ RunTime:0.001168s ]
SQL: SHOW COLUMNS FROM `question` [ RunTime:0.0026s ]
SQL: SELECT * FROM `question` WHERE `qid` = '1' LIMIT 1   [ RunTime:0.0003s ]

[ 2015-08-10T15:34:01+08:00 ] 127.0.0.1 /duk/index.php/Question/create
INFO: [ app_begin ] --START--
INFO: Run Behavior\ReadHtmlCacheBehavior [ RunTime:0.000221s ]
INFO: [ app_begin ] --END-- [ RunTime:0.000387s ]
SQL: SHOW COLUMNS FROM `question` [ RunTime:0.0020s ]
SQL: INSERT INTO `question` (`title`,`content`,`createTime`,`uid`,`tag`,`state`) VALUES ('3123','123','2015-08-10 15:34:01','1','null','0') [ RunTime:0.0014s ]
INFO: [ app_end ] --START--
INFO: Run Behavior\ShowPageTraceBehavior [ RunTime:0.000430s ]
INFO: [ app_end ] --END-- [ RunTime:0.000462s ]

[ 2015-08-10T15:34:01+08:00 ] 127.0.0.1 /duk/index.php/Question/queryUser
INFO: [ app_begin ] --START--
INFO: Run Behavior\ReadHtmlCacheBehavior [ RunTime:0.000768s ]
INFO: [ app_begin ] --END-- [ RunTime:0.001188s ]
SQL: SHOW COLUMNS FROM `user` [ RunTime:0.0032s ]
SQL: SELECT COUNT(*) AS tp_count FROM `user` WHERE ( state=0 ) LIMIT 1   [ RunTime:0.0002s ]
SQL: SELECT * FROM `user` WHERE ( state=0 ) ORDER BY uid LIMIT 0,6   [ RunTime:0.0002s ]

[ 2015-08-10T15:34:02+08:00 ] 127.0.0.1 /duk/index.php/User/getUid
INFO: [ app_begin ] --START--
INFO: Run Behavior\ReadHtmlCacheBehavior [ RunTime:0.000297s ]
INFO: [ app_begin ] --END-- [ RunTime:0.000530s ]

[ 2015-08-10T15:34:02+08:00 ] 127.0.0.1 /duk/index.php/User/getUserInfo
INFO: [ app_begin ] --START--
INFO: Run Behavior\ReadHtmlCacheBehavior [ RunTime:0.000489s ]
INFO: [ app_begin ] --END-- [ RunTime:0.000785s ]
SQL: SHOW COLUMNS FROM `user` [ RunTime:0.0025s ]
SQL: SELECT * FROM `user` WHERE `uid` = '1' LIMIT 1   [ RunTime:0.0004s ]

[ 2015-08-10T15:34:02+08:00 ] 127.0.0.1 /duk/index.php/Question/queryAll
INFO: [ app_begin ] --START--
INFO: Run Behavior\ReadHtmlCacheBehavior [ RunTime:0.000217s ]
INFO: [ app_begin ] --END-- [ RunTime:0.000379s ]
SQL: SHOW COLUMNS FROM `question` [ RunTime:0.0019s ]
SQL: SELECT COUNT(*) AS tp_count FROM `question` WHERE ( state=0 ) LIMIT 1   [ RunTime:0.0002s ]
SQL: SELECT * FROM `question` WHERE ( state=0 ) ORDER BY createTime LIMIT 0,2   [ RunTime:0.0002s ]

[ 2015-08-10T15:34:05+08:00 ] 127.0.0.1 /duk/index.php/Question/queryOne
INFO: [ app_begin ] --START--
INFO: Run Behavior\ReadHtmlCacheBehavior [ RunTime:0.000249s ]
INFO: [ app_begin ] --END-- [ RunTime:0.000427s ]
SQL: SHOW COLUMNS FROM `question` [ RunTime:0.0028s ]
SQL: SELECT * FROM `question` WHERE `qid` = '2' LIMIT 1   [ RunTime:0.0004s ]

[ 2015-08-10T15:34:14+08:00 ] 127.0.0.1 /duk/index.php/Question/queryUser
INFO: [ app_begin ] --START--
INFO: Run Behavior\ReadHtmlCacheBehavior [ RunTime:0.000790s ]
INFO: [ app_begin ] --END-- [ RunTime:0.001286s ]
SQL: SHOW COLUMNS FROM `user` [ RunTime:0.0026s ]
SQL: SELECT COUNT(*) AS tp_count FROM `user` WHERE ( state=0 ) LIMIT 1   [ RunTime:0.0004s ]
SQL: SELECT * FROM `user` WHERE ( state=0 ) ORDER BY uid LIMIT 0,6   [ RunTime:0.0003s ]

[ 2015-08-10T15:34:27+08:00 ] 127.0.0.1 /duk/index.php/User/getUid
INFO: [ app_begin ] --START--
INFO: Run Behavior\ReadHtmlCacheBehavior [ RunTime:0.000429s ]
INFO: [ app_begin ] --END-- [ RunTime:0.000961s ]

[ 2015-08-10T15:34:27+08:00 ] 127.0.0.1 /duk/index.php/User/userFollowList
INFO: [ app_begin ] --START--
INFO: Run Behavior\ReadHtmlCacheBehavior [ RunTime:0.000276s ]
INFO: [ app_begin ] --END-- [ RunTime:0.000496s ]
SQL: SHOW COLUMNS FROM `follow` [ RunTime:0.0022s ]
SQL: SELECT * FROM `follow` WHERE `from_uid` = '1'  [ RunTime:0.0003s ]

[ 2015-08-10T15:34:27+08:00 ] 127.0.0.1 /duk/index.php/User/getUserInfo
INFO: [ app_begin ] --START--
INFO: Run Behavior\ReadHtmlCacheBehavior [ RunTime:0.000617s ]
INFO: [ app_begin ] --END-- [ RunTime:0.000954s ]
SQL: SHOW COLUMNS FROM `user` [ RunTime:0.0021s ]
SQL: SELECT * FROM `user` WHERE `uid` = '2' LIMIT 1   [ RunTime:0.0002s ]

[ 2015-08-10T15:34:27+08:00 ] 127.0.0.1 /duk/index.php/User/getUserInfo
INFO: [ app_begin ] --START--
INFO: Run Behavior\ReadHtmlCacheBehavior [ RunTime:0.000392s ]
INFO: [ app_begin ] --END-- [ RunTime:0.000676s ]
SQL: SHOW COLUMNS FROM `user` [ RunTime:0.0022s ]
SQL: SELECT * FROM `user` WHERE `uid` = '5' LIMIT 1   [ RunTime:0.0002s ]

[ 2015-08-10T15:34:27+08:00 ] 127.0.0.1 /duk/index.php/User/getUserInfo
INFO: [ app_begin ] --START--
INFO: Run Behavior\ReadHtmlCacheBehavior [ RunTime:0.000266s ]
INFO: [ app_begin ] --END-- [ RunTime:0.000467s ]
SQL: SHOW COLUMNS FROM `user` [ RunTime:0.0024s ]
SQL: SELECT * FROM `user` WHERE `uid` = '4' LIMIT 1   [ RunTime:0.0003s ]

[ 2015-08-10T15:35:23+08:00 ] 127.0.0.1 /duk/index.php/User/getUid
INFO: [ app_begin ] --START--
INFO: Run Behavior\ReadHtmlCacheBehavior [ RunTime:0.000261s ]
INFO: [ app_begin ] --END-- [ RunTime:0.000463s ]

[ 2015-08-10T15:35:23+08:00 ] 127.0.0.1 /duk/index.php/User/userFollowList
INFO: [ app_begin ] --START--
INFO: Run Behavior\ReadHtmlCacheBehavior [ RunTime:0.000219s ]
INFO: [ app_begin ] --END-- [ RunTime:0.000382s ]
SQL: SHOW COLUMNS FROM `follow` [ RunTime:0.0034s ]
SQL: SELECT * FROM `follow` WHERE `from_uid` = '1'  [ RunTime:0.0002s ]

[ 2015-08-10T15:35:23+08:00 ] 127.0.0.1 /duk/index.php/User/getUserInfo
INFO: [ app_begin ] --START--
INFO: Run Behavior\ReadHtmlCacheBehavior [ RunTime:0.000341s ]
INFO: [ app_begin ] --END-- [ RunTime:0.000584s ]
SQL: SHOW COLUMNS FROM `user` [ RunTime:0.0037s ]
SQL: SELECT * FROM `user` WHERE `uid` = '2' LIMIT 1   [ RunTime:0.0002s ]

[ 2015-08-10T15:35:23+08:00 ] 127.0.0.1 /duk/index.php/User/getUserInfo
INFO: [ app_begin ] --START--
INFO: Run Behavior\ReadHtmlCacheBehavior [ RunTime:0.000401s ]
INFO: [ app_begin ] --END-- [ RunTime:0.000719s ]
SQL: SHOW COLUMNS FROM `user` [ RunTime:0.0020s ]
SQL: SELECT * FROM `user` WHERE `uid` = '5' LIMIT 1   [ RunTime:0.0005s ]

[ 2015-08-10T15:35:23+08:00 ] 127.0.0.1 /duk/index.php/User/getUserInfo
INFO: [ app_begin ] --START--
INFO: Run Behavior\ReadHtmlCacheBehavior [ RunTime:0.000235s ]
INFO: [ app_begin ] --END-- [ RunTime:0.000437s ]
SQL: SHOW COLUMNS FROM `user` [ RunTime:0.0030s ]
SQL: SELECT * FROM `user` WHERE `uid` = '4' LIMIT 1   [ RunTime:0.0005s ]

[ 2015-08-10T15:39:05+08:00 ] 127.0.0.1 /duk/index.php/User/getUid
INFO: [ app_begin ] --START--
INFO: Run Behavior\ReadHtmlCacheBehavior [ RunTime:0.000231s ]
INFO: [ app_begin ] --END-- [ RunTime:0.000404s ]

[ 2015-08-10T15:39:05+08:00 ] 127.0.0.1 /duk/index.php/User/userFollowList
INFO: [ app_begin ] --START--
INFO: Run Behavior\ReadHtmlCacheBehavior [ RunTime:0.000454s ]
INFO: [ app_begin ] --END-- [ RunTime:0.000913s ]
SQL: SHOW COLUMNS FROM `follow` [ RunTime:0.0021s ]
SQL: SELECT * FROM `follow` WHERE `from_uid` = '1'  [ RunTime:0.0002s ]

[ 2015-08-10T15:39:05+08:00 ] 127.0.0.1 /duk/index.php/User/getUserInfo
INFO: [ app_begin ] --START--
INFO: Run Behavior\ReadHtmlCacheBehavior [ RunTime:0.000806s ]
INFO: [ app_begin ] --END-- [ RunTime:0.001330s ]
SQL: SHOW COLUMNS FROM `user` [ RunTime:0.0049s ]
SQL: SELECT * FROM `user` WHERE `uid` = '1' LIMIT 1   [ RunTime:0.0008s ]

[ 2015-08-10T15:39:05+08:00 ] 127.0.0.1 /duk/index.php/User/getUserInfo
INFO: [ app_begin ] --START--
INFO: Run Behavior\ReadHtmlCacheBehavior [ RunTime:0.000380s ]
INFO: [ app_begin ] --END-- [ RunTime:0.000716s ]
SQL: SHOW COLUMNS FROM `user` [ RunTime:0.0020s ]
SQL: SELECT * FROM `user` WHERE `uid` = '2' LIMIT 1   [ RunTime:0.0003s ]

[ 2015-08-10T15:39:05+08:00 ] 127.0.0.1 /duk/index.php/User/getUserInfo
INFO: [ app_begin ] --START--
INFO: Run Behavior\ReadHtmlCacheBehavior [ RunTime:0.000413s ]
INFO: [ app_begin ] --END-- [ RunTime:0.000819s ]
SQL: SHOW COLUMNS FROM `user` [ RunTime:0.0019s ]
SQL: SELECT * FROM `user` WHERE `uid` = '4' LIMIT 1   [ RunTime:0.0002s ]

[ 2015-08-10T15:39:05+08:00 ] 127.0.0.1 /duk/index.php/User/getUserInfo
INFO: [ app_begin ] --START--
INFO: Run Behavior\ReadHtmlCacheBehavior [ RunTime:0.000413s ]
INFO: [ app_begin ] --END-- [ RunTime:0.000743s ]
SQL: SHOW COLUMNS FROM `user` [ RunTime:0.0028s ]
SQL: SELECT * FROM `user` WHERE `uid` = '5' LIMIT 1   [ RunTime:0.0005s ]

[ 2015-08-10T15:40:01+08:00 ] 127.0.0.1 /duk/index.php/User/getUid
INFO: [ app_begin ] --START--
INFO: Run Behavior\ReadHtmlCacheBehavior [ RunTime:0.000501s ]
INFO: [ app_begin ] --END-- [ RunTime:0.000836s ]

[ 2015-08-10T15:40:01+08:00 ] 127.0.0.1 /duk/index.php/User/userFollowList
INFO: [ app_begin ] --START--
INFO: Run Behavior\ReadHtmlCacheBehavior [ RunTime:0.000227s ]
INFO: [ app_begin ] --END-- [ RunTime:0.000402s ]
SQL: SHOW COLUMNS FROM `follow` [ RunTime:0.0044s ]
SQL: SELECT * FROM `follow` WHERE `from_uid` = ''  [ RunTime:0.0004s ]
NOTIC: [2] Invalid argument supplied for foreach() /Applications/XAMPP/xamppfiles/htdocs/duk/Application/Home/Controller/UserController.class.php 第 346 行.

[ 2015-08-10T15:55:43+08:00 ] 127.0.0.1 /duk/index.php/User/getUid
INFO: [ app_begin ] --START--
INFO: Run Behavior\ReadHtmlCacheBehavior [ RunTime:0.000273s ]
INFO: [ app_begin ] --END-- [ RunTime:0.000490s ]

[ 2015-08-10T15:55:43+08:00 ] 127.0.0.1 /duk/index.php/User/userFollowList
INFO: [ app_begin ] --START--
INFO: Run Behavior\ReadHtmlCacheBehavior [ RunTime:0.000455s ]
INFO: [ app_begin ] --END-- [ RunTime:0.000958s ]
SQL: SHOW COLUMNS FROM `follow` [ RunTime:0.0025s ]
SQL: SELECT * FROM `follow` WHERE `from_uid` = ''  [ RunTime:0.0002s ]
NOTIC: [2] Invalid argument supplied for foreach() /Applications/XAMPP/xamppfiles/htdocs/duk/Application/Home/Controller/UserController.class.php 第 348 行.

[ 2015-08-10T15:55:54+08:00 ] 127.0.0.1 /duk/index.php/User/getUid
INFO: [ app_begin ] --START--
INFO: Run Behavior\ReadHtmlCacheBehavior [ RunTime:0.000292s ]
INFO: [ app_begin ] --END-- [ RunTime:0.000478s ]

[ 2015-08-10T15:55:54+08:00 ] 127.0.0.1 /duk/index.php/User/userFollowList
INFO: [ app_begin ] --START--
INFO: Run Behavior\ReadHtmlCacheBehavior [ RunTime:0.000240s ]
INFO: [ app_begin ] --END-- [ RunTime:0.000426s ]
SQL: SHOW COLUMNS FROM `follow` [ RunTime:0.0028s ]
SQL: SELECT * FROM `follow` WHERE `from_uid` = ''  [ RunTime:0.0004s ]
NOTIC: [2] Invalid argument supplied for foreach() /Applications/XAMPP/xamppfiles/htdocs/duk/Application/Home/Controller/UserController.class.php 第 348 行.

[ 2015-08-10T15:55:59+08:00 ] 127.0.0.1 /duk/index.php/User/getUid
INFO: [ app_begin ] --START--
INFO: Run Behavior\ReadHtmlCacheBehavior [ RunTime:0.000454s ]
INFO: [ app_begin ] --END-- [ RunTime:0.000852s ]

[ 2015-08-10T15:55:59+08:00 ] 127.0.0.1 /duk/index.php/User/userFollowList
INFO: [ app_begin ] --START--
INFO: Run Behavior\ReadHtmlCacheBehavior [ RunTime:0.000286s ]
INFO: [ app_begin ] --END-- [ RunTime:0.000505s ]
SQL: SHOW COLUMNS FROM `follow` [ RunTime:0.0028s ]
SQL: SELECT * FROM `follow` WHERE `from_uid` = ''  [ RunTime:0.0002s ]
NOTIC: [2] Invalid argument supplied for foreach() /Applications/XAMPP/xamppfiles/htdocs/duk/Application/Home/Controller/UserController.class.php 第 348 行.

[ 2015-08-10T15:55:59+08:00 ] 127.0.0.1 /duk/index.php/User/getUserInfo
INFO: [ app_begin ] --START--
INFO: Run Behavior\ReadHtmlCacheBehavior [ RunTime:0.000337s ]
INFO: [ app_begin ] --END-- [ RunTime:0.000597s ]
SQL: SHOW COLUMNS FROM `user` [ RunTime:0.0045s ]
SQL: SELECT * FROM `user` WHERE `uid` = '' LIMIT 1   [ RunTime:0.0006s ]

[ 2015-08-10T15:56:03+08:00 ] 127.0.0.1 /duk/index.php/Question/queryUser
INFO: [ app_begin ] --START--
INFO: Run Behavior\ReadHtmlCacheBehavior [ RunTime:0.000250s ]
INFO: [ app_begin ] --END-- [ RunTime:0.000455s ]

[ 2015-08-10T15:56:04+08:00 ] 127.0.0.1 /duk/index.php/Question/queryUser
INFO: [ app_begin ] --START--
INFO: Run Behavior\ReadHtmlCacheBehavior [ RunTime:0.000242s ]
INFO: [ app_begin ] --END-- [ RunTime:0.000432s ]

[ 2015-08-10T15:56:05+08:00 ] 127.0.0.1 /duk/index.php/Question/queryUser
INFO: [ app_begin ] --START--
INFO: Run Behavior\ReadHtmlCacheBehavior [ RunTime:0.000240s ]
INFO: [ app_begin ] --END-- [ RunTime:0.000431s ]

[ 2015-08-10T15:56:13+08:00 ] 127.0.0.1 /duk/index.php/User/login.html
INFO: [ app_begin ] --START--
INFO: Run Behavior\ReadHtmlCacheBehavior [ RunTime:0.000244s ]
INFO: [ app_begin ] --END-- [ RunTime:0.000428s ]
SQL: SHOW COLUMNS FROM `user` [ RunTime:0.0019s ]
SQL: SELECT * FROM `user` WHERE `name` = 'wbx' AND `pwd` = 'wbx' LIMIT 1   [ RunTime:0.0002s ]

[ 2015-08-10T15:56:13+08:00 ] 127.0.0.1 /duk/index.php/Question/queryUser
INFO: [ app_begin ] --START--
INFO: Run Behavior\ReadHtmlCacheBehavior [ RunTime:0.000399s ]
INFO: [ app_begin ] --END-- [ RunTime:0.000718s ]
SQL: SHOW COLUMNS FROM `user` [ RunTime:0.0050s ]
SQL: SELECT COUNT(*) AS tp_count FROM `user` WHERE ( state=0 ) LIMIT 1   [ RunTime:0.0003s ]
SQL: SELECT * FROM `user` WHERE ( state=0 ) ORDER BY uid LIMIT 0,6   [ RunTime:0.0003s ]

[ 2015-08-10T15:56:15+08:00 ] 127.0.0.1 /duk/index.php/Question/queryUser
INFO: [ app_begin ] --START--
INFO: Run Behavior\ReadHtmlCacheBehavior [ RunTime:0.000484s ]
INFO: [ app_begin ] --END-- [ RunTime:0.000899s ]
SQL: SHOW COLUMNS FROM `user` [ RunTime:0.0020s ]
SQL: SELECT COUNT(*) AS tp_count FROM `user` WHERE ( state=0 ) LIMIT 1   [ RunTime:0.0002s ]
SQL: SELECT * FROM `user` WHERE ( state=0 ) ORDER BY uid LIMIT 0,6   [ RunTime:0.0002s ]

[ 2015-08-10T15:56:17+08:00 ] 127.0.0.1 /duk/index.php/User/getUid
INFO: [ app_begin ] --START--
INFO: Run Behavior\ReadHtmlCacheBehavior [ RunTime:0.000235s ]
INFO: [ app_begin ] --END-- [ RunTime:0.000421s ]

[ 2015-08-10T15:56:17+08:00 ] 127.0.0.1 /duk/index.php/User/getUserInfo
INFO: [ app_begin ] --START--
INFO: Run Behavior\ReadHtmlCacheBehavior [ RunTime:0.000393s ]
INFO: [ app_begin ] --END-- [ RunTime:0.000800s ]
SQL: SHOW COLUMNS FROM `user` [ RunTime:0.0035s ]
SQL: SELECT * FROM `user` WHERE `uid` = '1' LIMIT 1   [ RunTime:0.0005s ]

[ 2015-08-10T15:56:17+08:00 ] 127.0.0.1 /duk/index.php/Question/queryAll
INFO: [ app_begin ] --START--
INFO: Run Behavior\ReadHtmlCacheBehavior [ RunTime:0.000233s ]
INFO: [ app_begin ] --END-- [ RunTime:0.000410s ]
SQL: SHOW COLUMNS FROM `question` [ RunTime:0.0038s ]
SQL: SELECT COUNT(*) AS tp_count FROM `question` WHERE ( state=0 ) LIMIT 1   [ RunTime:0.0002s ]
SQL: SELECT * FROM `question` WHERE ( state=0 ) ORDER BY createTime LIMIT 0,2   [ RunTime:0.0002s ]

[ 2015-08-10T15:56:22+08:00 ] 127.0.0.1 /duk/index.php/Question/queryOne
INFO: [ app_begin ] --START--
INFO: Run Behavior\ReadHtmlCacheBehavior [ RunTime:0.000250s ]
INFO: [ app_begin ] --END-- [ RunTime:0.000466s ]
SQL: SHOW COLUMNS FROM `question` [ RunTime:0.0030s ]
SQL: SELECT * FROM `question` WHERE `qid` = '2' LIMIT 1   [ RunTime:0.0002s ]

[ 2015-08-10T15:57:38+08:00 ] 127.0.0.1 /duk/index.php/User/getUid
INFO: [ app_begin ] --START--
INFO: Run Behavior\ReadHtmlCacheBehavior [ RunTime:0.000247s ]
INFO: [ app_begin ] --END-- [ RunTime:0.000440s ]

[ 2015-08-10T15:57:39+08:00 ] 127.0.0.1 /duk/index.php/Question/queryOne
INFO: [ app_begin ] --START--
INFO: Run Behavior\ReadHtmlCacheBehavior [ RunTime:0.000477s ]
INFO: [ app_begin ] --END-- [ RunTime:0.000790s ]
SQL: SHOW COLUMNS FROM `question` [ RunTime:0.0026s ]
SQL: SELECT * FROM `question` WHERE `qid` = '2' LIMIT 1   [ RunTime:0.0003s ]

[ 2015-08-10T16:00:16+08:00 ] 127.0.0.1 /duk/index.php/User/getUid
INFO: [ app_begin ] --START--
INFO: Run Behavior\ReadHtmlCacheBehavior [ RunTime:0.000309s ]
INFO: [ app_begin ] --END-- [ RunTime:0.000527s ]

[ 2015-08-10T16:00:16+08:00 ] 127.0.0.1 /duk/index.php/User/getUserInfo
INFO: [ app_begin ] --START--
INFO: Run Behavior\ReadHtmlCacheBehavior [ RunTime:0.000287s ]
INFO: [ app_begin ] --END-- [ RunTime:0.000580s ]
SQL: SHOW COLUMNS FROM `user` [ RunTime:0.0021s ]
SQL: SELECT * FROM `user` WHERE `uid` = '1' LIMIT 1   [ RunTime:0.0002s ]

[ 2015-08-10T16:00:16+08:00 ] 127.0.0.1 /duk/index.php/Question/queryAll
INFO: [ app_begin ] --START--
INFO: Run Behavior\ReadHtmlCacheBehavior [ RunTime:0.000838s ]
INFO: [ app_begin ] --END-- [ RunTime:0.001653s ]
SQL: SHOW COLUMNS FROM `question` [ RunTime:0.0025s ]
SQL: SELECT COUNT(*) AS tp_count FROM `question` WHERE ( state=0 ) LIMIT 1   [ RunTime:0.0004s ]
SQL: SELECT * FROM `question` WHERE ( state=0 ) ORDER BY createTime LIMIT 0,2   [ RunTime:0.0004s ]

[ 2015-08-10T16:00:19+08:00 ] 127.0.0.1 /duk/index.php/Question/queryOne
INFO: [ app_begin ] --START--
INFO: Run Behavior\ReadHtmlCacheBehavior [ RunTime:0.000251s ]
INFO: [ app_begin ] --END-- [ RunTime:0.000446s ]
SQL: SHOW COLUMNS FROM `question` [ RunTime:0.0024s ]
SQL: SELECT * FROM `question` WHERE `qid` = '2' LIMIT 1   [ RunTime:0.0003s ]

[ 2015-08-10T16:00:25+08:00 ] 127.0.0.1 /duk/index.php/Question/queryOne
INFO: [ app_begin ] --START--
INFO: Run Behavior\ReadHtmlCacheBehavior [ RunTime:0.000363s ]
INFO: [ app_begin ] --END-- [ RunTime:0.000613s ]
SQL: SHOW COLUMNS FROM `question` [ RunTime:0.0023s ]
SQL: SELECT * FROM `question` WHERE `qid` = '1' LIMIT 1   [ RunTime:0.0002s ]

[ 2015-08-10T16:13:48+08:00 ] 127.0.0.1 /duk/index.php/Question/queryOne
INFO: [ app_begin ] --START--
INFO: Run Behavior\ReadHtmlCacheBehavior [ RunTime:0.000467s ]
INFO: [ app_begin ] --END-- [ RunTime:0.001190s ]
SQL: SHOW COLUMNS FROM `question` [ RunTime:0.0024s ]
SQL: SELECT * FROM `question` WHERE `qid` = '1' LIMIT 1   [ RunTime:0.0004s ]

[ 2015-08-10T16:21:30+08:00 ] 127.0.0.1 /duk/index.php/Question/queryUser
INFO: [ app_begin ] --START--
INFO: Run Behavior\ReadHtmlCacheBehavior [ RunTime:0.000252s ]
INFO: [ app_begin ] --END-- [ RunTime:0.000448s ]
SQL: SHOW COLUMNS FROM `user` [ RunTime:0.0042s ]
SQL: SELECT COUNT(*) AS tp_count FROM `user` WHERE ( state=0 ) LIMIT 1   [ RunTime:0.0002s ]
SQL: SELECT * FROM `user` WHERE ( state=0 ) ORDER BY uid LIMIT 0,6   [ RunTime:0.0002s ]

[ 2015-08-10T16:21:32+08:00 ] 127.0.0.1 /duk/index.php/User/getUid
INFO: [ app_begin ] --START--
INFO: Run Behavior\ReadHtmlCacheBehavior [ RunTime:0.000273s ]
INFO: [ app_begin ] --END-- [ RunTime:0.000469s ]

[ 2015-08-10T16:21:32+08:00 ] 127.0.0.1 /duk/index.php/User/getUserInfo
INFO: [ app_begin ] --START--
INFO: Run Behavior\ReadHtmlCacheBehavior [ RunTime:0.000447s ]
INFO: [ app_begin ] --END-- [ RunTime:0.000639s ]
SQL: SHOW COLUMNS FROM `user` [ RunTime:0.0023s ]
SQL: SELECT * FROM `user` WHERE `uid` = '1' LIMIT 1   [ RunTime:0.0005s ]

[ 2015-08-10T16:21:32+08:00 ] 127.0.0.1 /duk/index.php/Question/queryAll
INFO: [ app_begin ] --START--
INFO: Run Behavior\ReadHtmlCacheBehavior [ RunTime:0.000532s ]
INFO: [ app_begin ] --END-- [ RunTime:0.000955s ]
SQL: SHOW COLUMNS FROM `question` [ RunTime:0.0023s ]
SQL: SELECT COUNT(*) AS tp_count FROM `question` WHERE ( state=0 ) LIMIT 1   [ RunTime:0.0002s ]
SQL: SELECT * FROM `question` WHERE ( state=0 ) ORDER BY createTime LIMIT 0,2   [ RunTime:0.0005s ]

[ 2015-08-10T16:21:35+08:00 ] 127.0.0.1 /duk/index.php/Question/queryOne
INFO: [ app_begin ] --START--
INFO: Run Behavior\ReadHtmlCacheBehavior [ RunTime:0.000307s ]
INFO: [ app_begin ] --END-- [ RunTime:0.000530s ]
SQL: SHOW COLUMNS FROM `question` [ RunTime:0.0026s ]
SQL: SELECT * FROM `question` WHERE `qid` = '1' LIMIT 1   [ RunTime:0.0003s ]

[ 2015-08-10T16:21:48+08:00 ] 127.0.0.1 /duk/index.php/User/getUid
INFO: [ app_begin ] --START--
INFO: Run Behavior\ReadHtmlCacheBehavior [ RunTime:0.000478s ]
INFO: [ app_begin ] --END-- [ RunTime:0.000821s ]

[ 2015-08-10T16:21:48+08:00 ] 127.0.0.1 /duk/index.php/Question/queryOne
INFO: [ app_begin ] --START--
INFO: Run Behavior\ReadHtmlCacheBehavior [ RunTime:0.000264s ]
INFO: [ app_begin ] --END-- [ RunTime:0.000468s ]
SQL: SHOW COLUMNS FROM `question` [ RunTime:0.0022s ]
SQL: SELECT * FROM `question` WHERE `qid` = '2' LIMIT 1   [ RunTime:0.0002s ]

[ 2015-08-10T16:22:05+08:00 ] 127.0.0.1 /duk/index.php/User/getUid
INFO: [ app_begin ] --START--
INFO: Run Behavior\ReadHtmlCacheBehavior [ RunTime:0.000296s ]
INFO: [ app_begin ] --END-- [ RunTime:0.000517s ]

[ 2015-08-10T16:22:05+08:00 ] 127.0.0.1 /duk/index.php/User/getUserInfo
INFO: [ app_begin ] --START--
INFO: Run Behavior\ReadHtmlCacheBehavior [ RunTime:0.000424s ]
INFO: [ app_begin ] --END-- [ RunTime:0.000692s ]
SQL: SHOW COLUMNS FROM `user` [ RunTime:0.0041s ]
SQL: SELECT * FROM `user` WHERE `uid` = '1' LIMIT 1   [ RunTime:0.0005s ]

[ 2015-08-10T16:22:05+08:00 ] 127.0.0.1 /duk/index.php/Question/queryAll
INFO: [ app_begin ] --START--
INFO: Run Behavior\ReadHtmlCacheBehavior [ RunTime:0.000233s ]
INFO: [ app_begin ] --END-- [ RunTime:0.000409s ]
SQL: SHOW COLUMNS FROM `question` [ RunTime:0.0053s ]
SQL: SELECT COUNT(*) AS tp_count FROM `question` WHERE ( state=0 ) LIMIT 1   [ RunTime:0.0005s ]
SQL: SELECT * FROM `question` WHERE ( state=0 ) ORDER BY createTime LIMIT 0,2   [ RunTime:0.0006s ]

[ 2015-08-10T16:22:05+08:00 ] 127.0.0.1 /duk/index.php/Question/queryOne
INFO: [ app_begin ] --START--
INFO: Run Behavior\ReadHtmlCacheBehavior [ RunTime:0.000252s ]
INFO: [ app_begin ] --END-- [ RunTime:0.000445s ]
SQL: SHOW COLUMNS FROM `question` [ RunTime:0.0021s ]
SQL: SELECT * FROM `question` WHERE `qid` = '2' LIMIT 1   [ RunTime:0.0003s ]

[ 2015-08-10T16:22:20+08:00 ] 127.0.0.1 /duk/index.php/User/getUid
INFO: [ app_begin ] --START--
INFO: Run Behavior\ReadHtmlCacheBehavior [ RunTime:0.000682s ]
INFO: [ app_begin ] --END-- [ RunTime:0.001305s ]

[ 2015-08-10T16:22:20+08:00 ] 127.0.0.1 /duk/index.php/User/getUserInfo
INFO: [ app_begin ] --START--
INFO: Run Behavior\ReadHtmlCacheBehavior [ RunTime:0.000435s ]
INFO: [ app_begin ] --END-- [ RunTime:0.000794s ]
SQL: SHOW COLUMNS FROM `user` [ RunTime:0.0023s ]
SQL: SELECT * FROM `user` WHERE `uid` = '1' LIMIT 1   [ RunTime:0.0002s ]

[ 2015-08-10T16:22:20+08:00 ] 127.0.0.1 /duk/index.php/Question/queryAll
INFO: [ app_begin ] --START--
INFO: Run Behavior\ReadHtmlCacheBehavior [ RunTime:0.000232s ]
INFO: [ app_begin ] --END-- [ RunTime:0.000397s ]
SQL: SHOW COLUMNS FROM `question` [ RunTime:0.0020s ]
SQL: SELECT COUNT(*) AS tp_count FROM `question` WHERE ( state=0 ) LIMIT 1   [ RunTime:0.0008s ]
SQL: SELECT * FROM `question` WHERE ( state=0 ) ORDER BY createTime LIMIT 0,2   [ RunTime:0.0006s ]

[ 2015-08-10T16:22:29+08:00 ] 127.0.0.1 /duk/index.php/User/getUid
INFO: [ app_begin ] --START--
INFO: Run Behavior\ReadHtmlCacheBehavior [ RunTime:0.000305s ]
INFO: [ app_begin ] --END-- [ RunTime:0.000534s ]

[ 2015-08-10T16:22:29+08:00 ] 127.0.0.1 /duk/index.php/User/getUserInfo
INFO: [ app_begin ] --START--
INFO: Run Behavior\ReadHtmlCacheBehavior [ RunTime:0.000521s ]
INFO: [ app_begin ] --END-- [ RunTime:0.001024s ]
SQL: SHOW COLUMNS FROM `user` [ RunTime:0.0035s ]
SQL: SELECT * FROM `user` WHERE `uid` = '1' LIMIT 1   [ RunTime:0.0003s ]

[ 2015-08-10T16:22:29+08:00 ] 127.0.0.1 /duk/index.php/Question/queryAll
INFO: [ app_begin ] --START--
INFO: Run Behavior\ReadHtmlCacheBehavior [ RunTime:0.000215s ]
INFO: [ app_begin ] --END-- [ RunTime:0.000377s ]
SQL: SHOW COLUMNS FROM `question` [ RunTime:0.0018s ]
SQL: SELECT COUNT(*) AS tp_count FROM `question` WHERE ( state=0 ) LIMIT 1   [ RunTime:0.0002s ]
SQL: SELECT * FROM `question` WHERE ( state=0 ) ORDER BY createTime LIMIT 0,2   [ RunTime:0.0003s ]

[ 2015-08-10T16:22:38+08:00 ] 127.0.0.1 /duk/index.php/User/getUid
INFO: [ app_begin ] --START--
INFO: Run Behavior\ReadHtmlCacheBehavior [ RunTime:0.000783s ]
INFO: [ app_begin ] --END-- [ RunTime:0.001359s ]

[ 2015-08-10T16:22:38+08:00 ] 127.0.0.1 /duk/index.php/User/getUserInfo
INFO: [ app_begin ] --START--
INFO: Run Behavior\ReadHtmlCacheBehavior [ RunTime:0.000531s ]
INFO: [ app_begin ] --END-- [ RunTime:0.000936s ]
SQL: SHOW COLUMNS FROM `user` [ RunTime:0.0039s ]
SQL: SELECT * FROM `user` WHERE `uid` = '1' LIMIT 1   [ RunTime:0.0003s ]

[ 2015-08-10T16:22:38+08:00 ] 127.0.0.1 /duk/index.php/Question/queryAll
INFO: [ app_begin ] --START--
INFO: Run Behavior\ReadHtmlCacheBehavior [ RunTime:0.000429s ]
INFO: [ app_begin ] --END-- [ RunTime:0.000850s ]
SQL: SHOW COLUMNS FROM `question` [ RunTime:0.0023s ]
SQL: SELECT COUNT(*) AS tp_count FROM `question` WHERE ( state=0 ) LIMIT 1   [ RunTime:0.0002s ]
SQL: SELECT * FROM `question` WHERE ( state=0 ) ORDER BY createTime LIMIT 0,2   [ RunTime:0.0002s ]

[ 2015-08-10T16:22:44+08:00 ] 127.0.0.1 /duk/index.php/Question/queryUser
INFO: [ app_begin ] --START--
INFO: Run Behavior\ReadHtmlCacheBehavior [ RunTime:0.000238s ]
INFO: [ app_begin ] --END-- [ RunTime:0.000424s ]
SQL: SHOW COLUMNS FROM `user` [ RunTime:0.0021s ]
SQL: SELECT COUNT(*) AS tp_count FROM `user` WHERE ( state=0 ) LIMIT 1   [ RunTime:0.0002s ]
SQL: SELECT * FROM `user` WHERE ( state=0 ) ORDER BY uid LIMIT 0,6   [ RunTime:0.0002s ]

[ 2015-08-10T16:22:49+08:00 ] 127.0.0.1 /duk/index.php/User/getUid
INFO: [ app_begin ] --START--
INFO: Run Behavior\ReadHtmlCacheBehavior [ RunTime:0.000393s ]
INFO: [ app_begin ] --END-- [ RunTime:0.000729s ]

[ 2015-08-10T16:22:49+08:00 ] 127.0.0.1 /duk/index.php/User/userFollowList
INFO: [ app_begin ] --START--
INFO: Run Behavior\ReadHtmlCacheBehavior [ RunTime:0.000245s ]
INFO: [ app_begin ] --END-- [ RunTime:0.000469s ]
SQL: SHOW COLUMNS FROM `follow` [ RunTime:0.0044s ]
SQL: SELECT * FROM `follow` WHERE `from_uid` = '1'  [ RunTime:0.0008s ]

[ 2015-08-10T16:22:49+08:00 ] 127.0.0.1 /duk/index.php/User/getUserInfo
INFO: [ app_begin ] --START--
INFO: Run Behavior\ReadHtmlCacheBehavior [ RunTime:0.000545s ]
INFO: [ app_begin ] --END-- [ RunTime:0.001005s ]
SQL: SHOW COLUMNS FROM `user` [ RunTime:0.0024s ]
SQL: SELECT * FROM `user` WHERE `uid` = '1' LIMIT 1   [ RunTime:0.0003s ]

[ 2015-08-10T16:22:49+08:00 ] 127.0.0.1 /duk/index.php/User/getUserInfo
INFO: [ app_begin ] --START--
INFO: Run Behavior\ReadHtmlCacheBehavior [ RunTime:0.000478s ]
INFO: [ app_begin ] --END-- [ RunTime:0.000861s ]
SQL: SHOW COLUMNS FROM `user` [ RunTime:0.0034s ]
SQL: SELECT * FROM `user` WHERE `uid` = '2' LIMIT 1   [ RunTime:0.0004s ]

[ 2015-08-10T16:22:49+08:00 ] 127.0.0.1 /duk/index.php/User/getUserInfo
INFO: [ app_begin ] --START--
INFO: Run Behavior\ReadHtmlCacheBehavior [ RunTime:0.000433s ]
INFO: [ app_begin ] --END-- [ RunTime:0.000763s ]
SQL: SHOW COLUMNS FROM `user` [ RunTime:0.0019s ]
SQL: SELECT * FROM `user` WHERE `uid` = '4' LIMIT 1   [ RunTime:0.0002s ]

[ 2015-08-10T16:22:49+08:00 ] 127.0.0.1 /duk/index.php/User/getUserInfo
INFO: [ app_begin ] --START--
INFO: Run Behavior\ReadHtmlCacheBehavior [ RunTime:0.000283s ]
INFO: [ app_begin ] --END-- [ RunTime:0.000510s ]
SQL: SHOW COLUMNS FROM `user` [ RunTime:0.0041s ]
SQL: SELECT * FROM `user` WHERE `uid` = '5' LIMIT 1   [ RunTime:0.0003s ]

[ 2015-08-10T16:26:23+08:00 ] 127.0.0.1 /duk/index.php/User/getUid
INFO: [ app_begin ] --START--
INFO: Run Behavior\ReadHtmlCacheBehavior [ RunTime:0.000248s ]
INFO: [ app_begin ] --END-- [ RunTime:0.000451s ]

[ 2015-08-10T16:26:23+08:00 ] 127.0.0.1 /duk/index.php/User/userFollowList
INFO: [ app_begin ] --START--
INFO: Run Behavior\ReadHtmlCacheBehavior [ RunTime:0.000523s ]
INFO: [ app_begin ] --END-- [ RunTime:0.000904s ]
SQL: SHOW COLUMNS FROM `follow` [ RunTime:0.0037s ]
SQL: SELECT * FROM `follow` WHERE `from_uid` = '1'  [ RunTime:0.0004s ]

[ 2015-08-10T16:26:23+08:00 ] 127.0.0.1 /duk/index.php/User/getUserInfo
INFO: [ app_begin ] --START--
INFO: Run Behavior\ReadHtmlCacheBehavior [ RunTime:0.000472s ]
INFO: [ app_begin ] --END-- [ RunTime:0.000685s ]
SQL: SHOW COLUMNS FROM `user` [ RunTime:0.0070s ]
SQL: SELECT * FROM `user` WHERE `uid` = '1' LIMIT 1   [ RunTime:0.0009s ]

[ 2015-08-10T16:26:23+08:00 ] 127.0.0.1 /duk/index.php/User/getUserInfo
INFO: [ app_begin ] --START--
INFO: Run Behavior\ReadHtmlCacheBehavior [ RunTime:0.000622s ]
INFO: [ app_begin ] --END-- [ RunTime:0.001037s ]
SQL: SHOW COLUMNS FROM `user` [ RunTime:0.0022s ]
SQL: SELECT * FROM `user` WHERE `uid` = '2' LIMIT 1   [ RunTime:0.0002s ]

[ 2015-08-10T16:26:23+08:00 ] 127.0.0.1 /duk/index.php/User/getUserInfo
INFO: [ app_begin ] --START--
INFO: Run Behavior\ReadHtmlCacheBehavior [ RunTime:0.000426s ]
INFO: [ app_begin ] --END-- [ RunTime:0.001025s ]
SQL: SHOW COLUMNS FROM `user` [ RunTime:0.0026s ]
SQL: SELECT * FROM `user` WHERE `uid` = '4' LIMIT 1   [ RunTime:0.0004s ]

[ 2015-08-10T16:26:23+08:00 ] 127.0.0.1 /duk/index.php/User/getUserInfo
INFO: [ app_begin ] --START--
INFO: Run Behavior\ReadHtmlCacheBehavior [ RunTime:0.000521s ]
INFO: [ app_begin ] --END-- [ RunTime:0.000842s ]
SQL: SHOW COLUMNS FROM `user` [ RunTime:0.0022s ]
SQL: SELECT * FROM `user` WHERE `uid` = '5' LIMIT 1   [ RunTime:0.0002s ]

[ 2015-08-10T16:26:27+08:00 ] 127.0.0.1 /duk/index.php/User/getUid
INFO: [ app_begin ] --START--
INFO: Run Behavior\ReadHtmlCacheBehavior [ RunTime:0.000491s ]
INFO: [ app_begin ] --END-- [ RunTime:0.000912s ]

[ 2015-08-10T16:26:27+08:00 ] 127.0.0.1 /duk/index.php/User/userFollowList
INFO: [ app_begin ] --START--
INFO: Run Behavior\ReadHtmlCacheBehavior [ RunTime:0.000263s ]
INFO: [ app_begin ] --END-- [ RunTime:0.000476s ]
SQL: SHOW COLUMNS FROM `follow` [ RunTime:0.0025s ]
SQL: SELECT * FROM `follow` WHERE `from_uid` = '1'  [ RunTime:0.0002s ]

[ 2015-08-10T16:26:27+08:00 ] 127.0.0.1 /duk/index.php/User/getUserInfo
INFO: [ app_begin ] --START--
INFO: Run Behavior\ReadHtmlCacheBehavior [ RunTime:0.000893s ]
INFO: [ app_begin ] --END-- [ RunTime:0.001468s ]
SQL: SHOW COLUMNS FROM `user` [ RunTime:0.0044s ]
SQL: SELECT * FROM `user` WHERE `uid` = '2' LIMIT 1   [ RunTime:0.0003s ]

[ 2015-08-10T16:26:27+08:00 ] 127.0.0.1 /duk/index.php/User/getUserInfo
INFO: [ app_begin ] --START--
INFO: Run Behavior\ReadHtmlCacheBehavior [ RunTime:0.000337s ]
INFO: [ app_begin ] --END-- [ RunTime:0.000773s ]
SQL: SHOW COLUMNS FROM `user` [ RunTime:0.0035s ]
SQL: SELECT * FROM `user` WHERE `uid` = '4' LIMIT 1   [ RunTime:0.0004s ]

[ 2015-08-10T16:26:27+08:00 ] 127.0.0.1 /duk/index.php/User/getUserInfo
INFO: [ app_begin ] --START--
INFO: Run Behavior\ReadHtmlCacheBehavior [ RunTime:0.000391s ]
INFO: [ app_begin ] --END-- [ RunTime:0.000677s ]
SQL: SHOW COLUMNS FROM `user` [ RunTime:0.0020s ]
SQL: SELECT * FROM `user` WHERE `uid` = '5' LIMIT 1   [ RunTime:0.0004s ]

[ 2015-08-10T16:32:29+08:00 ] 127.0.0.1 /duk/index.php/User/getUid
INFO: [ app_begin ] --START--
INFO: Run Behavior\ReadHtmlCacheBehavior [ RunTime:0.000753s ]
INFO: [ app_begin ] --END-- [ RunTime:0.001100s ]

[ 2015-08-10T16:32:29+08:00 ] 127.0.0.1 /duk/index.php/User/userFollowList
INFO: [ app_begin ] --START--
INFO: Run Behavior\ReadHtmlCacheBehavior [ RunTime:0.000399s ]
INFO: [ app_begin ] --END-- [ RunTime:0.000751s ]
SQL: SHOW COLUMNS FROM `follow` [ RunTime:0.0053s ]
SQL: SELECT * FROM `follow` WHERE `from_uid` = '1'  [ RunTime:0.0005s ]

[ 2015-08-10T16:32:29+08:00 ] 127.0.0.1 /duk/index.php/User/getUserInfo
INFO: [ app_begin ] --START--
INFO: Run Behavior\ReadHtmlCacheBehavior [ RunTime:0.000378s ]
INFO: [ app_begin ] --END-- [ RunTime:0.000652s ]
SQL: SHOW COLUMNS FROM `user` [ RunTime:0.0068s ]
SQL: SELECT * FROM `user` WHERE `uid` = '2' LIMIT 1   [ RunTime:0.0002s ]

[ 2015-08-10T16:32:29+08:00 ] 127.0.0.1 /duk/index.php/User/getUserInfo
INFO: [ app_begin ] --START--
INFO: Run Behavior\ReadHtmlCacheBehavior [ RunTime:0.000413s ]
INFO: [ app_begin ] --END-- [ RunTime:0.000673s ]
SQL: SHOW COLUMNS FROM `user` [ RunTime:0.0019s ]
SQL: SELECT * FROM `user` WHERE `uid` = '4' LIMIT 1   [ RunTime:0.0002s ]

[ 2015-08-10T16:32:29+08:00 ] 127.0.0.1 /duk/index.php/User/getUserInfo
INFO: [ app_begin ] --START--
INFO: Run Behavior\ReadHtmlCacheBehavior [ RunTime:0.000274s ]
INFO: [ app_begin ] --END-- [ RunTime:0.000464s ]
SQL: SHOW COLUMNS FROM `user` [ RunTime:0.0040s ]
SQL: SELECT * FROM `user` WHERE `uid` = '5' LIMIT 1   [ RunTime:0.0002s ]

[ 2015-08-10T16:32:51+08:00 ] 127.0.0.1 /duk/index.php/User/getUid
INFO: [ app_begin ] --START--
INFO: Run Behavior\ReadHtmlCacheBehavior [ RunTime:0.000250s ]
INFO: [ app_begin ] --END-- [ RunTime:0.000449s ]

[ 2015-08-10T16:32:51+08:00 ] 127.0.0.1 /duk/index.php/User/userFollowList
INFO: [ app_begin ] --START--
INFO: Run Behavior\ReadHtmlCacheBehavior [ RunTime:0.000716s ]
INFO: [ app_begin ] --END-- [ RunTime:0.001310s ]
SQL: SHOW COLUMNS FROM `follow` [ RunTime:0.0056s ]
SQL: SELECT * FROM `follow` WHERE `from_uid` = '1'  [ RunTime:0.0008s ]

[ 2015-08-10T16:32:51+08:00 ] 127.0.0.1 /duk/index.php/User/getUserInfo
INFO: [ app_begin ] --START--
INFO: Run Behavior\ReadHtmlCacheBehavior [ RunTime:0.000809s ]
INFO: [ app_begin ] --END-- [ RunTime:0.001521s ]
SQL: SHOW COLUMNS FROM `user` [ RunTime:0.0027s ]
SQL: SELECT * FROM `user` WHERE `uid` = '1' LIMIT 1   [ RunTime:0.0002s ]

[ 2015-08-10T16:32:51+08:00 ] 127.0.0.1 /duk/index.php/User/getUserInfo
INFO: [ app_begin ] --START--
INFO: Run Behavior\ReadHtmlCacheBehavior [ RunTime:0.000530s ]
INFO: [ app_begin ] --END-- [ RunTime:0.000784s ]
SQL: SHOW COLUMNS FROM `user` [ RunTime:0.0046s ]
SQL: SELECT * FROM `user` WHERE `uid` = '2' LIMIT 1   [ RunTime:0.0003s ]

[ 2015-08-10T16:32:51+08:00 ] 127.0.0.1 /duk/index.php/User/getUserInfo
INFO: [ app_begin ] --START--
INFO: Run Behavior\ReadHtmlCacheBehavior [ RunTime:0.000399s ]
INFO: [ app_begin ] --END-- [ RunTime:0.000709s ]
SQL: SHOW COLUMNS FROM `user` [ RunTime:0.0038s ]
SQL: SELECT * FROM `user` WHERE `uid` = '4' LIMIT 1   [ RunTime:0.0002s ]

[ 2015-08-10T16:32:51+08:00 ] 127.0.0.1 /duk/index.php/User/getUserInfo
INFO: [ app_begin ] --START--
INFO: Run Behavior\ReadHtmlCacheBehavior [ RunTime:0.000615s ]
INFO: [ app_begin ] --END-- [ RunTime:0.000890s ]
SQL: SHOW COLUMNS FROM `user` [ RunTime:0.0024s ]
SQL: SELECT * FROM `user` WHERE `uid` = '5' LIMIT 1   [ RunTime:0.0003s ]

[ 2015-08-10T16:36:30+08:00 ] 127.0.0.1 /duk/index.php/User/getUid
INFO: [ app_begin ] --START--
INFO: Run Behavior\ReadHtmlCacheBehavior [ RunTime:0.000540s ]
INFO: [ app_begin ] --END-- [ RunTime:0.000995s ]

[ 2015-08-10T16:36:30+08:00 ] 127.0.0.1 /duk/index.php/User/userFollowList
INFO: [ app_begin ] --START--
INFO: Run Behavior\ReadHtmlCacheBehavior [ RunTime:0.000440s ]
INFO: [ app_begin ] --END-- [ RunTime:0.000789s ]
SQL: SHOW COLUMNS FROM `follow` [ RunTime:0.0038s ]
SQL: SELECT * FROM `follow` WHERE `from_uid` = '1'  [ RunTime:0.0002s ]

[ 2015-08-10T16:36:30+08:00 ] 127.0.0.1 /duk/index.php/User/getUserInfo
INFO: [ app_begin ] --START--
INFO: Run Behavior\ReadHtmlCacheBehavior [ RunTime:0.000460s ]
INFO: [ app_begin ] --END-- [ RunTime:0.000838s ]
SQL: SHOW COLUMNS FROM `user` [ RunTime:0.0103s ]
SQL: SELECT * FROM `user` WHERE `uid` = '1' LIMIT 1   [ RunTime:0.0004s ]

[ 2015-08-10T16:36:30+08:00 ] 127.0.0.1 /duk/index.php/User/getUserInfo
INFO: [ app_begin ] --START--
INFO: Run Behavior\ReadHtmlCacheBehavior [ RunTime:0.000354s ]
INFO: [ app_begin ] --END-- [ RunTime:0.000615s ]
SQL: SHOW COLUMNS FROM `user` [ RunTime:0.0053s ]
SQL: SELECT * FROM `user` WHERE `uid` = '2' LIMIT 1   [ RunTime:0.0007s ]

[ 2015-08-10T16:36:30+08:00 ] 127.0.0.1 /duk/index.php/User/getUserInfo
INFO: [ app_begin ] --START--
INFO: Run Behavior\ReadHtmlCacheBehavior [ RunTime:0.000467s ]
INFO: [ app_begin ] --END-- [ RunTime:0.000766s ]
SQL: SHOW COLUMNS FROM `user` [ RunTime:0.0045s ]
SQL: SELECT * FROM `user` WHERE `uid` = '4' LIMIT 1   [ RunTime:0.0008s ]

[ 2015-08-10T16:36:30+08:00 ] 127.0.0.1 /duk/index.php/User/getUserInfo
INFO: [ app_begin ] --START--
INFO: Run Behavior\ReadHtmlCacheBehavior [ RunTime:0.000304s ]
INFO: [ app_begin ] --END-- [ RunTime:0.000583s ]
SQL: SHOW COLUMNS FROM `user` [ RunTime:0.0022s ]
SQL: SELECT * FROM `user` WHERE `uid` = '5' LIMIT 1   [ RunTime:0.0002s ]

[ 2015-08-10T16:36:35+08:00 ] 127.0.0.1 /duk/index.php/Question/queryUser
INFO: [ app_begin ] --START--
INFO: Run Behavior\ReadHtmlCacheBehavior [ RunTime:0.000657s ]
INFO: [ app_begin ] --END-- [ RunTime:0.001199s ]
SQL: SHOW COLUMNS FROM `user` [ RunTime:0.0019s ]
SQL: SELECT COUNT(*) AS tp_count FROM `user` WHERE ( state=0 ) LIMIT 1   [ RunTime:0.0002s ]
SQL: SELECT * FROM `user` WHERE ( state=0 ) ORDER BY uid LIMIT 0,6   [ RunTime:0.0002s ]

[ 2015-08-10T16:36:37+08:00 ] 127.0.0.1 /duk/index.php/User/getUid
INFO: [ app_begin ] --START--
INFO: Run Behavior\ReadHtmlCacheBehavior [ RunTime:0.000231s ]
INFO: [ app_begin ] --END-- [ RunTime:0.000415s ]

[ 2015-08-10T16:36:37+08:00 ] 127.0.0.1 /duk/index.php/User/getUserInfo
INFO: [ app_begin ] --START--
INFO: Run Behavior\ReadHtmlCacheBehavior [ RunTime:0.000247s ]
INFO: [ app_begin ] --END-- [ RunTime:0.000461s ]
SQL: SHOW COLUMNS FROM `user` [ RunTime:0.0038s ]
SQL: SELECT * FROM `user` WHERE `uid` = '1' LIMIT 1   [ RunTime:0.0005s ]

[ 2015-08-10T16:36:37+08:00 ] 127.0.0.1 /duk/index.php/Question/queryAll
INFO: [ app_begin ] --START--
INFO: Run Behavior\ReadHtmlCacheBehavior [ RunTime:0.000380s ]
INFO: [ app_begin ] --END-- [ RunTime:0.000663s ]
SQL: SHOW COLUMNS FROM `question` [ RunTime:0.0034s ]
SQL: SELECT COUNT(*) AS tp_count FROM `question` WHERE ( state=0 ) LIMIT 1   [ RunTime:0.0002s ]
SQL: SELECT * FROM `question` WHERE ( state=0 ) ORDER BY createTime LIMIT 0,2   [ RunTime:0.0002s ]

[ 2015-08-10T16:36:39+08:00 ] 127.0.0.1 /duk/index.php/Question/queryOne
INFO: [ app_begin ] --START--
INFO: Run Behavior\ReadHtmlCacheBehavior [ RunTime:0.000237s ]
INFO: [ app_begin ] --END-- [ RunTime:0.000421s ]
SQL: SHOW COLUMNS FROM `question` [ RunTime:0.0044s ]
SQL: SELECT * FROM `question` WHERE `qid` = '1' LIMIT 1   [ RunTime:0.0008s ]

[ 2015-08-10T16:36:47+08:00 ] 127.0.0.1 /duk/index.php/Question/queryOne
INFO: [ app_begin ] --START--
INFO: Run Behavior\ReadHtmlCacheBehavior [ RunTime:0.000249s ]
INFO: [ app_begin ] --END-- [ RunTime:0.000457s ]
SQL: SHOW COLUMNS FROM `question` [ RunTime:0.0024s ]
SQL: SELECT * FROM `question` WHERE `qid` = '1' LIMIT 1   [ RunTime:0.0004s ]

