[ 2015-08-11T23:31:51+08:00 ] 127.0.0.1 /duk/index.php/User/getUid
INFO: [ app_begin ] --START--
INFO: Run Behavior\ReadHtmlCacheBehavior [ RunTime:0.001741s ]
INFO: [ app_begin ] --END-- [ RunTime:0.003575s ]

[ 2015-08-11T23:31:51+08:00 ] 127.0.0.1 /duk/index.php/Question/queryUser
INFO: [ app_begin ] --START--
INFO: Run Behavior\ReadHtmlCacheBehavior [ RunTime:0.001895s ]
INFO: [ app_begin ] --END-- [ RunTime:0.003647s ]
SQL: SHOW COLUMNS FROM `user` [ RunTime:0.0538s ]
SQL: SELECT COUNT(*) AS tp_count FROM `user` WHERE ( state=0 ) LIMIT 1   [ RunTime:0.0137s ]
SQL: SELECT * FROM `user` WHERE ( state=0 ) ORDER BY uid LIMIT 0,6   [ RunTime:0.0032s ]

[ 2015-08-11T23:31:51+08:00 ] 127.0.0.1 /duk/index.php/User/getUserInfo
INFO: [ app_begin ] --START--
INFO: Run Behavior\ReadHtmlCacheBehavior [ RunTime:0.000578s ]
INFO: [ app_begin ] --END-- [ RunTime:0.000987s ]
SQL: SHOW COLUMNS FROM `user` [ RunTime:0.0026s ]
SQL: SELECT * FROM `user` WHERE `uid` = '1' LIMIT 1   [ RunTime:0.0011s ]

[ 2015-08-11T23:31:53+08:00 ] 127.0.0.1 /duk/index.php/User/getUid
INFO: [ app_begin ] --START--
INFO: Run Behavior\ReadHtmlCacheBehavior [ RunTime:0.000354s ]
INFO: [ app_begin ] --END-- [ RunTime:0.000619s ]

[ 2015-08-11T23:31:53+08:00 ] 127.0.0.1 /duk/index.php/User/getUid
INFO: [ app_begin ] --START--
INFO: Run Behavior\ReadHtmlCacheBehavior [ RunTime:0.000236s ]
INFO: [ app_begin ] --END-- [ RunTime:0.000423s ]

[ 2015-08-11T23:31:53+08:00 ] 127.0.0.1 /duk/index.php/User/getUserInfo
INFO: [ app_begin ] --START--
INFO: Run Behavior\ReadHtmlCacheBehavior [ RunTime:0.000381s ]
INFO: [ app_begin ] --END-- [ RunTime:0.000669s ]
SQL: SHOW COLUMNS FROM `user` [ RunTime:0.0025s ]
SQL: SELECT * FROM `user` WHERE `uid` = '1' LIMIT 1   [ RunTime:0.0004s ]

[ 2015-08-11T23:31:53+08:00 ] 127.0.0.1 /duk/index.php/User/getUserInfo
INFO: [ app_begin ] --START--
INFO: Run Behavior\ReadHtmlCacheBehavior [ RunTime:0.000383s ]
INFO: [ app_begin ] --END-- [ RunTime:0.000665s ]
SQL: SHOW COLUMNS FROM `user` [ RunTime:0.0017s ]
SQL: SELECT * FROM `user` WHERE `uid` = '1' LIMIT 1   [ RunTime:0.0007s ]

[ 2015-08-11T23:31:53+08:00 ] 127.0.0.1 /duk/index.php/Question/queryAll
INFO: [ app_begin ] --START--
INFO: Run Behavior\ReadHtmlCacheBehavior [ RunTime:0.000260s ]
INFO: [ app_begin ] --END-- [ RunTime:0.000502s ]
SQL: SHOW COLUMNS FROM `question` [ RunTime:0.0032s ]
SQL: SELECT COUNT(*) AS tp_count FROM `question` WHERE ( state=0 ) LIMIT 1   [ RunTime:0.0007s ]
SQL: SELECT * FROM `question` WHERE ( state=0 ) ORDER BY createTime LIMIT 0,2   [ RunTime:0.0023s ]

[ 2015-08-11T23:31:57+08:00 ] 127.0.0.1 /duk/index.php/User/getUid
INFO: [ app_begin ] --START--
INFO: Run Behavior\ReadHtmlCacheBehavior [ RunTime:0.000402s ]
INFO: [ app_begin ] --END-- [ RunTime:0.000729s ]

[ 2015-08-11T23:31:57+08:00 ] 127.0.0.1 /duk/index.php/Question/queryOne
INFO: [ app_begin ] --START--
INFO: Run Behavior\ReadHtmlCacheBehavior [ RunTime:0.000395s ]
INFO: [ app_begin ] --END-- [ RunTime:0.000743s ]
SQL: SHOW COLUMNS FROM `question` [ RunTime:0.0023s ]
SQL: SELECT * FROM `question` WHERE `qid` = '1' LIMIT 1   [ RunTime:0.0004s ]

[ 2015-08-11T23:31:57+08:00 ] 127.0.0.1 /duk/index.php/User/getUserInfo
INFO: [ app_begin ] --START--
INFO: Run Behavior\ReadHtmlCacheBehavior [ RunTime:0.000408s ]
INFO: [ app_begin ] --END-- [ RunTime:0.000731s ]
SQL: SHOW COLUMNS FROM `user` [ RunTime:0.0028s ]
SQL: SELECT * FROM `user` WHERE `uid` = '1' LIMIT 1   [ RunTime:0.0006s ]

[ 2015-08-11T23:32:02+08:00 ] 127.0.0.1 /duk/index.php/User/getUid
INFO: [ app_begin ] --START--
INFO: Run Behavior\ReadHtmlCacheBehavior [ RunTime:0.000374s ]
INFO: [ app_begin ] --END-- [ RunTime:0.000655s ]

[ 2015-08-11T23:32:02+08:00 ] 127.0.0.1 /duk/index.php/Question/queryOne
INFO: [ app_begin ] --START--
INFO: Run Behavior\ReadHtmlCacheBehavior [ RunTime:0.000244s ]
INFO: [ app_begin ] --END-- [ RunTime:0.000426s ]
SQL: SHOW COLUMNS FROM `question` [ RunTime:0.0044s ]
SQL: SELECT * FROM `question` WHERE `qid` = '2' LIMIT 1   [ RunTime:0.0007s ]

[ 2015-08-11T23:32:02+08:00 ] 127.0.0.1 /duk/index.php/User/getUserInfo
INFO: [ app_begin ] --START--
INFO: Run Behavior\ReadHtmlCacheBehavior [ RunTime:0.000239s ]
INFO: [ app_begin ] --END-- [ RunTime:0.000425s ]
SQL: SHOW COLUMNS FROM `user` [ RunTime:0.0038s ]
SQL: SELECT * FROM `user` WHERE `uid` = '1' LIMIT 1   [ RunTime:0.0005s ]

[ 2015-08-11T23:32:11+08:00 ] 127.0.0.1 /duk/index.php/User/getUid
INFO: [ app_begin ] --START--
INFO: Run Behavior\ReadHtmlCacheBehavior [ RunTime:0.000366s ]
INFO: [ app_begin ] --END-- [ RunTime:0.000607s ]

[ 2015-08-11T23:32:12+08:00 ] 127.0.0.1 /duk/index.php/User/getUserInfo
INFO: [ app_begin ] --START--
INFO: Run Behavior\ReadHtmlCacheBehavior [ RunTime:0.000397s ]
INFO: [ app_begin ] --END-- [ RunTime:0.000822s ]
SQL: SHOW COLUMNS FROM `user` [ RunTime:0.0024s ]
SQL: SELECT * FROM `user` WHERE `uid` = '1' LIMIT 1   [ RunTime:0.0020s ]

[ 2015-08-11T23:32:53+08:00 ] 127.0.0.1 /duk/index.php/Question/reply
INFO: [ app_begin ] --START--
INFO: Run Behavior\ReadHtmlCacheBehavior [ RunTime:0.000339s ]
INFO: [ app_begin ] --END-- [ RunTime:0.000555s ]
SQL: SHOW COLUMNS FROM `qreply` [ RunTime:0.0024s ]
SQL: INSERT INTO `qreply` (`content`,`qid`,`createTime`,`uid`,`zan`) VALUES ('','2','2015-08-11 23:32:53','1','0') [ RunTime:0.0053s ]
INFO: [ app_end ] --START--
INFO: Run Behavior\ShowPageTraceBehavior [ RunTime:0.000640s ]
INFO: [ app_end ] --END-- [ RunTime:0.000687s ]

[ 2015-08-11T23:32:53+08:00 ] 127.0.0.1 /duk/index.php/User/getUid
INFO: [ app_begin ] --START--
INFO: Run Behavior\ReadHtmlCacheBehavior [ RunTime:0.000399s ]
INFO: [ app_begin ] --END-- [ RunTime:0.000693s ]

[ 2015-08-11T23:32:53+08:00 ] 127.0.0.1 /duk/index.php/Question/queryUser
INFO: [ app_begin ] --START--
INFO: Run Behavior\ReadHtmlCacheBehavior [ RunTime:0.000614s ]
INFO: [ app_begin ] --END-- [ RunTime:0.000937s ]
SQL: SHOW COLUMNS FROM `user` [ RunTime:0.0036s ]
SQL: SELECT COUNT(*) AS tp_count FROM `user` WHERE ( state=0 ) LIMIT 1   [ RunTime:0.0004s ]
SQL: SELECT * FROM `user` WHERE ( state=0 ) ORDER BY uid LIMIT 0,6   [ RunTime:0.0004s ]

[ 2015-08-11T23:32:53+08:00 ] 127.0.0.1 /duk/index.php/User/getUserInfo
INFO: [ app_begin ] --START--
INFO: Run Behavior\ReadHtmlCacheBehavior [ RunTime:0.000392s ]
INFO: [ app_begin ] --END-- [ RunTime:0.000693s ]
SQL: SHOW COLUMNS FROM `user` [ RunTime:0.0018s ]
SQL: SELECT * FROM `user` WHERE `uid` = '1' LIMIT 1   [ RunTime:0.0003s ]

[ 2015-08-11T23:32:54+08:00 ] 127.0.0.1 /duk/index.php/User/getUid
INFO: [ app_begin ] --START--
INFO: Run Behavior\ReadHtmlCacheBehavior [ RunTime:0.000886s ]
INFO: [ app_begin ] --END-- [ RunTime:0.001339s ]

[ 2015-08-11T23:32:54+08:00 ] 127.0.0.1 /duk/index.php/User/getUid
INFO: [ app_begin ] --START--
INFO: Run Behavior\ReadHtmlCacheBehavior [ RunTime:0.000742s ]
INFO: [ app_begin ] --END-- [ RunTime:0.001209s ]

[ 2015-08-11T23:32:54+08:00 ] 127.0.0.1 /duk/index.php/User/getUserInfo
INFO: [ app_begin ] --START--
INFO: Run Behavior\ReadHtmlCacheBehavior [ RunTime:0.000424s ]
INFO: [ app_begin ] --END-- [ RunTime:0.000732s ]
SQL: SHOW COLUMNS FROM `user` [ RunTime:0.0021s ]
SQL: SELECT * FROM `user` WHERE `uid` = '1' LIMIT 1   [ RunTime:0.0003s ]

[ 2015-08-11T23:32:54+08:00 ] 127.0.0.1 /duk/index.php/User/getUserInfo
INFO: [ app_begin ] --START--
INFO: Run Behavior\ReadHtmlCacheBehavior [ RunTime:0.000554s ]
INFO: [ app_begin ] --END-- [ RunTime:0.001091s ]
SQL: SHOW COLUMNS FROM `user` [ RunTime:0.0028s ]
SQL: SELECT * FROM `user` WHERE `uid` = '1' LIMIT 1   [ RunTime:0.0005s ]

[ 2015-08-11T23:32:54+08:00 ] 127.0.0.1 /duk/index.php/Question/queryAll
INFO: [ app_begin ] --START--
INFO: Run Behavior\ReadHtmlCacheBehavior [ RunTime:0.000286s ]
INFO: [ app_begin ] --END-- [ RunTime:0.000525s ]
SQL: SHOW COLUMNS FROM `question` [ RunTime:0.0020s ]
SQL: SELECT COUNT(*) AS tp_count FROM `question` WHERE ( state=0 ) LIMIT 1   [ RunTime:0.0002s ]
SQL: SELECT * FROM `question` WHERE ( state=0 ) ORDER BY createTime LIMIT 0,2   [ RunTime:0.0003s ]

[ 2015-08-11T23:32:57+08:00 ] 127.0.0.1 /duk/index.php/User/getUid
INFO: [ app_begin ] --START--
INFO: Run Behavior\ReadHtmlCacheBehavior [ RunTime:0.000235s ]
INFO: [ app_begin ] --END-- [ RunTime:0.000414s ]

[ 2015-08-11T23:32:57+08:00 ] 127.0.0.1 /duk/index.php/Question/queryOne
INFO: [ app_begin ] --START--
INFO: Run Behavior\ReadHtmlCacheBehavior [ RunTime:0.000241s ]
INFO: [ app_begin ] --END-- [ RunTime:0.000444s ]
SQL: SHOW COLUMNS FROM `question` [ RunTime:0.0036s ]
SQL: SELECT * FROM `question` WHERE `qid` = '2' LIMIT 1   [ RunTime:0.0005s ]

[ 2015-08-11T23:32:57+08:00 ] 127.0.0.1 /duk/index.php/User/getUserInfo
INFO: [ app_begin ] --START--
INFO: Run Behavior\ReadHtmlCacheBehavior [ RunTime:0.000412s ]
INFO: [ app_begin ] --END-- [ RunTime:0.000750s ]
SQL: SHOW COLUMNS FROM `user` [ RunTime:0.0028s ]
SQL: SELECT * FROM `user` WHERE `uid` = '1' LIMIT 1   [ RunTime:0.0006s ]

[ 2015-08-11T23:33:02+08:00 ] 127.0.0.1 /duk/index.php/User/getUid
INFO: [ app_begin ] --START--
INFO: Run Behavior\ReadHtmlCacheBehavior [ RunTime:0.000481s ]
INFO: [ app_begin ] --END-- [ RunTime:0.000691s ]

[ 2015-08-11T23:33:02+08:00 ] 127.0.0.1 /duk/index.php/User/getUserInfo
INFO: [ app_begin ] --START--
INFO: Run Behavior\ReadHtmlCacheBehavior [ RunTime:0.000408s ]
INFO: [ app_begin ] --END-- [ RunTime:0.000842s ]
SQL: SHOW COLUMNS FROM `user` [ RunTime:0.0026s ]
SQL: SELECT * FROM `user` WHERE `uid` = '1' LIMIT 1   [ RunTime:0.0004s ]

[ 2015-08-11T23:33:06+08:00 ] 127.0.0.1 /duk/index.php/Question/reply
INFO: [ app_begin ] --START--
INFO: Run Behavior\ReadHtmlCacheBehavior [ RunTime:0.000219s ]
INFO: [ app_begin ] --END-- [ RunTime:0.000383s ]
SQL: SHOW COLUMNS FROM `qreply` [ RunTime:0.0023s ]
SQL: INSERT INTO `qreply` (`content`,`qid`,`createTime`,`uid`,`zan`) VALUES ('sadsa','2','2015-08-11 23:33:06','1','0') [ RunTime:0.0021s ]
INFO: [ app_end ] --START--
INFO: Run Behavior\ShowPageTraceBehavior [ RunTime:0.000938s ]
INFO: [ app_end ] --END-- [ RunTime:0.001105s ]

[ 2015-08-11T23:33:06+08:00 ] 127.0.0.1 /duk/index.php/User/getUid
INFO: [ app_begin ] --START--
INFO: Run Behavior\ReadHtmlCacheBehavior [ RunTime:0.000490s ]
INFO: [ app_begin ] --END-- [ RunTime:0.000818s ]

[ 2015-08-11T23:33:06+08:00 ] 127.0.0.1 /duk/index.php/Question/queryUser
INFO: [ app_begin ] --START--
INFO: Run Behavior\ReadHtmlCacheBehavior [ RunTime:0.000509s ]
INFO: [ app_begin ] --END-- [ RunTime:0.000810s ]
SQL: SHOW COLUMNS FROM `user` [ RunTime:0.0040s ]
SQL: SELECT COUNT(*) AS tp_count FROM `user` WHERE ( state=0 ) LIMIT 1   [ RunTime:0.0004s ]
SQL: SELECT * FROM `user` WHERE ( state=0 ) ORDER BY uid LIMIT 0,6   [ RunTime:0.0004s ]

[ 2015-08-11T23:33:06+08:00 ] 127.0.0.1 /duk/index.php/User/getUserInfo
INFO: [ app_begin ] --START--
INFO: Run Behavior\ReadHtmlCacheBehavior [ RunTime:0.000228s ]
INFO: [ app_begin ] --END-- [ RunTime:0.000405s ]
SQL: SHOW COLUMNS FROM `user` [ RunTime:0.0039s ]
SQL: SELECT * FROM `user` WHERE `uid` = '1' LIMIT 1   [ RunTime:0.0007s ]

[ 2015-08-11T23:33:08+08:00 ] 127.0.0.1 /duk/index.php/User/getUid
INFO: [ app_begin ] --START--
INFO: Run Behavior\ReadHtmlCacheBehavior [ RunTime:0.000383s ]
INFO: [ app_begin ] --END-- [ RunTime:0.000668s ]

[ 2015-08-11T23:33:08+08:00 ] 127.0.0.1 /duk/index.php/User/getUid
INFO: [ app_begin ] --START--
INFO: Run Behavior\ReadHtmlCacheBehavior [ RunTime:0.000324s ]
INFO: [ app_begin ] --END-- [ RunTime:0.000567s ]

[ 2015-08-11T23:33:08+08:00 ] 127.0.0.1 /duk/index.php/User/getUserInfo
INFO: [ app_begin ] --START--
INFO: Run Behavior\ReadHtmlCacheBehavior [ RunTime:0.000567s ]
INFO: [ app_begin ] --END-- [ RunTime:0.001130s ]
SQL: SHOW COLUMNS FROM `user` [ RunTime:0.0023s ]
SQL: SELECT * FROM `user` WHERE `uid` = '1' LIMIT 1   [ RunTime:0.0002s ]

[ 2015-08-11T23:33:08+08:00 ] 127.0.0.1 /duk/index.php/User/getUserInfo
INFO: [ app_begin ] --START--
INFO: Run Behavior\ReadHtmlCacheBehavior [ RunTime:0.000234s ]
INFO: [ app_begin ] --END-- [ RunTime:0.000438s ]
SQL: SHOW COLUMNS FROM `user` [ RunTime:0.0020s ]
SQL: SELECT * FROM `user` WHERE `uid` = '1' LIMIT 1   [ RunTime:0.0004s ]

[ 2015-08-11T23:33:08+08:00 ] 127.0.0.1 /duk/index.php/Question/queryAll
INFO: [ app_begin ] --START--
INFO: Run Behavior\ReadHtmlCacheBehavior [ RunTime:0.000481s ]
INFO: [ app_begin ] --END-- [ RunTime:0.000830s ]
SQL: SHOW COLUMNS FROM `question` [ RunTime:0.0024s ]
SQL: SELECT COUNT(*) AS tp_count FROM `question` WHERE ( state=0 ) LIMIT 1   [ RunTime:0.0002s ]
SQL: SELECT * FROM `question` WHERE ( state=0 ) ORDER BY createTime LIMIT 0,2   [ RunTime:0.0003s ]

[ 2015-08-11T23:33:09+08:00 ] 127.0.0.1 /duk/index.php/User/getUid
INFO: [ app_begin ] --START--
INFO: Run Behavior\ReadHtmlCacheBehavior [ RunTime:0.000366s ]
INFO: [ app_begin ] --END-- [ RunTime:0.000626s ]

[ 2015-08-11T23:33:09+08:00 ] 127.0.0.1 /duk/index.php/Question/queryOne
INFO: [ app_begin ] --START--
INFO: Run Behavior\ReadHtmlCacheBehavior [ RunTime:0.000266s ]
INFO: [ app_begin ] --END-- [ RunTime:0.000481s ]
SQL: SHOW COLUMNS FROM `question` [ RunTime:0.0043s ]
SQL: SELECT * FROM `question` WHERE `qid` = '2' LIMIT 1   [ RunTime:0.0003s ]

[ 2015-08-11T23:33:09+08:00 ] 127.0.0.1 /duk/index.php/User/getUserInfo
INFO: [ app_begin ] --START--
INFO: Run Behavior\ReadHtmlCacheBehavior [ RunTime:0.000463s ]
INFO: [ app_begin ] --END-- [ RunTime:0.000987s ]
SQL: SHOW COLUMNS FROM `user` [ RunTime:0.0036s ]
SQL: SELECT * FROM `user` WHERE `uid` = '1' LIMIT 1   [ RunTime:0.0004s ]

[ 2015-08-11T23:33:14+08:00 ] 127.0.0.1 /duk/index.php/User/getUid
INFO: [ app_begin ] --START--
INFO: Run Behavior\ReadHtmlCacheBehavior [ RunTime:0.000463s ]
INFO: [ app_begin ] --END-- [ RunTime:0.000840s ]

[ 2015-08-11T23:33:14+08:00 ] 127.0.0.1 /duk/index.php/User/getUserInfo
INFO: [ app_begin ] --START--
INFO: Run Behavior\ReadHtmlCacheBehavior [ RunTime:0.000828s ]
INFO: [ app_begin ] --END-- [ RunTime:0.001159s ]
SQL: SHOW COLUMNS FROM `user` [ RunTime:0.0038s ]
SQL: SELECT * FROM `user` WHERE `uid` = '1' LIMIT 1   [ RunTime:0.0003s ]

[ 2015-08-11T23:33:45+08:00 ] 127.0.0.1 /duk/index.php/Question/queryOne
INFO: [ app_begin ] --START--
INFO: Run Behavior\ReadHtmlCacheBehavior [ RunTime:0.000242s ]
INFO: [ app_begin ] --END-- [ RunTime:0.000414s ]
SQL: SHOW COLUMNS FROM `question` [ RunTime:0.0020s ]
SQL: SELECT * FROM `question` WHERE `qid` = '1' LIMIT 1   [ RunTime:0.0004s ]

[ 2015-08-11T23:33:45+08:00 ] 127.0.0.1 /duk/index.php/User/getUid
INFO: [ app_begin ] --START--
INFO: Run Behavior\ReadHtmlCacheBehavior [ RunTime:0.000285s ]
INFO: [ app_begin ] --END-- [ RunTime:0.000484s ]

[ 2015-08-11T23:33:45+08:00 ] 127.0.0.1 /duk/index.php/User/getUserInfo
INFO: [ app_begin ] --START--
INFO: Run Behavior\ReadHtmlCacheBehavior [ RunTime:0.000578s ]
INFO: [ app_begin ] --END-- [ RunTime:0.000966s ]
SQL: SHOW COLUMNS FROM `user` [ RunTime:0.0039s ]
SQL: SELECT * FROM `user` WHERE `uid` = '1' LIMIT 1   [ RunTime:0.0009s ]

[ 2015-08-11T23:34:15+08:00 ] 127.0.0.1 /duk/index.php/User/getUid
INFO: [ app_begin ] --START--
INFO: Run Behavior\ReadHtmlCacheBehavior [ RunTime:0.000281s ]
INFO: [ app_begin ] --END-- [ RunTime:0.000553s ]

[ 2015-08-11T23:34:15+08:00 ] 127.0.0.1 /duk/index.php/Question/queryUser
INFO: [ app_begin ] --START--
INFO: Run Behavior\ReadHtmlCacheBehavior [ RunTime:0.000513s ]
INFO: [ app_begin ] --END-- [ RunTime:0.001081s ]
SQL: SHOW COLUMNS FROM `user` [ RunTime:0.0025s ]
SQL: SELECT COUNT(*) AS tp_count FROM `user` WHERE ( state=0 ) LIMIT 1   [ RunTime:0.0004s ]
SQL: SELECT * FROM `user` WHERE ( state=0 ) ORDER BY uid LIMIT 0,6   [ RunTime:0.0004s ]

[ 2015-08-11T23:34:15+08:00 ] 127.0.0.1 /duk/index.php/User/getUserInfo
INFO: [ app_begin ] --START--
INFO: Run Behavior\ReadHtmlCacheBehavior [ RunTime:0.000319s ]
INFO: [ app_begin ] --END-- [ RunTime:0.000586s ]
SQL: SHOW COLUMNS FROM `user` [ RunTime:0.0042s ]
SQL: SELECT * FROM `user` WHERE `uid` = '1' LIMIT 1   [ RunTime:0.0005s ]

[ 2015-08-11T23:34:18+08:00 ] 127.0.0.1 /duk/index.php/User/getUid
INFO: [ app_begin ] --START--
INFO: Run Behavior\ReadHtmlCacheBehavior [ RunTime:0.000368s ]
INFO: [ app_begin ] --END-- [ RunTime:0.000634s ]

[ 2015-08-11T23:34:18+08:00 ] 127.0.0.1 /duk/index.php/User/getUserInfo
INFO: [ app_begin ] --START--
INFO: Run Behavior\ReadHtmlCacheBehavior [ RunTime:0.000368s ]
INFO: [ app_begin ] --END-- [ RunTime:0.000763s ]
SQL: SHOW COLUMNS FROM `user` [ RunTime:0.0022s ]
SQL: SELECT * FROM `user` WHERE `uid` = '1' LIMIT 1   [ RunTime:0.0004s ]

[ 2015-08-11T23:34:28+08:00 ] 127.0.0.1 /duk/index.php/User/getUid
INFO: [ app_begin ] --START--
INFO: Run Behavior\ReadHtmlCacheBehavior [ RunTime:0.000394s ]
INFO: [ app_begin ] --END-- [ RunTime:0.000708s ]

[ 2015-08-11T23:34:28+08:00 ] 127.0.0.1 /duk/index.php/Question/queryUser
INFO: [ app_begin ] --START--
INFO: Run Behavior\ReadHtmlCacheBehavior [ RunTime:0.000632s ]
INFO: [ app_begin ] --END-- [ RunTime:0.001148s ]
SQL: SHOW COLUMNS FROM `user` [ RunTime:0.0034s ]
SQL: SELECT COUNT(*) AS tp_count FROM `user` WHERE ( state=0 ) LIMIT 1   [ RunTime:0.0002s ]
SQL: SELECT * FROM `user` WHERE ( state=0 ) ORDER BY uid LIMIT 0,6   [ RunTime:0.0002s ]

[ 2015-08-11T23:34:29+08:00 ] 127.0.0.1 /duk/index.php/User/getUserInfo
INFO: [ app_begin ] --START--
INFO: Run Behavior\ReadHtmlCacheBehavior [ RunTime:0.000341s ]
INFO: [ app_begin ] --END-- [ RunTime:0.000654s ]
SQL: SHOW COLUMNS FROM `user` [ RunTime:0.0038s ]
SQL: SELECT * FROM `user` WHERE `uid` = '1' LIMIT 1   [ RunTime:0.0003s ]

[ 2015-08-11T23:34:32+08:00 ] 127.0.0.1 /duk/index.php/User/getUid
INFO: [ app_begin ] --START--
INFO: Run Behavior\ReadHtmlCacheBehavior [ RunTime:0.000238s ]
INFO: [ app_begin ] --END-- [ RunTime:0.000419s ]

[ 2015-08-11T23:34:32+08:00 ] 127.0.0.1 /duk/index.php/User/getUid
INFO: [ app_begin ] --START--
INFO: Run Behavior\ReadHtmlCacheBehavior [ RunTime:0.000240s ]
INFO: [ app_begin ] --END-- [ RunTime:0.000445s ]

[ 2015-08-11T23:34:32+08:00 ] 127.0.0.1 /duk/index.php/User/getUserInfo
INFO: [ app_begin ] --START--
INFO: Run Behavior\ReadHtmlCacheBehavior [ RunTime:0.000389s ]
INFO: [ app_begin ] --END-- [ RunTime:0.000670s ]
SQL: SHOW COLUMNS FROM `user` [ RunTime:0.0021s ]
SQL: SELECT * FROM `user` WHERE `uid` = '1' LIMIT 1   [ RunTime:0.0002s ]

[ 2015-08-11T23:34:32+08:00 ] 127.0.0.1 /duk/index.php/User/getUserInfo
INFO: [ app_begin ] --START--
INFO: Run Behavior\ReadHtmlCacheBehavior [ RunTime:0.000280s ]
INFO: [ app_begin ] --END-- [ RunTime:0.000480s ]
SQL: SHOW COLUMNS FROM `user` [ RunTime:0.0037s ]
SQL: SELECT * FROM `user` WHERE `uid` = '1' LIMIT 1   [ RunTime:0.0002s ]

[ 2015-08-11T23:34:32+08:00 ] 127.0.0.1 /duk/index.php/Question/queryAll
INFO: [ app_begin ] --START--
INFO: Run Behavior\ReadHtmlCacheBehavior [ RunTime:0.000498s ]
INFO: [ app_begin ] --END-- [ RunTime:0.000856s ]
SQL: SHOW COLUMNS FROM `question` [ RunTime:0.0023s ]
SQL: SELECT COUNT(*) AS tp_count FROM `question` WHERE ( state=0 ) LIMIT 1   [ RunTime:0.0002s ]
SQL: SELECT * FROM `question` WHERE ( state=0 ) ORDER BY createTime LIMIT 0,2   [ RunTime:0.0003s ]

[ 2015-08-11T23:34:43+08:00 ] 127.0.0.1 /duk/index.php/User/getUid
INFO: [ app_begin ] --START--
INFO: Run Behavior\ReadHtmlCacheBehavior [ RunTime:0.000447s ]
INFO: [ app_begin ] --END-- [ RunTime:0.000743s ]

[ 2015-08-11T23:34:43+08:00 ] 127.0.0.1 /duk/index.php/Question/queryUser
INFO: [ app_begin ] --START--
INFO: Run Behavior\ReadHtmlCacheBehavior [ RunTime:0.000736s ]
INFO: [ app_begin ] --END-- [ RunTime:0.001281s ]
SQL: SHOW COLUMNS FROM `user` [ RunTime:0.0027s ]
SQL: SELECT COUNT(*) AS tp_count FROM `user` WHERE ( state=0 ) LIMIT 1   [ RunTime:0.0003s ]
SQL: SELECT * FROM `user` WHERE ( state=0 ) ORDER BY uid LIMIT 0,6   [ RunTime:0.0002s ]

[ 2015-08-11T23:34:43+08:00 ] 127.0.0.1 /duk/index.php/User/getUserInfo
INFO: [ app_begin ] --START--
INFO: Run Behavior\ReadHtmlCacheBehavior [ RunTime:0.000289s ]
INFO: [ app_begin ] --END-- [ RunTime:0.000589s ]
SQL: SHOW COLUMNS FROM `user` [ RunTime:0.0041s ]
SQL: SELECT * FROM `user` WHERE `uid` = '1' LIMIT 1   [ RunTime:0.0002s ]

[ 2015-08-11T23:34:44+08:00 ] 127.0.0.1 /duk/index.php/User/getUid
INFO: [ app_begin ] --START--
INFO: Run Behavior\ReadHtmlCacheBehavior [ RunTime:0.000359s ]
INFO: [ app_begin ] --END-- [ RunTime:0.000632s ]

[ 2015-08-11T23:34:44+08:00 ] 127.0.0.1 /duk/index.php/User/getUid
INFO: [ app_begin ] --START--
INFO: Run Behavior\ReadHtmlCacheBehavior [ RunTime:0.000301s ]
INFO: [ app_begin ] --END-- [ RunTime:0.000639s ]

[ 2015-08-11T23:34:44+08:00 ] 127.0.0.1 /duk/index.php/User/getUserInfo
INFO: [ app_begin ] --START--
INFO: Run Behavior\ReadHtmlCacheBehavior [ RunTime:0.000376s ]
INFO: [ app_begin ] --END-- [ RunTime:0.000648s ]
SQL: SHOW COLUMNS FROM `user` [ RunTime:0.0023s ]
SQL: SELECT * FROM `user` WHERE `uid` = '1' LIMIT 1   [ RunTime:0.0004s ]

[ 2015-08-11T23:34:44+08:00 ] 127.0.0.1 /duk/index.php/User/getUserInfo
INFO: [ app_begin ] --START--
INFO: Run Behavior\ReadHtmlCacheBehavior [ RunTime:0.000673s ]
INFO: [ app_begin ] --END-- [ RunTime:0.001136s ]
SQL: SHOW COLUMNS FROM `user` [ RunTime:0.0048s ]
SQL: SELECT * FROM `user` WHERE `uid` = '1' LIMIT 1   [ RunTime:0.0005s ]

[ 2015-08-11T23:34:44+08:00 ] 127.0.0.1 /duk/index.php/Question/queryAll
INFO: [ app_begin ] --START--
INFO: Run Behavior\ReadHtmlCacheBehavior [ RunTime:0.000221s ]
INFO: [ app_begin ] --END-- [ RunTime:0.000388s ]
SQL: SHOW COLUMNS FROM `question` [ RunTime:0.0027s ]
SQL: SELECT COUNT(*) AS tp_count FROM `question` WHERE ( state=0 ) LIMIT 1   [ RunTime:0.0002s ]
SQL: SELECT * FROM `question` WHERE ( state=0 ) ORDER BY createTime LIMIT 0,2   [ RunTime:0.0014s ]

[ 2015-08-11T23:34:47+08:00 ] 127.0.0.1 /duk/index.php/User/getUid
INFO: [ app_begin ] --START--
INFO: Run Behavior\ReadHtmlCacheBehavior [ RunTime:0.000357s ]
INFO: [ app_begin ] --END-- [ RunTime:0.000624s ]

[ 2015-08-11T23:34:47+08:00 ] 127.0.0.1 /duk/index.php/User/getUid
INFO: [ app_begin ] --START--
INFO: Run Behavior\ReadHtmlCacheBehavior [ RunTime:0.000387s ]
INFO: [ app_begin ] --END-- [ RunTime:0.000689s ]

[ 2015-08-11T23:34:47+08:00 ] 127.0.0.1 /duk/index.php/User/getUserInfo
INFO: [ app_begin ] --START--
INFO: Run Behavior\ReadHtmlCacheBehavior [ RunTime:0.000374s ]
INFO: [ app_begin ] --END-- [ RunTime:0.000700s ]
SQL: SHOW COLUMNS FROM `user` [ RunTime:0.0040s ]
SQL: SELECT * FROM `user` WHERE `uid` = '1' LIMIT 1   [ RunTime:0.0003s ]

[ 2015-08-11T23:34:47+08:00 ] 127.0.0.1 /duk/index.php/Question/questionFollowList
INFO: [ app_begin ] --START--
INFO: Run Behavior\ReadHtmlCacheBehavior [ RunTime:0.000403s ]
INFO: [ app_begin ] --END-- [ RunTime:0.000698s ]
SQL: SHOW COLUMNS FROM `collectq` [ RunTime:0.0038s ]
SQL: SELECT * FROM `collectq` WHERE `uid` = ''  [ RunTime:0.0002s ]
NOTIC: [2] Invalid argument supplied for foreach() /Applications/XAMPP/xamppfiles/htdocs/duk/Application/Home/Controller/QuestionController.class.php 第 511 行.

[ 2015-08-11T23:34:47+08:00 ] 127.0.0.1 /duk/index.php/User/userFollowList
INFO: [ app_begin ] --START--
INFO: Run Behavior\ReadHtmlCacheBehavior [ RunTime:0.000515s ]
INFO: [ app_begin ] --END-- [ RunTime:0.000971s ]
SQL: SHOW COLUMNS FROM `follow` [ RunTime:0.0021s ]
SQL: SELECT * FROM `follow` WHERE `from_uid` = '1'  [ RunTime:0.0002s ]
NOTIC: [2] Invalid argument supplied for foreach() /Applications/XAMPP/xamppfiles/htdocs/duk/Application/Home/Controller/UserController.class.php 第 348 行.

[ 2015-08-11T23:34:47+08:00 ] 127.0.0.1 /duk/index.php/User/getUserInfo
INFO: [ app_begin ] --START--
INFO: Run Behavior\ReadHtmlCacheBehavior [ RunTime:0.000630s ]
INFO: [ app_begin ] --END-- [ RunTime:0.000941s ]
SQL: SHOW COLUMNS FROM `user` [ RunTime:0.0023s ]
SQL: SELECT * FROM `user` WHERE `uid` = '1' LIMIT 1   [ RunTime:0.0003s ]

[ 2015-08-11T23:34:57+08:00 ] 127.0.0.1 /duk/index.php/User/getUid
INFO: [ app_begin ] --START--
INFO: Run Behavior\ReadHtmlCacheBehavior [ RunTime:0.000288s ]
INFO: [ app_begin ] --END-- [ RunTime:0.000518s ]

[ 2015-08-11T23:34:57+08:00 ] 127.0.0.1 /duk/index.php/User/getUid
INFO: [ app_begin ] --START--
INFO: Run Behavior\ReadHtmlCacheBehavior [ RunTime:0.000369s ]
INFO: [ app_begin ] --END-- [ RunTime:0.000893s ]

[ 2015-08-11T23:34:57+08:00 ] 127.0.0.1 /duk/index.php/User/userFollowList
INFO: [ app_begin ] --START--
INFO: Run Behavior\ReadHtmlCacheBehavior [ RunTime:0.000517s ]
INFO: [ app_begin ] --END-- [ RunTime:0.000777s ]
SQL: SHOW COLUMNS FROM `follow` [ RunTime:0.0024s ]
SQL: SELECT * FROM `follow` WHERE `from_uid` = '1'  [ RunTime:0.0002s ]
NOTIC: [2] Invalid argument supplied for foreach() /Applications/XAMPP/xamppfiles/htdocs/duk/Application/Home/Controller/UserController.class.php 第 348 行.

[ 2015-08-11T23:34:57+08:00 ] 127.0.0.1 /duk/index.php/User/getUserInfo
INFO: [ app_begin ] --START--
INFO: Run Behavior\ReadHtmlCacheBehavior [ RunTime:0.000279s ]
INFO: [ app_begin ] --END-- [ RunTime:0.000518s ]
SQL: SHOW COLUMNS FROM `user` [ RunTime:0.0045s ]
SQL: SELECT * FROM `user` WHERE `uid` = '1' LIMIT 1   [ RunTime:0.0003s ]

[ 2015-08-11T23:34:59+08:00 ] 127.0.0.1 /duk/index.php/User/getUid
INFO: [ app_begin ] --START--
INFO: Run Behavior\ReadHtmlCacheBehavior [ RunTime:0.000307s ]
INFO: [ app_begin ] --END-- [ RunTime:0.000562s ]

[ 2015-08-11T23:34:59+08:00 ] 127.0.0.1 /duk/index.php/User/getUid
INFO: [ app_begin ] --START--
INFO: Run Behavior\ReadHtmlCacheBehavior [ RunTime:0.000426s ]
INFO: [ app_begin ] --END-- [ RunTime:0.000779s ]

[ 2015-08-11T23:34:59+08:00 ] 127.0.0.1 /duk/index.php/User/getUserInfo
INFO: [ app_begin ] --START--
INFO: Run Behavior\ReadHtmlCacheBehavior [ RunTime:0.000747s ]
INFO: [ app_begin ] --END-- [ RunTime:0.001345s ]
SQL: SHOW COLUMNS FROM `user` [ RunTime:0.0025s ]
SQL: SELECT * FROM `user` WHERE `uid` = '1' LIMIT 1   [ RunTime:0.0006s ]

[ 2015-08-11T23:34:59+08:00 ] 127.0.0.1 /duk/index.php/Question/questionFollowList
INFO: [ app_begin ] --START--
INFO: Run Behavior\ReadHtmlCacheBehavior [ RunTime:0.000612s ]
INFO: [ app_begin ] --END-- [ RunTime:0.001138s ]
SQL: SHOW COLUMNS FROM `collectq` [ RunTime:0.0021s ]
SQL: SELECT * FROM `collectq` WHERE `uid` = ''  [ RunTime:0.0003s ]
NOTIC: [2] Invalid argument supplied for foreach() /Applications/XAMPP/xamppfiles/htdocs/duk/Application/Home/Controller/QuestionController.class.php 第 511 行.

[ 2015-08-11T23:35:05+08:00 ] 127.0.0.1 /duk/index.php/User/getUid
INFO: [ app_begin ] --START--
INFO: Run Behavior\ReadHtmlCacheBehavior [ RunTime:0.000416s ]
INFO: [ app_begin ] --END-- [ RunTime:0.000790s ]

[ 2015-08-11T23:35:05+08:00 ] 127.0.0.1 /duk/index.php/User/getUid
INFO: [ app_begin ] --START--
INFO: Run Behavior\ReadHtmlCacheBehavior [ RunTime:0.000475s ]
INFO: [ app_begin ] --END-- [ RunTime:0.000811s ]

[ 2015-08-11T23:35:05+08:00 ] 127.0.0.1 /duk/index.php/User/getUserInfo
INFO: [ app_begin ] --START--
INFO: Run Behavior\ReadHtmlCacheBehavior [ RunTime:0.000659s ]
INFO: [ app_begin ] --END-- [ RunTime:0.001176s ]
SQL: SHOW COLUMNS FROM `user` [ RunTime:0.0038s ]
SQL: SELECT * FROM `user` WHERE `uid` = '1' LIMIT 1   [ RunTime:0.0004s ]

[ 2015-08-11T23:35:05+08:00 ] 127.0.0.1 /duk/index.php/User/userFollowList
INFO: [ app_begin ] --START--
INFO: Run Behavior\ReadHtmlCacheBehavior [ RunTime:0.000351s ]
INFO: [ app_begin ] --END-- [ RunTime:0.000616s ]
SQL: SHOW COLUMNS FROM `follow` [ RunTime:0.0030s ]
SQL: SELECT * FROM `follow` WHERE `from_uid` = '1'  [ RunTime:0.0003s ]
NOTIC: [2] Invalid argument supplied for foreach() /Applications/XAMPP/xamppfiles/htdocs/duk/Application/Home/Controller/UserController.class.php 第 348 行.

[ 2015-08-11T23:35:05+08:00 ] 127.0.0.1 /duk/index.php/User/getUserInfo
INFO: [ app_begin ] --START--
INFO: Run Behavior\ReadHtmlCacheBehavior [ RunTime:0.000388s ]
INFO: [ app_begin ] --END-- [ RunTime:0.000679s ]
SQL: SHOW COLUMNS FROM `user` [ RunTime:0.0024s ]
SQL: SELECT * FROM `user` WHERE `uid` = '1' LIMIT 1   [ RunTime:0.0004s ]

[ 2015-08-11T23:35:05+08:00 ] 127.0.0.1 /duk/index.php/Question/questionFollowList
INFO: [ app_begin ] --START--
INFO: Run Behavior\ReadHtmlCacheBehavior [ RunTime:0.000505s ]
INFO: [ app_begin ] --END-- [ RunTime:0.000993s ]
SQL: SHOW COLUMNS FROM `collectq` [ RunTime:0.0021s ]
SQL: SELECT * FROM `collectq` WHERE `uid` = ''  [ RunTime:0.0003s ]
NOTIC: [2] Invalid argument supplied for foreach() /Applications/XAMPP/xamppfiles/htdocs/duk/Application/Home/Controller/QuestionController.class.php 第 511 行.

[ 2015-08-11T23:35:08+08:00 ] 127.0.0.1 /duk/index.php/User/getUid
INFO: [ app_begin ] --START--
INFO: Run Behavior\ReadHtmlCacheBehavior [ RunTime:0.000411s ]
INFO: [ app_begin ] --END-- [ RunTime:0.000751s ]

[ 2015-08-11T23:35:08+08:00 ] 127.0.0.1 /duk/index.php/User/getUid
INFO: [ app_begin ] --START--
INFO: Run Behavior\ReadHtmlCacheBehavior [ RunTime:0.000331s ]
INFO: [ app_begin ] --END-- [ RunTime:0.000527s ]

[ 2015-08-11T23:35:09+08:00 ] 127.0.0.1 /duk/index.php/User/userFollowList
INFO: [ app_begin ] --START--
INFO: Run Behavior\ReadHtmlCacheBehavior [ RunTime:0.000350s ]
INFO: [ app_begin ] --END-- [ RunTime:0.000641s ]
SQL: SHOW COLUMNS FROM `follow` [ RunTime:0.0036s ]
SQL: SELECT * FROM `follow` WHERE `from_uid` = '1'  [ RunTime:0.0005s ]
NOTIC: [2] Invalid argument supplied for foreach() /Applications/XAMPP/xamppfiles/htdocs/duk/Application/Home/Controller/UserController.class.php 第 348 行.

[ 2015-08-11T23:35:09+08:00 ] 127.0.0.1 /duk/index.php/Question/questionFollowList
INFO: [ app_begin ] --START--
INFO: Run Behavior\ReadHtmlCacheBehavior [ RunTime:0.003867s ]
INFO: [ app_begin ] --END-- [ RunTime:0.004160s ]
SQL: SHOW COLUMNS FROM `collectq` [ RunTime:0.0020s ]
SQL: SELECT * FROM `collectq` WHERE `uid` = ''  [ RunTime:0.0002s ]
NOTIC: [2] Invalid argument supplied for foreach() /Applications/XAMPP/xamppfiles/htdocs/duk/Application/Home/Controller/QuestionController.class.php 第 511 行.

[ 2015-08-11T23:35:09+08:00 ] 127.0.0.1 /duk/index.php/User/getUserInfo
INFO: [ app_begin ] --START--
INFO: Run Behavior\ReadHtmlCacheBehavior [ RunTime:0.000760s ]
INFO: [ app_begin ] --END-- [ RunTime:0.001007s ]
SQL: SHOW COLUMNS FROM `user` [ RunTime:0.0038s ]
SQL: SELECT * FROM `user` WHERE `uid` = '1' LIMIT 1   [ RunTime:0.0005s ]

[ 2015-08-11T23:35:09+08:00 ] 127.0.0.1 /duk/index.php/User/getUserInfo
INFO: [ app_begin ] --START--
INFO: Run Behavior\ReadHtmlCacheBehavior [ RunTime:0.000349s ]
INFO: [ app_begin ] --END-- [ RunTime:0.000605s ]
SQL: SHOW COLUMNS FROM `user` [ RunTime:0.0022s ]
SQL: SELECT * FROM `user` WHERE `uid` = '1' LIMIT 1   [ RunTime:0.0003s ]

[ 2015-08-11T23:35:15+08:00 ] 127.0.0.1 /duk/index.php/User/getUid
INFO: [ app_begin ] --START--
INFO: Run Behavior\ReadHtmlCacheBehavior [ RunTime:0.000423s ]
INFO: [ app_begin ] --END-- [ RunTime:0.000708s ]

[ 2015-08-11T23:35:15+08:00 ] 127.0.0.1 /duk/index.php/Question/queryUser
INFO: [ app_begin ] --START--
INFO: Run Behavior\ReadHtmlCacheBehavior [ RunTime:0.000364s ]
INFO: [ app_begin ] --END-- [ RunTime:0.000641s ]
SQL: SHOW COLUMNS FROM `user` [ RunTime:0.0046s ]
SQL: SELECT COUNT(*) AS tp_count FROM `user` WHERE ( state=0 ) LIMIT 1   [ RunTime:0.0006s ]
SQL: SELECT * FROM `user` WHERE ( state=0 ) ORDER BY uid LIMIT 0,6   [ RunTime:0.0007s ]

[ 2015-08-11T23:35:15+08:00 ] 127.0.0.1 /duk/index.php/User/getUserInfo
INFO: [ app_begin ] --START--
INFO: Run Behavior\ReadHtmlCacheBehavior [ RunTime:0.000306s ]
INFO: [ app_begin ] --END-- [ RunTime:0.000499s ]
SQL: SHOW COLUMNS FROM `user` [ RunTime:0.0021s ]
SQL: SELECT * FROM `user` WHERE `uid` = '1' LIMIT 1   [ RunTime:0.0003s ]

[ 2015-08-11T23:35:18+08:00 ] 127.0.0.1 /duk/index.php/User/getUid
INFO: [ app_begin ] --START--
INFO: Run Behavior\ReadHtmlCacheBehavior [ RunTime:0.000348s ]
INFO: [ app_begin ] --END-- [ RunTime:0.000612s ]

[ 2015-08-11T23:35:18+08:00 ] 127.0.0.1 /duk/index.php/User/getUid
INFO: [ app_begin ] --START--
INFO: Run Behavior\ReadHtmlCacheBehavior [ RunTime:0.000248s ]
INFO: [ app_begin ] --END-- [ RunTime:0.000451s ]

[ 2015-08-11T23:35:18+08:00 ] 127.0.0.1 /duk/index.php/User/getUserInfo
INFO: [ app_begin ] --START--
INFO: Run Behavior\ReadHtmlCacheBehavior [ RunTime:0.000410s ]
INFO: [ app_begin ] --END-- [ RunTime:0.000718s ]
SQL: SHOW COLUMNS FROM `user` [ RunTime:0.0048s ]
SQL: SELECT * FROM `user` WHERE `uid` = '1' LIMIT 1   [ RunTime:0.0005s ]

[ 2015-08-11T23:35:18+08:00 ] 127.0.0.1 /duk/index.php/User/getUserInfo
INFO: [ app_begin ] --START--
INFO: Run Behavior\ReadHtmlCacheBehavior [ RunTime:0.000477s ]
INFO: [ app_begin ] --END-- [ RunTime:0.000748s ]
SQL: SHOW COLUMNS FROM `user` [ RunTime:0.0021s ]
SQL: SELECT * FROM `user` WHERE `uid` = '1' LIMIT 1   [ RunTime:0.0002s ]

[ 2015-08-11T23:35:18+08:00 ] 127.0.0.1 /duk/index.php/Question/queryAll
INFO: [ app_begin ] --START--
INFO: Run Behavior\ReadHtmlCacheBehavior [ RunTime:0.000216s ]
INFO: [ app_begin ] --END-- [ RunTime:0.000378s ]
SQL: SHOW COLUMNS FROM `question` [ RunTime:0.0021s ]
SQL: SELECT COUNT(*) AS tp_count FROM `question` WHERE ( state=0 ) LIMIT 1   [ RunTime:0.0002s ]
SQL: SELECT * FROM `question` WHERE ( state=0 ) ORDER BY createTime LIMIT 0,2   [ RunTime:0.0002s ]

[ 2015-08-11T23:35:20+08:00 ] 127.0.0.1 /duk/index.php/User/getUid
INFO: [ app_begin ] --START--
INFO: Run Behavior\ReadHtmlCacheBehavior [ RunTime:0.000389s ]
INFO: [ app_begin ] --END-- [ RunTime:0.000619s ]

[ 2015-08-11T23:35:21+08:00 ] 127.0.0.1 /duk/index.php/User/getUid
INFO: [ app_begin ] --START--
INFO: Run Behavior\ReadHtmlCacheBehavior [ RunTime:0.000248s ]
INFO: [ app_begin ] --END-- [ RunTime:0.000448s ]

[ 2015-08-11T23:35:21+08:00 ] 127.0.0.1 /duk/index.php/Question/queryOne
INFO: [ app_begin ] --START--
INFO: Run Behavior\ReadHtmlCacheBehavior [ RunTime:0.000324s ]
INFO: [ app_begin ] --END-- [ RunTime:0.000601s ]
SQL: SHOW COLUMNS FROM `question` [ RunTime:0.0043s ]
SQL: SELECT * FROM `question` WHERE `qid` = '1' LIMIT 1   [ RunTime:0.0003s ]

[ 2015-08-11T23:35:21+08:00 ] 127.0.0.1 /duk/index.php/User/getUserInfo
INFO: [ app_begin ] --START--
INFO: Run Behavior\ReadHtmlCacheBehavior [ RunTime:0.000262s ]
INFO: [ app_begin ] --END-- [ RunTime:0.000480s ]
SQL: SHOW COLUMNS FROM `user` [ RunTime:0.0020s ]
SQL: SELECT * FROM `user` WHERE `uid` = '1' LIMIT 1   [ RunTime:0.0002s ]

[ 2015-08-11T23:35:25+08:00 ] 127.0.0.1 /duk/index.php/User/getUid
INFO: [ app_begin ] --START--
INFO: Run Behavior\ReadHtmlCacheBehavior [ RunTime:0.000240s ]
INFO: [ app_begin ] --END-- [ RunTime:0.000418s ]

[ 2015-08-11T23:35:25+08:00 ] 127.0.0.1 /duk/index.php/User/getUid
INFO: [ app_begin ] --START--
INFO: Run Behavior\ReadHtmlCacheBehavior [ RunTime:0.000378s ]
INFO: [ app_begin ] --END-- [ RunTime:0.000699s ]

[ 2015-08-11T23:35:25+08:00 ] 127.0.0.1 /duk/index.php/User/getUserInfo
INFO: [ app_begin ] --START--
INFO: Run Behavior\ReadHtmlCacheBehavior [ RunTime:0.000235s ]
INFO: [ app_begin ] --END-- [ RunTime:0.000424s ]
SQL: SHOW COLUMNS FROM `user` [ RunTime:0.0042s ]
SQL: SELECT * FROM `user` WHERE `uid` = '1' LIMIT 1   [ RunTime:0.0003s ]

[ 2015-08-11T23:35:25+08:00 ] 127.0.0.1 /duk/index.php/User/getUserInfo
INFO: [ app_begin ] --START--
INFO: Run Behavior\ReadHtmlCacheBehavior [ RunTime:0.000452s ]
INFO: [ app_begin ] --END-- [ RunTime:0.000834s ]
SQL: SHOW COLUMNS FROM `user` [ RunTime:0.0041s ]
SQL: SELECT * FROM `user` WHERE `uid` = '1' LIMIT 1   [ RunTime:0.0003s ]

[ 2015-08-11T23:35:25+08:00 ] 127.0.0.1 /duk/index.php/Question/queryAll
INFO: [ app_begin ] --START--
INFO: Run Behavior\ReadHtmlCacheBehavior [ RunTime:0.000233s ]
INFO: [ app_begin ] --END-- [ RunTime:0.000396s ]
SQL: SHOW COLUMNS FROM `question` [ RunTime:0.0024s ]
SQL: SELECT COUNT(*) AS tp_count FROM `question` WHERE ( state=0 ) LIMIT 1   [ RunTime:0.0005s ]
SQL: SELECT * FROM `question` WHERE ( state=0 ) ORDER BY createTime LIMIT 0,2   [ RunTime:0.0006s ]

[ 2015-08-11T23:35:27+08:00 ] 127.0.0.1 /duk/index.php/User/getUid
INFO: [ app_begin ] --START--
INFO: Run Behavior\ReadHtmlCacheBehavior [ RunTime:0.000267s ]
INFO: [ app_begin ] --END-- [ RunTime:0.000472s ]

[ 2015-08-11T23:35:27+08:00 ] 127.0.0.1 /duk/index.php/User/getUid
INFO: [ app_begin ] --START--
INFO: Run Behavior\ReadHtmlCacheBehavior [ RunTime:0.000443s ]
INFO: [ app_begin ] --END-- [ RunTime:0.000881s ]

[ 2015-08-11T23:35:27+08:00 ] 127.0.0.1 /duk/index.php/Question/queryOne
INFO: [ app_begin ] --START--
INFO: Run Behavior\ReadHtmlCacheBehavior [ RunTime:0.000234s ]
INFO: [ app_begin ] --END-- [ RunTime:0.000418s ]
SQL: SHOW COLUMNS FROM `question` [ RunTime:0.0022s ]
SQL: SELECT * FROM `question` WHERE `qid` = '1' LIMIT 1   [ RunTime:0.0004s ]

[ 2015-08-11T23:35:27+08:00 ] 127.0.0.1 /duk/index.php/User/getUserInfo
INFO: [ app_begin ] --START--
INFO: Run Behavior\ReadHtmlCacheBehavior [ RunTime:0.000402s ]
INFO: [ app_begin ] --END-- [ RunTime:0.000718s ]
SQL: SHOW COLUMNS FROM `user` [ RunTime:0.0024s ]
SQL: SELECT * FROM `user` WHERE `uid` = '1' LIMIT 1   [ RunTime:0.0004s ]

