[ 2015-08-09T18:14:02+08:00 ] ::1 /duk/index.php/Question/queryUser
INFO: [ app_begin ] --START--
INFO: Run Behavior\ReadHtmlCacheBehavior [ RunTime:0.002354s ]
INFO: [ app_begin ] --END-- [ RunTime:0.003064s ]
SQL: SHOW COLUMNS FROM `user` [ RunTime:0.0059s ]
SQL: SELECT COUNT(*) AS tp_count FROM `user` WHERE ( state=0 ) LIMIT 1   [ RunTime:0.0003s ]
SQL: SELECT * FROM `user` WHERE ( state=0 ) ORDER BY uid LIMIT 0,6   [ RunTime:0.0012s ]

[ 2015-08-09T18:14:15+08:00 ] 127.0.0.1 /duk/index.php/Question/queryAll
INFO: [ app_begin ] --START--
INFO: Run Behavior\ReadHtmlCacheBehavior [ RunTime:0.000500s ]
INFO: [ app_begin ] --END-- [ RunTime:0.000836s ]
SQL: SHOW COLUMNS FROM `question` [ RunTime:0.0026s ]
SQL: SELECT COUNT(*) AS tp_count FROM `question` WHERE ( state=0 ) LIMIT 1   [ RunTime:0.0005s ]
SQL: SELECT * FROM `question` WHERE ( state=0 ) ORDER BY createTime LIMIT 0,2   [ RunTime:0.0005s ]

[ 2015-08-09T18:14:27+08:00 ] 127.0.0.1 /duk/index.php/Question/create
INFO: [ app_begin ] --START--
INFO: Run Behavior\ReadHtmlCacheBehavior [ RunTime:0.000373s ]
INFO: [ app_begin ] --END-- [ RunTime:0.000588s ]
SQL: SHOW COLUMNS FROM `question` [ RunTime:0.0034s ]
SQL: INSERT INTO `question` (`title`,`content`,`createTime`,`uid`,`tag`,`state`) VALUES ('123','123','2015-08-09 18:14:27','1','null','0') [ RunTime:0.0040s ]
INFO: [ app_end ] --START--
INFO: Run Behavior\ShowPageTraceBehavior [ RunTime:0.001858s ]
INFO: [ app_end ] --END-- [ RunTime:0.001908s ]

[ 2015-08-09T18:14:28+08:00 ] 127.0.0.1 /duk/index.php/Question/queryUser
INFO: [ app_begin ] --START--
INFO: Run Behavior\ReadHtmlCacheBehavior [ RunTime:0.000248s ]
INFO: [ app_begin ] --END-- [ RunTime:0.000458s ]
SQL: SHOW COLUMNS FROM `user` [ RunTime:0.0045s ]
SQL: SELECT COUNT(*) AS tp_count FROM `user` WHERE ( state=0 ) LIMIT 1   [ RunTime:0.0004s ]
SQL: SELECT * FROM `user` WHERE ( state=0 ) ORDER BY uid LIMIT 0,6   [ RunTime:0.0003s ]

[ 2015-08-09T18:14:30+08:00 ] 127.0.0.1 /duk/index.php/Question/queryAll
INFO: [ app_begin ] --START--
INFO: Run Behavior\ReadHtmlCacheBehavior [ RunTime:0.000516s ]
INFO: [ app_begin ] --END-- [ RunTime:0.000899s ]
SQL: SHOW COLUMNS FROM `question` [ RunTime:0.0023s ]
SQL: SELECT COUNT(*) AS tp_count FROM `question` WHERE ( state=0 ) LIMIT 1   [ RunTime:0.0002s ]
SQL: SELECT * FROM `question` WHERE ( state=0 ) ORDER BY createTime LIMIT 0,2   [ RunTime:0.0002s ]

[ 2015-08-09T18:14:36+08:00 ] 127.0.0.1 /duk/index.php/Question/queryUser
INFO: [ app_begin ] --START--
INFO: Run Behavior\ReadHtmlCacheBehavior [ RunTime:0.000813s ]
INFO: [ app_begin ] --END-- [ RunTime:0.001217s ]
SQL: SHOW COLUMNS FROM `user` [ RunTime:0.0023s ]
SQL: SELECT COUNT(*) AS tp_count FROM `user` WHERE ( state=0 ) LIMIT 1   [ RunTime:0.0002s ]
SQL: SELECT * FROM `user` WHERE ( state=0 ) ORDER BY uid LIMIT 0,6   [ RunTime:0.0003s ]

[ 2015-08-09T18:14:44+08:00 ] 127.0.0.1 /duk/index.php/Question/queryUser
INFO: [ app_begin ] --START--
INFO: Run Behavior\ReadHtmlCacheBehavior [ RunTime:0.000237s ]
INFO: [ app_begin ] --END-- [ RunTime:0.000422s ]
SQL: SHOW COLUMNS FROM `user` [ RunTime:0.0048s ]
SQL: SELECT COUNT(*) AS tp_count FROM `user` WHERE ( state=0 ) LIMIT 1   [ RunTime:0.0005s ]
SQL: SELECT * FROM `user` WHERE ( state=0 ) ORDER BY uid LIMIT 0,6   [ RunTime:0.0004s ]

[ 2015-08-09T18:14:45+08:00 ] 127.0.0.1 /duk/index.php/Question/queryUser
INFO: [ app_begin ] --START--
INFO: Run Behavior\ReadHtmlCacheBehavior [ RunTime:0.000532s ]
INFO: [ app_begin ] --END-- [ RunTime:0.000999s ]
SQL: SHOW COLUMNS FROM `user` [ RunTime:0.0021s ]
SQL: SELECT COUNT(*) AS tp_count FROM `user` WHERE ( state=0 ) LIMIT 1   [ RunTime:0.0002s ]
SQL: SELECT * FROM `user` WHERE ( state=0 ) ORDER BY uid LIMIT 0,6   [ RunTime:0.0001s ]

[ 2015-08-09T18:14:49+08:00 ] 127.0.0.1 /duk/index.php/Question/queryUser
INFO: [ app_begin ] --START--
INFO: Run Behavior\ReadHtmlCacheBehavior [ RunTime:0.000279s ]
INFO: [ app_begin ] --END-- [ RunTime:0.000570s ]
SQL: SHOW COLUMNS FROM `user` [ RunTime:0.0050s ]
SQL: SELECT COUNT(*) AS tp_count FROM `user` WHERE ( state=0 ) LIMIT 1   [ RunTime:0.0004s ]
SQL: SELECT * FROM `user` WHERE ( state=0 ) ORDER BY uid LIMIT 0,6   [ RunTime:0.0003s ]

[ 2015-08-09T18:14:52+08:00 ] 127.0.0.1 /duk/index.php/Question/queryUser
INFO: [ app_begin ] --START--
INFO: Run Behavior\ReadHtmlCacheBehavior [ RunTime:0.000239s ]
INFO: [ app_begin ] --END-- [ RunTime:0.000429s ]
SQL: SHOW COLUMNS FROM `user` [ RunTime:0.0023s ]
SQL: SELECT COUNT(*) AS tp_count FROM `user` WHERE ( state=0 ) LIMIT 1   [ RunTime:0.0003s ]
SQL: SELECT * FROM `user` WHERE ( state=0 ) ORDER BY uid LIMIT 0,6   [ RunTime:0.0003s ]

[ 2015-08-09T18:14:55+08:00 ] 127.0.0.1 /duk/index.php/Question/queryAll
INFO: [ app_begin ] --START--
INFO: Run Behavior\ReadHtmlCacheBehavior [ RunTime:0.000273s ]
INFO: [ app_begin ] --END-- [ RunTime:0.000478s ]
SQL: SHOW COLUMNS FROM `question` [ RunTime:0.0051s ]
SQL: SELECT COUNT(*) AS tp_count FROM `question` WHERE ( state=0 ) LIMIT 1   [ RunTime:0.0003s ]
SQL: SELECT * FROM `question` WHERE ( state=0 ) ORDER BY createTime LIMIT 0,2   [ RunTime:0.0004s ]

[ 2015-08-09T18:15:24+08:00 ] ::1 /duk/index.php/Question/queryUser
INFO: [ app_begin ] --START--
INFO: Run Behavior\ReadHtmlCacheBehavior [ RunTime:0.000246s ]
INFO: [ app_begin ] --END-- [ RunTime:0.000448s ]
SQL: SHOW COLUMNS FROM `user` [ RunTime:0.0022s ]
SQL: SELECT COUNT(*) AS tp_count FROM `user` WHERE ( state=0 ) LIMIT 1   [ RunTime:0.0002s ]
SQL: SELECT * FROM `user` WHERE ( state=0 ) ORDER BY uid LIMIT 0,6   [ RunTime:0.0002s ]

[ 2015-08-09T18:15:25+08:00 ] ::1 /duk/index.php/Question/queryAll
INFO: [ app_begin ] --START--
INFO: Run Behavior\ReadHtmlCacheBehavior [ RunTime:0.000809s ]
INFO: [ app_begin ] --END-- [ RunTime:0.001515s ]
SQL: SHOW COLUMNS FROM `question` [ RunTime:0.0041s ]
SQL: SELECT COUNT(*) AS tp_count FROM `question` WHERE ( state=0 ) LIMIT 1   [ RunTime:0.0002s ]
SQL: SELECT * FROM `question` WHERE ( state=0 ) ORDER BY createTime LIMIT 0,2   [ RunTime:0.0003s ]

[ 2015-08-09T18:17:19+08:00 ] ::1 /duk/index.php/User/login.html
INFO: [ app_begin ] --START--
INFO: Run Behavior\ReadHtmlCacheBehavior [ RunTime:0.000393s ]
INFO: [ app_begin ] --END-- [ RunTime:0.000625s ]
SQL: SHOW COLUMNS FROM `user` [ RunTime:0.0022s ]
SQL: SELECT * FROM `user` WHERE `name` = 'wbx' AND `pwd` = 'wbx' LIMIT 1   [ RunTime:0.0002s ]

[ 2015-08-09T18:17:19+08:00 ] ::1 /duk/index.php/Question/queryUser
INFO: [ app_begin ] --START--
INFO: Run Behavior\ReadHtmlCacheBehavior [ RunTime:0.000251s ]
INFO: [ app_begin ] --END-- [ RunTime:0.000446s ]
SQL: SHOW COLUMNS FROM `user` [ RunTime:0.0019s ]
SQL: SELECT COUNT(*) AS tp_count FROM `user` WHERE ( state=0 ) LIMIT 1   [ RunTime:0.0002s ]
SQL: SELECT * FROM `user` WHERE ( state=0 ) ORDER BY uid LIMIT 0,6   [ RunTime:0.0003s ]

[ 2015-08-09T18:18:27+08:00 ] ::1 /duk/index.php/Question/queryUser
INFO: [ app_begin ] --START--
INFO: Run Behavior\ReadHtmlCacheBehavior [ RunTime:0.000243s ]
INFO: [ app_begin ] --END-- [ RunTime:0.000433s ]
SQL: SHOW COLUMNS FROM `user` [ RunTime:0.0037s ]
SQL: SELECT COUNT(*) AS tp_count FROM `user` WHERE ( state=0 ) LIMIT 1   [ RunTime:0.0004s ]
SQL: SELECT * FROM `user` WHERE ( state=0 ) ORDER BY uid LIMIT 0,6   [ RunTime:0.0003s ]

[ 2015-08-09T18:19:19+08:00 ] ::1 /duk/index.php/User/getUid
INFO: [ app_begin ] --START--
INFO: Run Behavior\ReadHtmlCacheBehavior [ RunTime:0.000981s ]
INFO: [ app_begin ] --END-- [ RunTime:0.001506s ]

[ 2015-08-09T18:19:19+08:00 ] ::1 /duk/index.php/User/userFollowList
INFO: [ app_begin ] --START--
INFO: Run Behavior\ReadHtmlCacheBehavior [ RunTime:0.000469s ]
INFO: [ app_begin ] --END-- [ RunTime:0.000812s ]
SQL: SHOW COLUMNS FROM `follow` [ RunTime:0.0026s ]
SQL: SELECT * FROM `follow` WHERE `from_uid` = '1'  [ RunTime:0.0002s ]

[ 2015-08-09T18:19:19+08:00 ] 127.0.0.1 /duk/index.php/User/getUserInfo
INFO: [ app_begin ] --START--
INFO: Run Behavior\ReadHtmlCacheBehavior [ RunTime:0.000598s ]
INFO: [ app_begin ] --END-- [ RunTime:0.001068s ]
SQL: SHOW COLUMNS FROM `user` [ RunTime:0.0022s ]
SQL: SELECT * FROM `user` WHERE `uid` = '1' LIMIT 1   [ RunTime:0.0019s ]

[ 2015-08-09T18:19:19+08:00 ] ::1 /duk/index.php/User/getUserInfo
INFO: [ app_begin ] --START--
INFO: Run Behavior\ReadHtmlCacheBehavior [ RunTime:0.000623s ]
INFO: [ app_begin ] --END-- [ RunTime:0.002512s ]
SQL: SHOW COLUMNS FROM `user` [ RunTime:0.0018s ]
SQL: SELECT * FROM `user` WHERE `uid` = '2' LIMIT 1   [ RunTime:0.0004s ]

[ 2015-08-09T18:19:19+08:00 ] 127.0.0.1 /duk/index.php/User/getUserInfo
INFO: [ app_begin ] --START--
INFO: Run Behavior\ReadHtmlCacheBehavior [ RunTime:0.000684s ]
INFO: [ app_begin ] --END-- [ RunTime:0.002815s ]
SQL: SHOW COLUMNS FROM `user` [ RunTime:0.0026s ]
SQL: SELECT * FROM `user` WHERE `uid` = '4' LIMIT 1   [ RunTime:0.0004s ]

[ 2015-08-09T18:19:19+08:00 ] 127.0.0.1 /duk/index.php/User/getUserInfo
INFO: [ app_begin ] --START--
INFO: Run Behavior\ReadHtmlCacheBehavior [ RunTime:0.000302s ]
INFO: [ app_begin ] --END-- [ RunTime:0.000480s ]
SQL: SHOW COLUMNS FROM `user` [ RunTime:0.0037s ]
SQL: SELECT * FROM `user` WHERE `uid` = '5' LIMIT 1   [ RunTime:0.0003s ]

[ 2015-08-09T18:26:09+08:00 ] 127.0.0.1 /duk/index.php/User/getUid
INFO: [ app_begin ] --START--
INFO: Run Behavior\ReadHtmlCacheBehavior [ RunTime:0.000408s ]
INFO: [ app_begin ] --END-- [ RunTime:0.000701s ]

[ 2015-08-09T18:26:09+08:00 ] 127.0.0.1 /duk/index.php/User/userFollowList
INFO: [ app_begin ] --START--
INFO: Run Behavior\ReadHtmlCacheBehavior [ RunTime:0.000380s ]
INFO: [ app_begin ] --END-- [ RunTime:0.000664s ]
SQL: SHOW COLUMNS FROM `follow` [ RunTime:0.0024s ]
SQL: SELECT * FROM `follow` WHERE `from_uid` = '1'  [ RunTime:0.0002s ]

[ 2015-08-09T18:26:09+08:00 ] 127.0.0.1 /duk/index.php/User/getUserInfo
INFO: [ app_begin ] --START--
INFO: Run Behavior\ReadHtmlCacheBehavior [ RunTime:0.000342s ]
INFO: [ app_begin ] --END-- [ RunTime:0.000584s ]
SQL: SHOW COLUMNS FROM `user` [ RunTime:0.0018s ]
SQL: SELECT * FROM `user` WHERE `uid` = '2' LIMIT 1   [ RunTime:0.0002s ]

[ 2015-08-09T18:26:09+08:00 ] 127.0.0.1 /duk/index.php/User/getUserInfo
INFO: [ app_begin ] --START--
INFO: Run Behavior\ReadHtmlCacheBehavior [ RunTime:0.000337s ]
INFO: [ app_begin ] --END-- [ RunTime:0.000630s ]
SQL: SHOW COLUMNS FROM `user` [ RunTime:0.0043s ]
SQL: SELECT * FROM `user` WHERE `uid` = '4' LIMIT 1   [ RunTime:0.0002s ]

[ 2015-08-09T18:26:09+08:00 ] 127.0.0.1 /duk/index.php/User/getUserInfo
INFO: [ app_begin ] --START--
INFO: Run Behavior\ReadHtmlCacheBehavior [ RunTime:0.000340s ]
INFO: [ app_begin ] --END-- [ RunTime:0.000540s ]
SQL: SHOW COLUMNS FROM `user` [ RunTime:0.0021s ]
SQL: SELECT * FROM `user` WHERE `uid` = '5' LIMIT 1   [ RunTime:0.0002s ]

[ 2015-08-09T18:26:15+08:00 ] 127.0.0.1 /duk/index.php/User/getUid
INFO: [ app_begin ] --START--
INFO: Run Behavior\ReadHtmlCacheBehavior [ RunTime:0.000282s ]
INFO: [ app_begin ] --END-- [ RunTime:0.000501s ]

[ 2015-08-09T18:26:15+08:00 ] 127.0.0.1 /duk/index.php/User/userFollowList
INFO: [ app_begin ] --START--
INFO: Run Behavior\ReadHtmlCacheBehavior [ RunTime:0.000324s ]
INFO: [ app_begin ] --END-- [ RunTime:0.000687s ]
SQL: SHOW COLUMNS FROM `follow` [ RunTime:0.0026s ]
SQL: SELECT * FROM `follow` WHERE `from_uid` = '1'  [ RunTime:0.0006s ]

[ 2015-08-09T18:26:15+08:00 ] 127.0.0.1 /duk/index.php/User/getUserInfo
INFO: [ app_begin ] --START--
INFO: Run Behavior\ReadHtmlCacheBehavior [ RunTime:0.000349s ]
INFO: [ app_begin ] --END-- [ RunTime:0.000593s ]
SQL: SHOW COLUMNS FROM `user` [ RunTime:0.0020s ]
SQL: SELECT * FROM `user` WHERE `uid` = '2' LIMIT 1   [ RunTime:0.0002s ]

[ 2015-08-09T18:26:15+08:00 ] 127.0.0.1 /duk/index.php/User/getUserInfo
INFO: [ app_begin ] --START--
INFO: Run Behavior\ReadHtmlCacheBehavior [ RunTime:0.000228s ]
INFO: [ app_begin ] --END-- [ RunTime:0.000397s ]
SQL: SHOW COLUMNS FROM `user` [ RunTime:0.0021s ]
SQL: SELECT * FROM `user` WHERE `uid` = '4' LIMIT 1   [ RunTime:0.0003s ]

[ 2015-08-09T18:26:15+08:00 ] 127.0.0.1 /duk/index.php/User/getUserInfo
INFO: [ app_begin ] --START--
INFO: Run Behavior\ReadHtmlCacheBehavior [ RunTime:0.000579s ]
INFO: [ app_begin ] --END-- [ RunTime:0.000856s ]
SQL: SHOW COLUMNS FROM `user` [ RunTime:0.0020s ]
SQL: SELECT * FROM `user` WHERE `uid` = '5' LIMIT 1   [ RunTime:0.0002s ]

[ 2015-08-09T18:26:30+08:00 ] 127.0.0.1 /duk/index.php/User/getUid
INFO: [ app_begin ] --START--
INFO: Run Behavior\ReadHtmlCacheBehavior [ RunTime:0.000265s ]
INFO: [ app_begin ] --END-- [ RunTime:0.000463s ]

[ 2015-08-09T18:26:30+08:00 ] 127.0.0.1 /duk/index.php/User/userFollowList
INFO: [ app_begin ] --START--
INFO: Run Behavior\ReadHtmlCacheBehavior [ RunTime:0.000246s ]
INFO: [ app_begin ] --END-- [ RunTime:0.000439s ]
SQL: SHOW COLUMNS FROM `follow` [ RunTime:0.0027s ]
SQL: SELECT * FROM `follow` WHERE `from_uid` = '1'  [ RunTime:0.0002s ]

[ 2015-08-09T18:26:30+08:00 ] 127.0.0.1 /duk/index.php/User/getUserInfo
INFO: [ app_begin ] --START--
INFO: Run Behavior\ReadHtmlCacheBehavior [ RunTime:0.000358s ]
INFO: [ app_begin ] --END-- [ RunTime:0.000731s ]
SQL: SHOW COLUMNS FROM `user` [ RunTime:0.0058s ]
SQL: SELECT * FROM `user` WHERE `uid` = '2' LIMIT 1   [ RunTime:0.0003s ]

[ 2015-08-09T18:26:30+08:00 ] 127.0.0.1 /duk/index.php/User/getUserInfo
INFO: [ app_begin ] --START--
INFO: Run Behavior\ReadHtmlCacheBehavior [ RunTime:0.000356s ]
INFO: [ app_begin ] --END-- [ RunTime:0.000966s ]
SQL: SHOW COLUMNS FROM `user` [ RunTime:0.0037s ]
SQL: SELECT * FROM `user` WHERE `uid` = '4' LIMIT 1   [ RunTime:0.0006s ]

[ 2015-08-09T18:26:30+08:00 ] 127.0.0.1 /duk/index.php/User/getUserInfo
INFO: [ app_begin ] --START--
INFO: Run Behavior\ReadHtmlCacheBehavior [ RunTime:0.000471s ]
INFO: [ app_begin ] --END-- [ RunTime:0.000884s ]
SQL: SHOW COLUMNS FROM `user` [ RunTime:0.0041s ]
SQL: SELECT * FROM `user` WHERE `uid` = '5' LIMIT 1   [ RunTime:0.0004s ]

[ 2015-08-09T19:18:56+08:00 ] 127.0.0.1 /duk/index.php/User/getUid
INFO: [ app_begin ] --START--
INFO: Run Behavior\ReadHtmlCacheBehavior [ RunTime:0.002282s ]
INFO: [ app_begin ] --END-- [ RunTime:0.004428s ]

[ 2015-08-09T19:18:56+08:00 ] 127.0.0.1 /duk/index.php/User/userFollowList
INFO: [ app_begin ] --START--
INFO: Run Behavior\ReadHtmlCacheBehavior [ RunTime:0.000594s ]
INFO: [ app_begin ] --END-- [ RunTime:0.001073s ]
SQL: SHOW COLUMNS FROM `follow` [ RunTime:0.0076s ]
SQL: SELECT * FROM `follow` WHERE `from_uid` = '1'  [ RunTime:0.0003s ]

[ 2015-08-09T19:18:56+08:00 ] 127.0.0.1 /duk/index.php/User/getUserInfo
INFO: [ app_begin ] --START--
INFO: Run Behavior\ReadHtmlCacheBehavior [ RunTime:0.000895s ]
INFO: [ app_begin ] --END-- [ RunTime:0.001629s ]
SQL: SHOW COLUMNS FROM `user` [ RunTime:0.0070s ]
SQL: SELECT * FROM `user` WHERE `uid` = '2' LIMIT 1   [ RunTime:0.0003s ]

[ 2015-08-09T19:18:56+08:00 ] 127.0.0.1 /duk/index.php/User/getUserInfo
INFO: [ app_begin ] --START--
INFO: Run Behavior\ReadHtmlCacheBehavior [ RunTime:0.001258s ]
INFO: [ app_begin ] --END-- [ RunTime:0.002279s ]
SQL: SHOW COLUMNS FROM `user` [ RunTime:0.0068s ]
SQL: SELECT * FROM `user` WHERE `uid` = '4' LIMIT 1   [ RunTime:0.0012s ]

[ 2015-08-09T19:18:56+08:00 ] 127.0.0.1 /duk/index.php/User/getUserInfo
INFO: [ app_begin ] --START--
INFO: Run Behavior\ReadHtmlCacheBehavior [ RunTime:0.000933s ]
INFO: [ app_begin ] --END-- [ RunTime:0.001866s ]
SQL: SHOW COLUMNS FROM `user` [ RunTime:0.0076s ]
SQL: SELECT * FROM `user` WHERE `uid` = '5' LIMIT 1   [ RunTime:0.0013s ]

[ 2015-08-09T22:07:01+08:00 ] 127.0.0.1 /duk/index.php/User/getUid
INFO: [ app_begin ] --START--
INFO: Run Behavior\ReadHtmlCacheBehavior [ RunTime:0.001946s ]
INFO: [ app_begin ] --END-- [ RunTime:0.003667s ]

[ 2015-08-09T22:07:01+08:00 ] 127.0.0.1 /duk/index.php/User/userFollowList
INFO: [ app_begin ] --START--
INFO: Run Behavior\ReadHtmlCacheBehavior [ RunTime:0.000309s ]
INFO: [ app_begin ] --END-- [ RunTime:0.000546s ]
SQL: SHOW COLUMNS FROM `follow` [ RunTime:0.0029s ]
SQL: SELECT * FROM `follow` WHERE `from_uid` = '1'  [ RunTime:0.0002s ]

[ 2015-08-09T22:07:01+08:00 ] 127.0.0.1 /duk/index.php/User/getUserInfo
INFO: [ app_begin ] --START--
INFO: Run Behavior\ReadHtmlCacheBehavior [ RunTime:0.000889s ]
INFO: [ app_begin ] --END-- [ RunTime:0.001471s ]
SQL: SHOW COLUMNS FROM `user` [ RunTime:0.0078s ]
SQL: SELECT * FROM `user` WHERE `uid` = '2' LIMIT 1   [ RunTime:0.0004s ]

[ 2015-08-09T22:07:01+08:00 ] 127.0.0.1 /duk/index.php/User/getUserInfo
INFO: [ app_begin ] --START--
INFO: Run Behavior\ReadHtmlCacheBehavior [ RunTime:0.001767s ]
INFO: [ app_begin ] --END-- [ RunTime:0.002231s ]
SQL: SHOW COLUMNS FROM `user` [ RunTime:0.0069s ]
SQL: SELECT * FROM `user` WHERE `uid` = '5' LIMIT 1   [ RunTime:0.0003s ]

[ 2015-08-09T22:07:01+08:00 ] 127.0.0.1 /duk/index.php/User/getUserInfo
INFO: [ app_begin ] --START--
INFO: Run Behavior\ReadHtmlCacheBehavior [ RunTime:0.001407s ]
INFO: [ app_begin ] --END-- [ RunTime:0.001910s ]
SQL: SHOW COLUMNS FROM `user` [ RunTime:0.0022s ]
SQL: SELECT * FROM `user` WHERE `uid` = '4' LIMIT 1   [ RunTime:0.0003s ]

[ 2015-08-09T22:10:58+08:00 ] 127.0.0.1 /duk/index.php/User/getUid
INFO: [ app_begin ] --START--
INFO: Run Behavior\ReadHtmlCacheBehavior [ RunTime:0.000638s ]
INFO: [ app_begin ] --END-- [ RunTime:0.001256s ]

[ 2015-08-09T22:10:58+08:00 ] 127.0.0.1 /duk/index.php/User/userFollowList
INFO: [ app_begin ] --START--
INFO: Run Behavior\ReadHtmlCacheBehavior [ RunTime:0.000739s ]
INFO: [ app_begin ] --END-- [ RunTime:0.001066s ]
SQL: SHOW COLUMNS FROM `follow` [ RunTime:0.0067s ]
SQL: SELECT * FROM `follow` WHERE `from_uid` = '1'  [ RunTime:0.0013s ]

[ 2015-08-09T22:10:58+08:00 ] 127.0.0.1 /duk/index.php/User/getUserInfo
INFO: [ app_begin ] --START--
INFO: Run Behavior\ReadHtmlCacheBehavior [ RunTime:0.001434s ]
INFO: [ app_begin ] --END-- [ RunTime:0.002754s ]
SQL: SHOW COLUMNS FROM `user` [ RunTime:0.0037s ]
SQL: SELECT * FROM `user` WHERE `uid` = '1' LIMIT 1   [ RunTime:0.0006s ]

[ 2015-08-09T22:10:58+08:00 ] 127.0.0.1 /duk/index.php/User/getUserInfo
INFO: [ app_begin ] --START--
INFO: Run Behavior\ReadHtmlCacheBehavior [ RunTime:0.000378s ]
INFO: [ app_begin ] --END-- [ RunTime:0.000669s ]
SQL: SHOW COLUMNS FROM `user` [ RunTime:0.0043s ]
SQL: SELECT * FROM `user` WHERE `uid` = '2' LIMIT 1   [ RunTime:0.0002s ]

[ 2015-08-09T22:10:58+08:00 ] 127.0.0.1 /duk/index.php/User/getUserInfo
INFO: [ app_begin ] --START--
INFO: Run Behavior\ReadHtmlCacheBehavior [ RunTime:0.001338s ]
INFO: [ app_begin ] --END-- [ RunTime:0.001945s ]
SQL: SHOW COLUMNS FROM `user` [ RunTime:0.0020s ]
SQL: SELECT * FROM `user` WHERE `uid` = '5' LIMIT 1   [ RunTime:0.0002s ]

[ 2015-08-09T22:10:58+08:00 ] 127.0.0.1 /duk/index.php/User/getUserInfo
INFO: [ app_begin ] --START--
INFO: Run Behavior\ReadHtmlCacheBehavior [ RunTime:0.000814s ]
INFO: [ app_begin ] --END-- [ RunTime:0.001338s ]
SQL: SHOW COLUMNS FROM `user` [ RunTime:0.0025s ]
SQL: SELECT * FROM `user` WHERE `uid` = '4' LIMIT 1   [ RunTime:0.0003s ]

[ 2015-08-09T22:21:48+08:00 ] 127.0.0.1 /duk/index.php/User/getUid
INFO: [ app_begin ] --START--
INFO: Run Behavior\ReadHtmlCacheBehavior [ RunTime:0.000257s ]
INFO: [ app_begin ] --END-- [ RunTime:0.000461s ]

[ 2015-08-09T22:21:48+08:00 ] 127.0.0.1 /duk/index.php/User/userFollowList
INFO: [ app_begin ] --START--
INFO: Run Behavior\ReadHtmlCacheBehavior [ RunTime:0.000237s ]
INFO: [ app_begin ] --END-- [ RunTime:0.000437s ]
SQL: SHOW COLUMNS FROM `follow` [ RunTime:0.0030s ]
SQL: SELECT * FROM `follow` WHERE `from_uid` = '1'  [ RunTime:0.0003s ]

[ 2015-08-09T22:21:48+08:00 ] 127.0.0.1 /duk/index.php/User/getUserInfo
INFO: [ app_begin ] --START--
INFO: Run Behavior\ReadHtmlCacheBehavior [ RunTime:0.000360s ]
INFO: [ app_begin ] --END-- [ RunTime:0.000650s ]
SQL: SHOW COLUMNS FROM `user` [ RunTime:0.0055s ]
SQL: SELECT * FROM `user` WHERE `uid` = '2' LIMIT 1   [ RunTime:0.0011s ]

[ 2015-08-09T22:21:48+08:00 ] 127.0.0.1 /duk/index.php/User/getUserInfo
INFO: [ app_begin ] --START--
INFO: Run Behavior\ReadHtmlCacheBehavior [ RunTime:0.000412s ]
INFO: [ app_begin ] --END-- [ RunTime:0.000687s ]
SQL: SHOW COLUMNS FROM `user` [ RunTime:0.0031s ]
SQL: SELECT * FROM `user` WHERE `uid` = '4' LIMIT 1   [ RunTime:0.0003s ]

[ 2015-08-09T22:21:48+08:00 ] 127.0.0.1 /duk/index.php/User/getUserInfo
INFO: [ app_begin ] --START--
INFO: Run Behavior\ReadHtmlCacheBehavior [ RunTime:0.000385s ]
INFO: [ app_begin ] --END-- [ RunTime:0.000699s ]
SQL: SHOW COLUMNS FROM `user` [ RunTime:0.0056s ]
SQL: SELECT * FROM `user` WHERE `uid` = '5' LIMIT 1   [ RunTime:0.0002s ]

[ 2015-08-09T22:21:54+08:00 ] 127.0.0.1 /duk/index.php/User/getUid
INFO: [ app_begin ] --START--
INFO: Run Behavior\ReadHtmlCacheBehavior [ RunTime:0.000251s ]
INFO: [ app_begin ] --END-- [ RunTime:0.000473s ]

[ 2015-08-09T22:21:54+08:00 ] 127.0.0.1 /duk/index.php/User/userFollowList
INFO: [ app_begin ] --START--
INFO: Run Behavior\ReadHtmlCacheBehavior [ RunTime:0.000508s ]
INFO: [ app_begin ] --END-- [ RunTime:0.000923s ]
SQL: SHOW COLUMNS FROM `follow` [ RunTime:0.0021s ]
SQL: SELECT * FROM `follow` WHERE `from_uid` = '1'  [ RunTime:0.0006s ]

[ 2015-08-09T22:21:54+08:00 ] 127.0.0.1 /duk/index.php/User/getUserInfo
INFO: [ app_begin ] --START--
INFO: Run Behavior\ReadHtmlCacheBehavior [ RunTime:0.000284s ]
INFO: [ app_begin ] --END-- [ RunTime:0.000499s ]
SQL: SHOW COLUMNS FROM `user` [ RunTime:0.0052s ]
SQL: SELECT * FROM `user` WHERE `uid` = '1' LIMIT 1   [ RunTime:0.0010s ]

[ 2015-08-09T22:21:54+08:00 ] 127.0.0.1 /duk/index.php/User/getUserInfo
INFO: [ app_begin ] --START--
INFO: Run Behavior\ReadHtmlCacheBehavior [ RunTime:0.000366s ]
INFO: [ app_begin ] --END-- [ RunTime:0.000668s ]
SQL: SHOW COLUMNS FROM `user` [ RunTime:0.0022s ]
SQL: SELECT * FROM `user` WHERE `uid` = '2' LIMIT 1   [ RunTime:0.0002s ]

[ 2015-08-09T22:21:54+08:00 ] 127.0.0.1 /duk/index.php/User/getUserInfo
INFO: [ app_begin ] --START--
INFO: Run Behavior\ReadHtmlCacheBehavior [ RunTime:0.000371s ]
INFO: [ app_begin ] --END-- [ RunTime:0.000679s ]
SQL: SHOW COLUMNS FROM `user` [ RunTime:0.0015s ]
SQL: SELECT * FROM `user` WHERE `uid` = '4' LIMIT 1   [ RunTime:0.0003s ]

[ 2015-08-09T22:21:54+08:00 ] 127.0.0.1 /duk/index.php/User/getUserInfo
INFO: [ app_begin ] --START--
INFO: Run Behavior\ReadHtmlCacheBehavior [ RunTime:0.000507s ]
INFO: [ app_begin ] --END-- [ RunTime:0.000877s ]
SQL: SHOW COLUMNS FROM `user` [ RunTime:0.0058s ]
SQL: SELECT * FROM `user` WHERE `uid` = '5' LIMIT 1   [ RunTime:0.0003s ]

[ 2015-08-09T22:22:01+08:00 ] 127.0.0.1 /duk/index.php/User/getUid
INFO: [ app_begin ] --START--
INFO: Run Behavior\ReadHtmlCacheBehavior [ RunTime:0.000237s ]
INFO: [ app_begin ] --END-- [ RunTime:0.000424s ]

[ 2015-08-09T22:22:02+08:00 ] 127.0.0.1 /duk/index.php/User/userFollowList
INFO: [ app_begin ] --START--
INFO: Run Behavior\ReadHtmlCacheBehavior [ RunTime:0.000564s ]
INFO: [ app_begin ] --END-- [ RunTime:0.000974s ]
SQL: SHOW COLUMNS FROM `follow` [ RunTime:0.0040s ]
SQL: SELECT * FROM `follow` WHERE `from_uid` = '1'  [ RunTime:0.0006s ]

[ 2015-08-09T22:22:02+08:00 ] 127.0.0.1 /duk/index.php/User/getUserInfo
INFO: [ app_begin ] --START--
INFO: Run Behavior\ReadHtmlCacheBehavior [ RunTime:0.000698s ]
INFO: [ app_begin ] --END-- [ RunTime:0.001261s ]
SQL: SHOW COLUMNS FROM `user` [ RunTime:0.0040s ]
SQL: SELECT * FROM `user` WHERE `uid` = '1' LIMIT 1   [ RunTime:0.0004s ]

[ 2015-08-09T22:22:02+08:00 ] 127.0.0.1 /duk/index.php/User/getUserInfo
INFO: [ app_begin ] --START--
INFO: Run Behavior\ReadHtmlCacheBehavior [ RunTime:0.000747s ]
INFO: [ app_begin ] --END-- [ RunTime:0.001050s ]
SQL: SHOW COLUMNS FROM `user` [ RunTime:0.0044s ]
SQL: SELECT * FROM `user` WHERE `uid` = '5' LIMIT 1   [ RunTime:0.0004s ]

[ 2015-08-09T22:22:02+08:00 ] 127.0.0.1 /duk/index.php/User/getUserInfo
INFO: [ app_begin ] --START--
INFO: Run Behavior\ReadHtmlCacheBehavior [ RunTime:0.000345s ]
INFO: [ app_begin ] --END-- [ RunTime:0.000643s ]
SQL: SHOW COLUMNS FROM `user` [ RunTime:0.0024s ]
SQL: SELECT * FROM `user` WHERE `uid` = '2' LIMIT 1   [ RunTime:0.0004s ]

[ 2015-08-09T22:22:02+08:00 ] 127.0.0.1 /duk/index.php/User/getUserInfo
INFO: [ app_begin ] --START--
INFO: Run Behavior\ReadHtmlCacheBehavior [ RunTime:0.000960s ]
INFO: [ app_begin ] --END-- [ RunTime:0.001439s ]
SQL: SHOW COLUMNS FROM `user` [ RunTime:0.0042s ]
SQL: SELECT * FROM `user` WHERE `uid` = '4' LIMIT 1   [ RunTime:0.0002s ]

[ 2015-08-09T22:22:11+08:00 ] 127.0.0.1 /duk/index.php/User/getUid
INFO: [ app_begin ] --START--
INFO: Run Behavior\ReadHtmlCacheBehavior [ RunTime:0.000238s ]
INFO: [ app_begin ] --END-- [ RunTime:0.000427s ]

[ 2015-08-09T22:22:11+08:00 ] 127.0.0.1 /duk/index.php/User/userFollowList
INFO: [ app_begin ] --START--
INFO: Run Behavior\ReadHtmlCacheBehavior [ RunTime:0.000335s ]
INFO: [ app_begin ] --END-- [ RunTime:0.000578s ]
SQL: SHOW COLUMNS FROM `follow` [ RunTime:0.0052s ]
SQL: SELECT * FROM `follow` WHERE `from_uid` = '1'  [ RunTime:0.0008s ]

[ 2015-08-09T22:22:11+08:00 ] 127.0.0.1 /duk/index.php/User/getUserInfo
INFO: [ app_begin ] --START--
INFO: Run Behavior\ReadHtmlCacheBehavior [ RunTime:0.004155s ]
INFO: [ app_begin ] --END-- [ RunTime:0.004420s ]
SQL: SHOW COLUMNS FROM `user` [ RunTime:0.0035s ]
SQL: SELECT * FROM `user` WHERE `uid` = '1' LIMIT 1   [ RunTime:0.0004s ]

[ 2015-08-09T22:22:11+08:00 ] 127.0.0.1 /duk/index.php/User/getUserInfo
INFO: [ app_begin ] --START--
INFO: Run Behavior\ReadHtmlCacheBehavior [ RunTime:0.000445s ]
INFO: [ app_begin ] --END-- [ RunTime:0.000849s ]
SQL: SHOW COLUMNS FROM `user` [ RunTime:0.0024s ]
SQL: SELECT * FROM `user` WHERE `uid` = '2' LIMIT 1   [ RunTime:0.0003s ]

[ 2015-08-09T22:22:11+08:00 ] 127.0.0.1 /duk/index.php/User/getUserInfo
INFO: [ app_begin ] --START--
INFO: Run Behavior\ReadHtmlCacheBehavior [ RunTime:0.000385s ]
INFO: [ app_begin ] --END-- [ RunTime:0.000696s ]
SQL: SHOW COLUMNS FROM `user` [ RunTime:0.0023s ]
SQL: SELECT * FROM `user` WHERE `uid` = '4' LIMIT 1   [ RunTime:0.0002s ]

[ 2015-08-09T22:22:11+08:00 ] 127.0.0.1 /duk/index.php/User/getUserInfo
INFO: [ app_begin ] --START--
INFO: Run Behavior\ReadHtmlCacheBehavior [ RunTime:0.000414s ]
INFO: [ app_begin ] --END-- [ RunTime:0.000704s ]
SQL: SHOW COLUMNS FROM `user` [ RunTime:0.0059s ]
SQL: SELECT * FROM `user` WHERE `uid` = '5' LIMIT 1   [ RunTime:0.0007s ]

