[ 2015-08-12T09:57:13+08:00 ] 127.0.0.1 /duk/index.php/User/getUid
INFO: [ app_begin ] --START--
INFO: Run Behavior\ReadHtmlCacheBehavior [ RunTime:0.002358s ]
INFO: [ app_begin ] --END-- [ RunTime:0.003599s ]

[ 2015-08-12T09:57:13+08:00 ] 127.0.0.1 /duk/index.php/User/getUid
INFO: [ app_begin ] --START--
INFO: Run Behavior\ReadHtmlCacheBehavior [ RunTime:0.001683s ]
INFO: [ app_begin ] --END-- [ RunTime:0.003881s ]

[ 2015-08-12T09:57:13+08:00 ] 127.0.0.1 /duk/index.php/User/getUserInfo
INFO: [ app_begin ] --START--
INFO: Run Behavior\ReadHtmlCacheBehavior [ RunTime:0.000334s ]
INFO: [ app_begin ] --END-- [ RunTime:0.000570s ]
SQL: SHOW COLUMNS FROM `user` [ RunTime:0.0070s ]
SQL: SELECT * FROM `user` WHERE `uid` = '1' LIMIT 1   [ RunTime:0.0012s ]

[ 2015-08-12T09:57:13+08:00 ] 127.0.0.1 /duk/index.php/User/getUserInfo
INFO: [ app_begin ] --START--
INFO: Run Behavior\ReadHtmlCacheBehavior [ RunTime:0.000389s ]
INFO: [ app_begin ] --END-- [ RunTime:0.000639s ]
SQL: SHOW COLUMNS FROM `user` [ RunTime:0.0027s ]
SQL: SELECT * FROM `user` WHERE `uid` = '1' LIMIT 1   [ RunTime:0.0003s ]

[ 2015-08-12T09:57:13+08:00 ] 127.0.0.1 /duk/index.php/Question/queryAll
INFO: [ app_begin ] --START--
INFO: Run Behavior\ReadHtmlCacheBehavior [ RunTime:0.000384s ]
INFO: [ app_begin ] --END-- [ RunTime:0.000648s ]
SQL: SHOW COLUMNS FROM `question` [ RunTime:0.0023s ]
SQL: SELECT COUNT(*) AS tp_count FROM `question` WHERE ( state=0 ) LIMIT 1   [ RunTime:0.0018s ]
SQL: SELECT * FROM `question` WHERE ( state=0 ) ORDER BY createTime LIMIT 0,2   [ RunTime:0.0003s ]

[ 2015-08-12T09:57:16+08:00 ] 127.0.0.1 /duk/index.php/User/getUid
INFO: [ app_begin ] --START--
INFO: Run Behavior\ReadHtmlCacheBehavior [ RunTime:0.000399s ]
INFO: [ app_begin ] --END-- [ RunTime:0.000703s ]

[ 2015-08-12T09:57:16+08:00 ] 127.0.0.1 /duk/index.php/Question/queryUser
INFO: [ app_begin ] --START--
INFO: Run Behavior\ReadHtmlCacheBehavior [ RunTime:0.000560s ]
INFO: [ app_begin ] --END-- [ RunTime:0.000941s ]
SQL: SHOW COLUMNS FROM `user` [ RunTime:0.0024s ]
SQL: SELECT COUNT(*) AS tp_count FROM `user` WHERE ( state=0 ) LIMIT 1   [ RunTime:0.0002s ]
SQL: SELECT * FROM `user` WHERE ( state=0 ) ORDER BY uid LIMIT 0,6   [ RunTime:0.0002s ]

[ 2015-08-12T09:57:16+08:00 ] 127.0.0.1 /duk/index.php/User/getUserInfo
INFO: [ app_begin ] --START--
INFO: Run Behavior\ReadHtmlCacheBehavior [ RunTime:0.000291s ]
INFO: [ app_begin ] --END-- [ RunTime:0.000548s ]
SQL: SHOW COLUMNS FROM `user` [ RunTime:0.0022s ]
SQL: SELECT * FROM `user` WHERE `uid` = '1' LIMIT 1   [ RunTime:0.0003s ]

[ 2015-08-12T09:57:17+08:00 ] 127.0.0.1 /duk/index.php/User/getUid
INFO: [ app_begin ] --START--
INFO: Run Behavior\ReadHtmlCacheBehavior [ RunTime:0.000381s ]
INFO: [ app_begin ] --END-- [ RunTime:0.000690s ]

[ 2015-08-12T09:57:17+08:00 ] 127.0.0.1 /duk/index.php/User/getUid
INFO: [ app_begin ] --START--
INFO: Run Behavior\ReadHtmlCacheBehavior [ RunTime:0.000473s ]
INFO: [ app_begin ] --END-- [ RunTime:0.000779s ]

[ 2015-08-12T09:57:18+08:00 ] 127.0.0.1 /duk/index.php/User/getUserInfo
INFO: [ app_begin ] --START--
INFO: Run Behavior\ReadHtmlCacheBehavior [ RunTime:0.000365s ]
INFO: [ app_begin ] --END-- [ RunTime:0.000643s ]
SQL: SHOW COLUMNS FROM `user` [ RunTime:0.0027s ]
SQL: SELECT * FROM `user` WHERE `uid` = '1' LIMIT 1   [ RunTime:0.0004s ]

[ 2015-08-12T09:57:18+08:00 ] 127.0.0.1 /duk/index.php/User/getUserInfo
INFO: [ app_begin ] --START--
INFO: Run Behavior\ReadHtmlCacheBehavior [ RunTime:0.000435s ]
INFO: [ app_begin ] --END-- [ RunTime:0.001051s ]
SQL: SHOW COLUMNS FROM `user` [ RunTime:0.0038s ]
SQL: SELECT * FROM `user` WHERE `uid` = '1' LIMIT 1   [ RunTime:0.0007s ]

[ 2015-08-12T09:57:18+08:00 ] 127.0.0.1 /duk/index.php/Question/queryAll
INFO: [ app_begin ] --START--
INFO: Run Behavior\ReadHtmlCacheBehavior [ RunTime:0.000221s ]
INFO: [ app_begin ] --END-- [ RunTime:0.000387s ]
SQL: SHOW COLUMNS FROM `question` [ RunTime:0.0021s ]
SQL: SELECT COUNT(*) AS tp_count FROM `question` WHERE ( state=0 ) LIMIT 1   [ RunTime:0.0002s ]
SQL: SELECT * FROM `question` WHERE ( state=0 ) ORDER BY createTime LIMIT 0,2   [ RunTime:0.0002s ]

[ 2015-08-12T09:57:24+08:00 ] 127.0.0.1 /duk/index.php/User/getUid
INFO: [ app_begin ] --START--
INFO: Run Behavior\ReadHtmlCacheBehavior [ RunTime:0.000451s ]
INFO: [ app_begin ] --END-- [ RunTime:0.000807s ]

[ 2015-08-12T09:57:24+08:00 ] 127.0.0.1 /duk/index.php/User/getUserInfo
INFO: [ app_begin ] --START--
INFO: Run Behavior\ReadHtmlCacheBehavior [ RunTime:0.000497s ]
INFO: [ app_begin ] --END-- [ RunTime:0.001108s ]
SQL: SHOW COLUMNS FROM `user` [ RunTime:0.0020s ]
SQL: SELECT * FROM `user` WHERE `uid` = '1' LIMIT 1   [ RunTime:0.0002s ]

[ 2015-08-12T10:05:08+08:00 ] 127.0.0.1 /duk/index.php/User/getUid
INFO: [ app_begin ] --START--
INFO: Run Behavior\ReadHtmlCacheBehavior [ RunTime:0.000245s ]
INFO: [ app_begin ] --END-- [ RunTime:0.000434s ]

[ 2015-08-12T10:05:08+08:00 ] 127.0.0.1 /duk/index.php/User/getUid
INFO: [ app_begin ] --START--
INFO: Run Behavior\ReadHtmlCacheBehavior [ RunTime:0.000238s ]
INFO: [ app_begin ] --END-- [ RunTime:0.000437s ]

[ 2015-08-12T10:05:08+08:00 ] 127.0.0.1 /duk/index.php/User/getUserInfo
INFO: [ app_begin ] --START--
INFO: Run Behavior\ReadHtmlCacheBehavior [ RunTime:0.000464s ]
INFO: [ app_begin ] --END-- [ RunTime:0.000805s ]
SQL: SHOW COLUMNS FROM `user` [ RunTime:0.0025s ]
SQL: SELECT * FROM `user` WHERE `uid` = '1' LIMIT 1   [ RunTime:0.0009s ]

[ 2015-08-12T10:05:08+08:00 ] 127.0.0.1 /duk/index.php/User/getUserInfo
INFO: [ app_begin ] --START--
INFO: Run Behavior\ReadHtmlCacheBehavior [ RunTime:0.000427s ]
INFO: [ app_begin ] --END-- [ RunTime:0.000735s ]
SQL: SHOW COLUMNS FROM `user` [ RunTime:0.0019s ]
SQL: SELECT * FROM `user` WHERE `uid` = '1' LIMIT 1   [ RunTime:0.0004s ]

[ 2015-08-12T10:05:08+08:00 ] 127.0.0.1 /duk/index.php/Question/queryAll
INFO: [ app_begin ] --START--
INFO: Run Behavior\ReadHtmlCacheBehavior [ RunTime:0.000307s ]
INFO: [ app_begin ] --END-- [ RunTime:0.000612s ]
SQL: SHOW COLUMNS FROM `question` [ RunTime:0.0027s ]
SQL: SELECT COUNT(*) AS tp_count FROM `question` WHERE ( state=0 ) LIMIT 1   [ RunTime:0.0002s ]
SQL: SELECT * FROM `question` WHERE ( state=0 ) ORDER BY createTime LIMIT 0,2   [ RunTime:0.0003s ]

[ 2015-08-12T10:05:10+08:00 ] 127.0.0.1 /duk/index.php/User/getUid
INFO: [ app_begin ] --START--
INFO: Run Behavior\ReadHtmlCacheBehavior [ RunTime:0.000247s ]
INFO: [ app_begin ] --END-- [ RunTime:0.000438s ]

[ 2015-08-12T10:05:10+08:00 ] 127.0.0.1 /duk/index.php/Question/queryUser
INFO: [ app_begin ] --START--
INFO: Run Behavior\ReadHtmlCacheBehavior [ RunTime:0.000247s ]
INFO: [ app_begin ] --END-- [ RunTime:0.000446s ]
SQL: SHOW COLUMNS FROM `user` [ RunTime:0.0021s ]
SQL: SELECT COUNT(*) AS tp_count FROM `user` WHERE ( state=0 ) LIMIT 1   [ RunTime:0.0002s ]
SQL: SELECT * FROM `user` WHERE ( state=0 ) ORDER BY uid LIMIT 0,6   [ RunTime:0.0002s ]

[ 2015-08-12T10:05:10+08:00 ] 127.0.0.1 /duk/index.php/User/getUserInfo
INFO: [ app_begin ] --START--
INFO: Run Behavior\ReadHtmlCacheBehavior [ RunTime:0.000390s ]
INFO: [ app_begin ] --END-- [ RunTime:0.000752s ]
SQL: SHOW COLUMNS FROM `user` [ RunTime:0.0048s ]
SQL: SELECT * FROM `user` WHERE `uid` = '1' LIMIT 1   [ RunTime:0.0002s ]

[ 2015-08-12T10:05:20+08:00 ] 127.0.0.1 /duk/index.php/User/getUid
INFO: [ app_begin ] --START--
INFO: Run Behavior\ReadHtmlCacheBehavior [ RunTime:0.000252s ]
INFO: [ app_begin ] --END-- [ RunTime:0.000457s ]

[ 2015-08-12T10:05:20+08:00 ] 127.0.0.1 /duk/index.php/Question/queryUser
INFO: [ app_begin ] --START--
INFO: Run Behavior\ReadHtmlCacheBehavior [ RunTime:0.000480s ]
INFO: [ app_begin ] --END-- [ RunTime:0.000884s ]
SQL: SHOW COLUMNS FROM `user` [ RunTime:0.0039s ]
SQL: SELECT COUNT(*) AS tp_count FROM `user` WHERE ( state=0 ) LIMIT 1   [ RunTime:0.0003s ]
SQL: SELECT * FROM `user` WHERE ( state=0 ) ORDER BY uid LIMIT 0,6   [ RunTime:0.0003s ]

[ 2015-08-12T10:05:20+08:00 ] 127.0.0.1 /duk/index.php/User/getUserInfo
INFO: [ app_begin ] --START--
INFO: Run Behavior\ReadHtmlCacheBehavior [ RunTime:0.000452s ]
INFO: [ app_begin ] --END-- [ RunTime:0.000846s ]
SQL: SHOW COLUMNS FROM `user` [ RunTime:0.0039s ]
SQL: SELECT * FROM `user` WHERE `uid` = '1' LIMIT 1   [ RunTime:0.0007s ]

[ 2015-08-12T10:05:21+08:00 ] 127.0.0.1 /duk/index.php/User/getUid
INFO: [ app_begin ] --START--
INFO: Run Behavior\ReadHtmlCacheBehavior [ RunTime:0.000425s ]
INFO: [ app_begin ] --END-- [ RunTime:0.000807s ]

[ 2015-08-12T10:05:21+08:00 ] 127.0.0.1 /duk/index.php/User/getUid
INFO: [ app_begin ] --START--
INFO: Run Behavior\ReadHtmlCacheBehavior [ RunTime:0.000252s ]
INFO: [ app_begin ] --END-- [ RunTime:0.000436s ]

[ 2015-08-12T10:05:21+08:00 ] 127.0.0.1 /duk/index.php/User/getUserInfo
INFO: [ app_begin ] --START--
INFO: Run Behavior\ReadHtmlCacheBehavior [ RunTime:0.000530s ]
INFO: [ app_begin ] --END-- [ RunTime:0.000971s ]
SQL: SHOW COLUMNS FROM `user` [ RunTime:0.0026s ]
SQL: SELECT * FROM `user` WHERE `uid` = '1' LIMIT 1   [ RunTime:0.0003s ]

[ 2015-08-12T10:05:21+08:00 ] 127.0.0.1 /duk/index.php/User/getUserInfo
INFO: [ app_begin ] --START--
INFO: Run Behavior\ReadHtmlCacheBehavior [ RunTime:0.000365s ]
INFO: [ app_begin ] --END-- [ RunTime:0.000595s ]
SQL: SHOW COLUMNS FROM `user` [ RunTime:0.0022s ]
SQL: SELECT * FROM `user` WHERE `uid` = '1' LIMIT 1   [ RunTime:0.0002s ]

[ 2015-08-12T10:05:21+08:00 ] 127.0.0.1 /duk/index.php/Question/queryAll
INFO: [ app_begin ] --START--
INFO: Run Behavior\ReadHtmlCacheBehavior [ RunTime:0.000229s ]
INFO: [ app_begin ] --END-- [ RunTime:0.000402s ]
SQL: SHOW COLUMNS FROM `question` [ RunTime:0.0020s ]
SQL: SELECT COUNT(*) AS tp_count FROM `question` WHERE ( state=0 ) LIMIT 1   [ RunTime:0.0004s ]
SQL: SELECT * FROM `question` WHERE ( state=0 ) ORDER BY createTime LIMIT 0,2   [ RunTime:0.0004s ]

[ 2015-08-12T10:05:24+08:00 ] 127.0.0.1 /duk/index.php/User/getUid
INFO: [ app_begin ] --START--
INFO: Run Behavior\ReadHtmlCacheBehavior [ RunTime:0.000596s ]
INFO: [ app_begin ] --END-- [ RunTime:0.000968s ]

[ 2015-08-12T10:05:24+08:00 ] 127.0.0.1 /duk/index.php/Question/queryUser
INFO: [ app_begin ] --START--
INFO: Run Behavior\ReadHtmlCacheBehavior [ RunTime:0.000632s ]
INFO: [ app_begin ] --END-- [ RunTime:0.001191s ]
SQL: SHOW COLUMNS FROM `user` [ RunTime:0.0033s ]
SQL: SELECT COUNT(*) AS tp_count FROM `user` WHERE ( state=0 ) LIMIT 1   [ RunTime:0.0002s ]
SQL: SELECT * FROM `user` WHERE ( state=0 ) ORDER BY uid LIMIT 0,6   [ RunTime:0.0002s ]

[ 2015-08-12T10:05:24+08:00 ] 127.0.0.1 /duk/index.php/User/getUserInfo
INFO: [ app_begin ] --START--
INFO: Run Behavior\ReadHtmlCacheBehavior [ RunTime:0.000269s ]
INFO: [ app_begin ] --END-- [ RunTime:0.000475s ]
SQL: SHOW COLUMNS FROM `user` [ RunTime:0.0037s ]
SQL: SELECT * FROM `user` WHERE `uid` = '1' LIMIT 1   [ RunTime:0.0003s ]

[ 2015-08-12T10:05:27+08:00 ] 127.0.0.1 /duk/index.php/User/getUid
INFO: [ app_begin ] --START--
INFO: Run Behavior\ReadHtmlCacheBehavior [ RunTime:0.000523s ]
INFO: [ app_begin ] --END-- [ RunTime:0.001057s ]

[ 2015-08-12T10:05:27+08:00 ] 127.0.0.1 /duk/index.php/User/getUid
INFO: [ app_begin ] --START--
INFO: Run Behavior\ReadHtmlCacheBehavior [ RunTime:0.000376s ]
INFO: [ app_begin ] --END-- [ RunTime:0.000640s ]

[ 2015-08-12T10:05:27+08:00 ] 127.0.0.1 /duk/index.php/User/getUserInfo
INFO: [ app_begin ] --START--
INFO: Run Behavior\ReadHtmlCacheBehavior [ RunTime:0.000421s ]
INFO: [ app_begin ] --END-- [ RunTime:0.000799s ]
SQL: SHOW COLUMNS FROM `user` [ RunTime:0.0026s ]
SQL: SELECT * FROM `user` WHERE `uid` = '1' LIMIT 1   [ RunTime:0.0007s ]

[ 2015-08-12T10:05:27+08:00 ] 127.0.0.1 /duk/index.php/User/userFollowList
INFO: [ app_begin ] --START--
INFO: Run Behavior\ReadHtmlCacheBehavior [ RunTime:0.000334s ]
INFO: [ app_begin ] --END-- [ RunTime:0.000569s ]
SQL: SHOW COLUMNS FROM `follow` [ RunTime:0.0048s ]
SQL: SELECT * FROM `follow` WHERE `from_uid` = '1'  [ RunTime:0.0003s ]
NOTIC: [2] Invalid argument supplied for foreach() /Applications/XAMPP/xamppfiles/htdocs/duk/Application/Home/Controller/UserController.class.php 第 348 行.

[ 2015-08-12T10:05:27+08:00 ] 127.0.0.1 /duk/index.php/Question/questionFollowList
INFO: [ app_begin ] --START--
INFO: Run Behavior\ReadHtmlCacheBehavior [ RunTime:0.000345s ]
INFO: [ app_begin ] --END-- [ RunTime:0.000606s ]
SQL: SHOW COLUMNS FROM `collectq` [ RunTime:0.0091s ]
SQL: SELECT * FROM `collectq` WHERE `uid` = ''  [ RunTime:0.0004s ]
NOTIC: [2] Invalid argument supplied for foreach() /Applications/XAMPP/xamppfiles/htdocs/duk/Application/Home/Controller/QuestionController.class.php 第 511 行.

[ 2015-08-12T10:05:27+08:00 ] 127.0.0.1 /duk/index.php/User/getUserInfo
INFO: [ app_begin ] --START--
INFO: Run Behavior\ReadHtmlCacheBehavior [ RunTime:0.000396s ]
INFO: [ app_begin ] --END-- [ RunTime:0.000661s ]
SQL: SHOW COLUMNS FROM `user` [ RunTime:0.0050s ]
SQL: SELECT * FROM `user` WHERE `uid` = '1' LIMIT 1   [ RunTime:0.0003s ]

[ 2015-08-12T10:05:41+08:00 ] 127.0.0.1 /duk/index.php/User/getUid
INFO: [ app_begin ] --START--
INFO: Run Behavior\ReadHtmlCacheBehavior [ RunTime:0.000393s ]
INFO: [ app_begin ] --END-- [ RunTime:0.000722s ]

[ 2015-08-12T10:05:41+08:00 ] 127.0.0.1 /duk/index.php/User/getUserInfo
INFO: [ app_begin ] --START--
INFO: Run Behavior\ReadHtmlCacheBehavior [ RunTime:0.000247s ]
INFO: [ app_begin ] --END-- [ RunTime:0.000440s ]
SQL: SHOW COLUMNS FROM `user` [ RunTime:0.0038s ]
SQL: SELECT * FROM `user` WHERE `uid` = '1' LIMIT 1   [ RunTime:0.0005s ]

[ 2015-08-12T10:05:49+08:00 ] 127.0.0.1 /duk/index.php/User/getUid
INFO: [ app_begin ] --START--
INFO: Run Behavior\ReadHtmlCacheBehavior [ RunTime:0.001856s ]
INFO: [ app_begin ] --END-- [ RunTime:0.002422s ]

[ 2015-08-12T10:05:49+08:00 ] 127.0.0.1 /duk/index.php/User/getUserInfo
INFO: [ app_begin ] --START--
INFO: Run Behavior\ReadHtmlCacheBehavior [ RunTime:0.000247s ]
INFO: [ app_begin ] --END-- [ RunTime:0.000454s ]
SQL: SHOW COLUMNS FROM `user` [ RunTime:0.0034s ]
SQL: SELECT * FROM `user` WHERE `uid` = '1' LIMIT 1   [ RunTime:0.0002s ]

[ 2015-08-12T10:05:55+08:00 ] 127.0.0.1 /duk/index.php/User/login.html
INFO: [ app_begin ] --START--
INFO: Run Behavior\ReadHtmlCacheBehavior [ RunTime:0.000360s ]
INFO: [ app_begin ] --END-- [ RunTime:0.000643s ]
SQL: SHOW COLUMNS FROM `user` [ RunTime:0.0023s ]
SQL: SELECT * FROM `user` WHERE `name` = 'wbx' AND `pwd` = 'wbx' LIMIT 1   [ RunTime:0.0003s ]

[ 2015-08-12T10:05:56+08:00 ] 127.0.0.1 /duk/index.php/User/getUid
INFO: [ app_begin ] --START--
INFO: Run Behavior\ReadHtmlCacheBehavior [ RunTime:0.000253s ]
INFO: [ app_begin ] --END-- [ RunTime:0.000472s ]

[ 2015-08-12T10:05:56+08:00 ] 127.0.0.1 /duk/index.php/Question/queryUser
INFO: [ app_begin ] --START--
INFO: Run Behavior\ReadHtmlCacheBehavior [ RunTime:0.000258s ]
INFO: [ app_begin ] --END-- [ RunTime:0.000479s ]
SQL: SHOW COLUMNS FROM `user` [ RunTime:0.0019s ]
SQL: SELECT COUNT(*) AS tp_count FROM `user` WHERE ( state=0 ) LIMIT 1   [ RunTime:0.0006s ]
SQL: SELECT * FROM `user` WHERE ( state=0 ) ORDER BY uid LIMIT 0,6   [ RunTime:0.0008s ]

[ 2015-08-12T10:05:56+08:00 ] 127.0.0.1 /duk/index.php/User/getUserInfo
INFO: [ app_begin ] --START--
INFO: Run Behavior\ReadHtmlCacheBehavior [ RunTime:0.000234s ]
INFO: [ app_begin ] --END-- [ RunTime:0.000418s ]
SQL: SHOW COLUMNS FROM `user` [ RunTime:0.0021s ]
SQL: SELECT * FROM `user` WHERE `uid` = '1' LIMIT 1   [ RunTime:0.0002s ]

[ 2015-08-12T10:06:30+08:00 ] 127.0.0.1 /duk/index.php/User/getUid
INFO: [ app_begin ] --START--
INFO: Run Behavior\ReadHtmlCacheBehavior [ RunTime:0.000349s ]
INFO: [ app_begin ] --END-- [ RunTime:0.000578s ]

[ 2015-08-12T10:06:30+08:00 ] 127.0.0.1 /duk/index.php/User/getUid
INFO: [ app_begin ] --START--
INFO: Run Behavior\ReadHtmlCacheBehavior [ RunTime:0.000458s ]
INFO: [ app_begin ] --END-- [ RunTime:0.000843s ]

[ 2015-08-12T10:06:30+08:00 ] 127.0.0.1 /duk/index.php/User/getUserInfo
INFO: [ app_begin ] --START--
INFO: Run Behavior\ReadHtmlCacheBehavior [ RunTime:0.000360s ]
INFO: [ app_begin ] --END-- [ RunTime:0.000626s ]
SQL: SHOW COLUMNS FROM `user` [ RunTime:0.0052s ]
SQL: SELECT * FROM `user` WHERE `uid` = '1' LIMIT 1   [ RunTime:0.0004s ]

[ 2015-08-12T10:06:30+08:00 ] 127.0.0.1 /duk/index.php/User/getUserInfo
INFO: [ app_begin ] --START--
INFO: Run Behavior\ReadHtmlCacheBehavior [ RunTime:0.000259s ]
INFO: [ app_begin ] --END-- [ RunTime:0.000432s ]
SQL: SHOW COLUMNS FROM `user` [ RunTime:0.0027s ]
SQL: SELECT * FROM `user` WHERE `uid` = '1' LIMIT 1   [ RunTime:0.0005s ]

[ 2015-08-12T10:06:30+08:00 ] 127.0.0.1 /duk/index.php/Question/queryAll
INFO: [ app_begin ] --START--
INFO: Run Behavior\ReadHtmlCacheBehavior [ RunTime:0.000704s ]
INFO: [ app_begin ] --END-- [ RunTime:0.001799s ]
SQL: SHOW COLUMNS FROM `question` [ RunTime:0.0022s ]
SQL: SELECT COUNT(*) AS tp_count FROM `question` WHERE ( state=0 ) LIMIT 1   [ RunTime:0.0002s ]
SQL: SELECT * FROM `question` WHERE ( state=0 ) ORDER BY createTime LIMIT 0,2   [ RunTime:0.0002s ]

[ 2015-08-12T10:06:35+08:00 ] 127.0.0.1 /duk/index.php/User/getUid
INFO: [ app_begin ] --START--
INFO: Run Behavior\ReadHtmlCacheBehavior [ RunTime:0.000518s ]
INFO: [ app_begin ] --END-- [ RunTime:0.000965s ]

[ 2015-08-12T10:06:35+08:00 ] 127.0.0.1 /duk/index.php/User/getUid
INFO: [ app_begin ] --START--
INFO: Run Behavior\ReadHtmlCacheBehavior [ RunTime:0.000420s ]
INFO: [ app_begin ] --END-- [ RunTime:0.000779s ]

[ 2015-08-12T10:06:35+08:00 ] 127.0.0.1 /duk/index.php/User/getUserInfo
INFO: [ app_begin ] --START--
INFO: Run Behavior\ReadHtmlCacheBehavior [ RunTime:0.000339s ]
INFO: [ app_begin ] --END-- [ RunTime:0.000626s ]
SQL: SHOW COLUMNS FROM `user` [ RunTime:0.0047s ]
SQL: SELECT * FROM `user` WHERE `uid` = '1' LIMIT 1   [ RunTime:0.0003s ]

[ 2015-08-12T10:06:35+08:00 ] 127.0.0.1 /duk/index.php/User/getUserInfo
INFO: [ app_begin ] --START--
INFO: Run Behavior\ReadHtmlCacheBehavior [ RunTime:0.000514s ]
INFO: [ app_begin ] --END-- [ RunTime:0.000953s ]
SQL: SHOW COLUMNS FROM `user` [ RunTime:0.0026s ]
SQL: SELECT * FROM `user` WHERE `uid` = '1' LIMIT 1   [ RunTime:0.0009s ]

[ 2015-08-12T10:06:35+08:00 ] 127.0.0.1 /duk/index.php/Question/queryAll
INFO: [ app_begin ] --START--
INFO: Run Behavior\ReadHtmlCacheBehavior [ RunTime:0.000681s ]
INFO: [ app_begin ] --END-- [ RunTime:0.001090s ]
SQL: SHOW COLUMNS FROM `question` [ RunTime:0.0023s ]
SQL: SELECT COUNT(*) AS tp_count FROM `question` WHERE ( state=0 ) LIMIT 1   [ RunTime:0.0003s ]
SQL: SELECT * FROM `question` WHERE ( state=0 ) ORDER BY createTime LIMIT 0,2   [ RunTime:0.0003s ]

[ 2015-08-12T10:06:36+08:00 ] 127.0.0.1 /duk/index.php/User/getUid
INFO: [ app_begin ] --START--
INFO: Run Behavior\ReadHtmlCacheBehavior [ RunTime:0.000389s ]
INFO: [ app_begin ] --END-- [ RunTime:0.000690s ]

[ 2015-08-12T10:06:36+08:00 ] 127.0.0.1 /duk/index.php/Question/queryUser
INFO: [ app_begin ] --START--
INFO: Run Behavior\ReadHtmlCacheBehavior [ RunTime:0.000404s ]
INFO: [ app_begin ] --END-- [ RunTime:0.000660s ]
SQL: SHOW COLUMNS FROM `user` [ RunTime:0.0046s ]
SQL: SELECT COUNT(*) AS tp_count FROM `user` WHERE ( state=0 ) LIMIT 1   [ RunTime:0.0010s ]
SQL: SELECT * FROM `user` WHERE ( state=0 ) ORDER BY uid LIMIT 0,6   [ RunTime:0.0005s ]

[ 2015-08-12T10:06:36+08:00 ] 127.0.0.1 /duk/index.php/User/getUserInfo
INFO: [ app_begin ] --START--
INFO: Run Behavior\ReadHtmlCacheBehavior [ RunTime:0.000287s ]
INFO: [ app_begin ] --END-- [ RunTime:0.000515s ]
SQL: SHOW COLUMNS FROM `user` [ RunTime:0.0041s ]
SQL: SELECT * FROM `user` WHERE `uid` = '1' LIMIT 1   [ RunTime:0.0003s ]

[ 2015-08-12T10:06:42+08:00 ] 127.0.0.1 /duk/index.php/User/getUid
INFO: [ app_begin ] --START--
INFO: Run Behavior\ReadHtmlCacheBehavior [ RunTime:0.000399s ]
INFO: [ app_begin ] --END-- [ RunTime:0.000704s ]

[ 2015-08-12T10:06:42+08:00 ] 127.0.0.1 /duk/index.php/User/getUid
INFO: [ app_begin ] --START--
INFO: Run Behavior\ReadHtmlCacheBehavior [ RunTime:0.000510s ]
INFO: [ app_begin ] --END-- [ RunTime:0.001030s ]

[ 2015-08-12T10:06:42+08:00 ] 127.0.0.1 /duk/index.php/User/getUserInfo
INFO: [ app_begin ] --START--
INFO: Run Behavior\ReadHtmlCacheBehavior [ RunTime:0.000451s ]
INFO: [ app_begin ] --END-- [ RunTime:0.000902s ]
SQL: SHOW COLUMNS FROM `user` [ RunTime:0.0021s ]
SQL: SELECT * FROM `user` WHERE `uid` = '1' LIMIT 1   [ RunTime:0.0002s ]

[ 2015-08-12T10:06:42+08:00 ] 127.0.0.1 /duk/index.php/User/getUserInfo
INFO: [ app_begin ] --START--
INFO: Run Behavior\ReadHtmlCacheBehavior [ RunTime:0.000227s ]
INFO: [ app_begin ] --END-- [ RunTime:0.000433s ]
SQL: SHOW COLUMNS FROM `user` [ RunTime:0.0027s ]
SQL: SELECT * FROM `user` WHERE `uid` = '1' LIMIT 1   [ RunTime:0.0003s ]

[ 2015-08-12T10:06:42+08:00 ] 127.0.0.1 /duk/index.php/Question/queryAll
INFO: [ app_begin ] --START--
INFO: Run Behavior\ReadHtmlCacheBehavior [ RunTime:0.000315s ]
INFO: [ app_begin ] --END-- [ RunTime:0.000615s ]
SQL: SHOW COLUMNS FROM `question` [ RunTime:0.0026s ]
SQL: SELECT COUNT(*) AS tp_count FROM `question` WHERE ( state=0 ) LIMIT 1   [ RunTime:0.0003s ]
SQL: SELECT * FROM `question` WHERE ( state=0 ) ORDER BY createTime LIMIT 0,2   [ RunTime:0.0005s ]

[ 2015-08-12T10:06:51+08:00 ] 127.0.0.1 /duk/index.php/User/getUid
INFO: [ app_begin ] --START--
INFO: Run Behavior\ReadHtmlCacheBehavior [ RunTime:0.000388s ]
INFO: [ app_begin ] --END-- [ RunTime:0.000671s ]

[ 2015-08-12T10:06:51+08:00 ] 127.0.0.1 /duk/index.php/Question/queryUser
INFO: [ app_begin ] --START--
INFO: Run Behavior\ReadHtmlCacheBehavior [ RunTime:0.000410s ]
INFO: [ app_begin ] --END-- [ RunTime:0.000810s ]
SQL: SHOW COLUMNS FROM `user` [ RunTime:0.0026s ]
SQL: SELECT COUNT(*) AS tp_count FROM `user` WHERE ( state=0 ) LIMIT 1   [ RunTime:0.0003s ]
SQL: SELECT * FROM `user` WHERE ( state=0 ) ORDER BY uid LIMIT 0,6   [ RunTime:0.0003s ]

[ 2015-08-12T10:06:51+08:00 ] 127.0.0.1 /duk/index.php/User/getUserInfo
INFO: [ app_begin ] --START--
INFO: Run Behavior\ReadHtmlCacheBehavior [ RunTime:0.000255s ]
INFO: [ app_begin ] --END-- [ RunTime:0.000452s ]
SQL: SHOW COLUMNS FROM `user` [ RunTime:0.0043s ]
SQL: SELECT * FROM `user` WHERE `uid` = '1' LIMIT 1   [ RunTime:0.0003s ]

[ 2015-08-12T10:08:39+08:00 ] 127.0.0.1 /duk/index.php/User/getUid
INFO: [ app_begin ] --START--
INFO: Run Behavior\ReadHtmlCacheBehavior [ RunTime:0.000519s ]
INFO: [ app_begin ] --END-- [ RunTime:0.000960s ]

[ 2015-08-12T10:08:39+08:00 ] 127.0.0.1 /duk/index.php/User/getUserInfo
INFO: [ app_begin ] --START--
INFO: Run Behavior\ReadHtmlCacheBehavior [ RunTime:0.000755s ]
INFO: [ app_begin ] --END-- [ RunTime:0.001434s ]
SQL: SHOW COLUMNS FROM `user` [ RunTime:0.0022s ]
SQL: SELECT * FROM `user` WHERE `uid` = '1' LIMIT 1   [ RunTime:0.0003s ]

[ 2015-08-12T10:08:53+08:00 ] 127.0.0.1 /duk/index.php/Question/create
INFO: [ app_begin ] --START--
INFO: Run Behavior\ReadHtmlCacheBehavior [ RunTime:0.000264s ]
INFO: [ app_begin ] --END-- [ RunTime:0.000448s ]
SQL: SHOW COLUMNS FROM `question` [ RunTime:0.0022s ]
SQL: INSERT INTO `question` (`title`,`content`,`createTime`,`uid`,`tag`,`state`) VALUES ('adad','adssa','2015-08-12 10:08:53','1','[\"null\"]','0') [ RunTime:0.0021s ]
INFO: [ app_end ] --START--
INFO: Run Behavior\ShowPageTraceBehavior [ RunTime:0.003088s ]
INFO: [ app_end ] --END-- [ RunTime:0.003164s ]

[ 2015-08-12T10:08:53+08:00 ] 127.0.0.1 /duk/index.php/User/getUid
INFO: [ app_begin ] --START--
INFO: Run Behavior\ReadHtmlCacheBehavior [ RunTime:0.000249s ]
INFO: [ app_begin ] --END-- [ RunTime:0.000430s ]

[ 2015-08-12T10:08:53+08:00 ] 127.0.0.1 /duk/index.php/Question/queryUser
INFO: [ app_begin ] --START--
INFO: Run Behavior\ReadHtmlCacheBehavior [ RunTime:0.000384s ]
INFO: [ app_begin ] --END-- [ RunTime:0.000701s ]
SQL: SHOW COLUMNS FROM `user` [ RunTime:0.0022s ]
SQL: SELECT COUNT(*) AS tp_count FROM `user` WHERE ( state=0 ) LIMIT 1   [ RunTime:0.0003s ]
SQL: SELECT * FROM `user` WHERE ( state=0 ) ORDER BY uid LIMIT 0,6   [ RunTime:0.0002s ]

[ 2015-08-12T10:08:53+08:00 ] 127.0.0.1 /duk/index.php/User/getUserInfo
INFO: [ app_begin ] --START--
INFO: Run Behavior\ReadHtmlCacheBehavior [ RunTime:0.000521s ]
INFO: [ app_begin ] --END-- [ RunTime:0.001037s ]
SQL: SHOW COLUMNS FROM `user` [ RunTime:0.0022s ]
SQL: SELECT * FROM `user` WHERE `uid` = '1' LIMIT 1   [ RunTime:0.0002s ]

[ 2015-08-12T10:08:55+08:00 ] 127.0.0.1 /duk/index.php/User/getUid
INFO: [ app_begin ] --START--
INFO: Run Behavior\ReadHtmlCacheBehavior [ RunTime:0.000400s ]
INFO: [ app_begin ] --END-- [ RunTime:0.000705s ]

[ 2015-08-12T10:08:55+08:00 ] 127.0.0.1 /duk/index.php/User/getUid
INFO: [ app_begin ] --START--
INFO: Run Behavior\ReadHtmlCacheBehavior [ RunTime:0.000406s ]
INFO: [ app_begin ] --END-- [ RunTime:0.000742s ]

[ 2015-08-12T10:08:55+08:00 ] 127.0.0.1 /duk/index.php/User/getUserInfo
INFO: [ app_begin ] --START--
INFO: Run Behavior\ReadHtmlCacheBehavior [ RunTime:0.000372s ]
INFO: [ app_begin ] --END-- [ RunTime:0.000653s ]
SQL: SHOW COLUMNS FROM `user` [ RunTime:0.0022s ]
SQL: SELECT * FROM `user` WHERE `uid` = '1' LIMIT 1   [ RunTime:0.0002s ]

[ 2015-08-12T10:08:55+08:00 ] 127.0.0.1 /duk/index.php/User/getUserInfo
INFO: [ app_begin ] --START--
INFO: Run Behavior\ReadHtmlCacheBehavior [ RunTime:0.000554s ]
INFO: [ app_begin ] --END-- [ RunTime:0.001027s ]
SQL: SHOW COLUMNS FROM `user` [ RunTime:0.0028s ]
SQL: SELECT * FROM `user` WHERE `uid` = '1' LIMIT 1   [ RunTime:0.0006s ]

[ 2015-08-12T10:08:55+08:00 ] 127.0.0.1 /duk/index.php/Question/queryAll
INFO: [ app_begin ] --START--
INFO: Run Behavior\ReadHtmlCacheBehavior [ RunTime:0.000272s ]
INFO: [ app_begin ] --END-- [ RunTime:0.000525s ]
SQL: SHOW COLUMNS FROM `question` [ RunTime:0.0022s ]
SQL: SELECT COUNT(*) AS tp_count FROM `question` WHERE ( state=0 ) LIMIT 1   [ RunTime:0.0002s ]
SQL: SELECT * FROM `question` WHERE ( state=0 ) ORDER BY createTime LIMIT 0,2   [ RunTime:0.0002s ]

[ 2015-08-12T10:09:01+08:00 ] 127.0.0.1 /duk/index.php/User/getUid
INFO: [ app_begin ] --START--
INFO: Run Behavior\ReadHtmlCacheBehavior [ RunTime:0.000702s ]
INFO: [ app_begin ] --END-- [ RunTime:0.001429s ]

[ 2015-08-12T10:09:01+08:00 ] 127.0.0.1 /duk/index.php/User/getUid
INFO: [ app_begin ] --START--
INFO: Run Behavior\ReadHtmlCacheBehavior [ RunTime:0.000456s ]
INFO: [ app_begin ] --END-- [ RunTime:0.000769s ]

[ 2015-08-12T10:09:01+08:00 ] 127.0.0.1 /duk/index.php/User/getUserInfo
INFO: [ app_begin ] --START--
INFO: Run Behavior\ReadHtmlCacheBehavior [ RunTime:0.000802s ]
INFO: [ app_begin ] --END-- [ RunTime:0.001205s ]
SQL: SHOW COLUMNS FROM `user` [ RunTime:0.0042s ]
SQL: SELECT * FROM `user` WHERE `uid` = '1' LIMIT 1   [ RunTime:0.0009s ]

[ 2015-08-12T10:09:01+08:00 ] 127.0.0.1 /duk/index.php/User/getUserInfo
INFO: [ app_begin ] --START--
INFO: Run Behavior\ReadHtmlCacheBehavior [ RunTime:0.000264s ]
INFO: [ app_begin ] --END-- [ RunTime:0.000496s ]
SQL: SHOW COLUMNS FROM `user` [ RunTime:0.0044s ]
SQL: SELECT * FROM `user` WHERE `uid` = '1' LIMIT 1   [ RunTime:0.0010s ]

[ 2015-08-12T10:09:01+08:00 ] 127.0.0.1 /duk/index.php/Question/queryAll
INFO: [ app_begin ] --START--
INFO: Run Behavior\ReadHtmlCacheBehavior [ RunTime:0.000344s ]
INFO: [ app_begin ] --END-- [ RunTime:0.000592s ]
SQL: SHOW COLUMNS FROM `question` [ RunTime:0.0020s ]
SQL: SELECT COUNT(*) AS tp_count FROM `question` WHERE ( state=0 ) LIMIT 1   [ RunTime:0.0002s ]
SQL: SELECT * FROM `question` WHERE ( state=0 ) ORDER BY createTime LIMIT 0,2   [ RunTime:0.0003s ]

[ 2015-08-12T10:17:13+08:00 ] 127.0.0.1 /duk/index.php/User/getUid
INFO: [ app_begin ] --START--
INFO: Run Behavior\ReadHtmlCacheBehavior [ RunTime:0.002909s ]
INFO: [ app_begin ] --END-- [ RunTime:0.004830s ]

[ 2015-08-12T10:17:13+08:00 ] 127.0.0.1 /duk/index.php/User/getUid
INFO: [ app_begin ] --START--
INFO: Run Behavior\ReadHtmlCacheBehavior [ RunTime:0.002746s ]
INFO: [ app_begin ] --END-- [ RunTime:0.004512s ]

[ 2015-08-12T10:17:13+08:00 ] 127.0.0.1 /duk/index.php/User/getUserInfo
INFO: [ app_begin ] --START--
INFO: Run Behavior\ReadHtmlCacheBehavior [ RunTime:0.000379s ]
INFO: [ app_begin ] --END-- [ RunTime:0.000664s ]
SQL: SHOW COLUMNS FROM `user` [ RunTime:0.0047s ]
SQL: SELECT * FROM `user` WHERE `uid` = '1' LIMIT 1   [ RunTime:0.0003s ]

[ 2015-08-12T10:17:13+08:00 ] 127.0.0.1 /duk/index.php/User/getUserInfo
INFO: [ app_begin ] --START--
INFO: Run Behavior\ReadHtmlCacheBehavior [ RunTime:0.000635s ]
INFO: [ app_begin ] --END-- [ RunTime:0.001123s ]
SQL: SHOW COLUMNS FROM `user` [ RunTime:0.0027s ]
SQL: SELECT * FROM `user` WHERE `uid` = '1' LIMIT 1   [ RunTime:0.0007s ]

[ 2015-08-12T10:17:13+08:00 ] 127.0.0.1 /duk/index.php/Question/queryAll
INFO: [ app_begin ] --START--
INFO: Run Behavior\ReadHtmlCacheBehavior [ RunTime:0.000441s ]
INFO: [ app_begin ] --END-- [ RunTime:0.000802s ]
SQL: SHOW COLUMNS FROM `question` [ RunTime:0.0032s ]
SQL: SELECT COUNT(*) AS tp_count FROM `question` WHERE ( state=0 ) LIMIT 1   [ RunTime:0.0002s ]
SQL: SELECT * FROM `question` WHERE ( state=0 ) ORDER BY createTime LIMIT 0,2   [ RunTime:0.0002s ]

[ 2015-08-12T10:18:13+08:00 ] 127.0.0.1 /duk/index.php/User/getUid
INFO: [ app_begin ] --START--
INFO: Run Behavior\ReadHtmlCacheBehavior [ RunTime:0.000580s ]
INFO: [ app_begin ] --END-- [ RunTime:0.001070s ]

[ 2015-08-12T10:18:13+08:00 ] 127.0.0.1 /duk/index.php/User/getUid
INFO: [ app_begin ] --START--
INFO: Run Behavior\ReadHtmlCacheBehavior [ RunTime:0.000344s ]
INFO: [ app_begin ] --END-- [ RunTime:0.000717s ]

[ 2015-08-12T10:18:13+08:00 ] 127.0.0.1 /duk/index.php/User/getUserInfo
INFO: [ app_begin ] --START--
INFO: Run Behavior\ReadHtmlCacheBehavior [ RunTime:0.000351s ]
INFO: [ app_begin ] --END-- [ RunTime:0.000602s ]
SQL: SHOW COLUMNS FROM `user` [ RunTime:0.0029s ]
SQL: SELECT * FROM `user` WHERE `uid` = '1' LIMIT 1   [ RunTime:0.0012s ]

[ 2015-08-12T10:18:13+08:00 ] 127.0.0.1 /duk/index.php/User/getUserInfo
INFO: [ app_begin ] --START--
INFO: Run Behavior\ReadHtmlCacheBehavior [ RunTime:0.000467s ]
INFO: [ app_begin ] --END-- [ RunTime:0.000825s ]
SQL: SHOW COLUMNS FROM `user` [ RunTime:0.0026s ]
SQL: SELECT * FROM `user` WHERE `uid` = '1' LIMIT 1   [ RunTime:0.0004s ]

[ 2015-08-12T10:18:13+08:00 ] 127.0.0.1 /duk/index.php/Question/queryAll
INFO: [ app_begin ] --START--
INFO: Run Behavior\ReadHtmlCacheBehavior [ RunTime:0.000319s ]
INFO: [ app_begin ] --END-- [ RunTime:0.000486s ]
SQL: SHOW COLUMNS FROM `question` [ RunTime:0.0026s ]
SQL: SELECT COUNT(*) AS tp_count FROM `question` WHERE ( state=0 ) LIMIT 1   [ RunTime:0.0002s ]
SQL: SELECT * FROM `question` WHERE ( state=0 ) ORDER BY createTime LIMIT 0,2   [ RunTime:0.0002s ]

[ 2015-08-12T10:19:00+08:00 ] 127.0.0.1 /duk/index.php/User/getUid
INFO: [ app_begin ] --START--
INFO: Run Behavior\ReadHtmlCacheBehavior [ RunTime:0.000457s ]
INFO: [ app_begin ] --END-- [ RunTime:0.000969s ]

[ 2015-08-12T10:19:00+08:00 ] 127.0.0.1 /duk/index.php/User/getUid
INFO: [ app_begin ] --START--
INFO: Run Behavior\ReadHtmlCacheBehavior [ RunTime:0.001127s ]
INFO: [ app_begin ] --END-- [ RunTime:0.002074s ]

[ 2015-08-12T10:19:00+08:00 ] 127.0.0.1 /duk/index.php/User/getUserInfo
INFO: [ app_begin ] --START--
INFO: Run Behavior\ReadHtmlCacheBehavior [ RunTime:0.000274s ]
INFO: [ app_begin ] --END-- [ RunTime:0.000566s ]
SQL: SHOW COLUMNS FROM `user` [ RunTime:0.0020s ]
SQL: SELECT * FROM `user` WHERE `uid` = '1' LIMIT 1   [ RunTime:0.0003s ]

[ 2015-08-12T10:19:00+08:00 ] 127.0.0.1 /duk/index.php/User/getUserInfo
INFO: [ app_begin ] --START--
INFO: Run Behavior\ReadHtmlCacheBehavior [ RunTime:0.000226s ]
INFO: [ app_begin ] --END-- [ RunTime:0.000414s ]
SQL: SHOW COLUMNS FROM `user` [ RunTime:0.0027s ]
SQL: SELECT * FROM `user` WHERE `uid` = '1' LIMIT 1   [ RunTime:0.0004s ]

[ 2015-08-12T10:19:00+08:00 ] 127.0.0.1 /duk/index.php/Question/queryAll
INFO: [ app_begin ] --START--
INFO: Run Behavior\ReadHtmlCacheBehavior [ RunTime:0.000523s ]
INFO: [ app_begin ] --END-- [ RunTime:0.001096s ]
SQL: SHOW COLUMNS FROM `question` [ RunTime:0.0014s ]
SQL: SELECT COUNT(*) AS tp_count FROM `question` WHERE ( state=0 ) LIMIT 1   [ RunTime:0.0002s ]
SQL: SELECT * FROM `question` WHERE ( state=0 ) ORDER BY createTime LIMIT 0,2   [ RunTime:0.0002s ]

[ 2015-08-12T10:20:31+08:00 ] 127.0.0.1 /duk/index.php/User/getUid
INFO: [ app_begin ] --START--
INFO: Run Behavior\ReadHtmlCacheBehavior [ RunTime:0.000240s ]
INFO: [ app_begin ] --END-- [ RunTime:0.000425s ]

[ 2015-08-12T10:20:31+08:00 ] 127.0.0.1 /duk/index.php/User/getUserInfo
INFO: [ app_begin ] --START--
INFO: Run Behavior\ReadHtmlCacheBehavior [ RunTime:0.000240s ]
INFO: [ app_begin ] --END-- [ RunTime:0.000432s ]
SQL: SHOW COLUMNS FROM `user` [ RunTime:0.0043s ]
SQL: SELECT * FROM `user` WHERE `uid` = '1' LIMIT 1   [ RunTime:0.0006s ]

[ 2015-08-12T10:21:27+08:00 ] 127.0.0.1 /duk/index.php/User/getUid
INFO: [ app_begin ] --START--
INFO: Run Behavior\ReadHtmlCacheBehavior [ RunTime:0.000238s ]
INFO: [ app_begin ] --END-- [ RunTime:0.000434s ]

[ 2015-08-12T10:21:27+08:00 ] 127.0.0.1 /duk/index.php/User/getUserInfo
INFO: [ app_begin ] --START--
INFO: Run Behavior\ReadHtmlCacheBehavior [ RunTime:0.000228s ]
INFO: [ app_begin ] --END-- [ RunTime:0.000395s ]
SQL: SHOW COLUMNS FROM `user` [ RunTime:0.0032s ]
SQL: SELECT * FROM `user` WHERE `uid` = '2' LIMIT 1   [ RunTime:0.0003s ]

[ 2015-08-12T10:21:31+08:00 ] 127.0.0.1 /duk/index.php/User/getUid
INFO: [ app_begin ] --START--
INFO: Run Behavior\ReadHtmlCacheBehavior [ RunTime:0.000395s ]
INFO: [ app_begin ] --END-- [ RunTime:0.000728s ]

[ 2015-08-12T10:21:31+08:00 ] 127.0.0.1 /duk/index.php/User/getUserInfo
INFO: [ app_begin ] --START--
INFO: Run Behavior\ReadHtmlCacheBehavior [ RunTime:0.000389s ]
INFO: [ app_begin ] --END-- [ RunTime:0.000693s ]
SQL: SHOW COLUMNS FROM `user` [ RunTime:0.0040s ]
SQL: SELECT * FROM `user` WHERE `uid` = '2' LIMIT 1   [ RunTime:0.0002s ]

[ 2015-08-12T10:21:31+08:00 ] 127.0.0.1 /duk/index.php/User/getUid
INFO: [ app_begin ] --START--
INFO: Run Behavior\ReadHtmlCacheBehavior [ RunTime:0.000242s ]
INFO: [ app_begin ] --END-- [ RunTime:0.000436s ]

[ 2015-08-12T10:21:31+08:00 ] 127.0.0.1 /duk/index.php/User/getUserInfo
INFO: [ app_begin ] --START--
INFO: Run Behavior\ReadHtmlCacheBehavior [ RunTime:0.000236s ]
INFO: [ app_begin ] --END-- [ RunTime:0.000421s ]
SQL: SHOW COLUMNS FROM `user` [ RunTime:0.0021s ]
SQL: SELECT * FROM `user` WHERE `uid` = '2' LIMIT 1   [ RunTime:0.0002s ]

[ 2015-08-12T10:21:49+08:00 ] 127.0.0.1 /duk/index.php/User/getUid
INFO: [ app_begin ] --START--
INFO: Run Behavior\ReadHtmlCacheBehavior [ RunTime:0.000849s ]
INFO: [ app_begin ] --END-- [ RunTime:0.001288s ]

[ 2015-08-12T10:21:49+08:00 ] 127.0.0.1 /duk/index.php/User/getUserInfo
INFO: [ app_begin ] --START--
INFO: Run Behavior\ReadHtmlCacheBehavior [ RunTime:0.000434s ]
INFO: [ app_begin ] --END-- [ RunTime:0.000708s ]
SQL: SHOW COLUMNS FROM `user` [ RunTime:0.0031s ]
SQL: SELECT * FROM `user` WHERE `uid` = '2' LIMIT 1   [ RunTime:0.0011s ]

[ 2015-08-12T10:26:12+08:00 ] 127.0.0.1 /duk/index.php/User/getUid
INFO: [ app_begin ] --START--
INFO: Run Behavior\ReadHtmlCacheBehavior [ RunTime:0.001928s ]
INFO: [ app_begin ] --END-- [ RunTime:0.003486s ]

[ 2015-08-12T10:26:12+08:00 ] 127.0.0.1 /duk/index.php/User/getUserInfo
INFO: [ app_begin ] --START--
INFO: Run Behavior\ReadHtmlCacheBehavior [ RunTime:0.000379s ]
INFO: [ app_begin ] --END-- [ RunTime:0.000754s ]
SQL: SHOW COLUMNS FROM `user` [ RunTime:0.0045s ]
SQL: SELECT * FROM `user` WHERE `uid` = '2' LIMIT 1   [ RunTime:0.0004s ]

[ 2015-08-12T10:29:31+08:00 ] 127.0.0.1 /duk/index.php/User/getUid
INFO: [ app_begin ] --START--
INFO: Run Behavior\ReadHtmlCacheBehavior [ RunTime:0.000416s ]
INFO: [ app_begin ] --END-- [ RunTime:0.000773s ]

[ 2015-08-12T10:29:31+08:00 ] 127.0.0.1 /duk/index.php/User/getUserInfo
INFO: [ app_begin ] --START--
INFO: Run Behavior\ReadHtmlCacheBehavior [ RunTime:0.000386s ]
INFO: [ app_begin ] --END-- [ RunTime:0.000691s ]
SQL: SHOW COLUMNS FROM `user` [ RunTime:0.0045s ]
SQL: SELECT * FROM `user` WHERE `uid` = '3' LIMIT 1   [ RunTime:0.0003s ]

[ 2015-08-12T10:29:37+08:00 ] 127.0.0.1 /duk/index.php/User/getUid
INFO: [ app_begin ] --START--
INFO: Run Behavior\ReadHtmlCacheBehavior [ RunTime:0.000429s ]
INFO: [ app_begin ] --END-- [ RunTime:0.000751s ]

[ 2015-08-12T10:29:38+08:00 ] 127.0.0.1 /duk/index.php/User/getUserInfo
INFO: [ app_begin ] --START--
INFO: Run Behavior\ReadHtmlCacheBehavior [ RunTime:0.000421s ]
INFO: [ app_begin ] --END-- [ RunTime:0.000748s ]
SQL: SHOW COLUMNS FROM `user` [ RunTime:0.0025s ]
SQL: SELECT * FROM `user` WHERE `uid` = '4' LIMIT 1   [ RunTime:0.0003s ]

[ 2015-08-12T10:30:40+08:00 ] 127.0.0.1 /duk/index.php/User/getUid
INFO: [ app_begin ] --START--
INFO: Run Behavior\ReadHtmlCacheBehavior [ RunTime:0.000237s ]
INFO: [ app_begin ] --END-- [ RunTime:0.000428s ]

[ 2015-08-12T10:30:40+08:00 ] 127.0.0.1 /duk/index.php/User/getUserInfo
INFO: [ app_begin ] --START--
INFO: Run Behavior\ReadHtmlCacheBehavior [ RunTime:0.000263s ]
INFO: [ app_begin ] --END-- [ RunTime:0.000501s ]
SQL: SHOW COLUMNS FROM `user` [ RunTime:0.0024s ]
SQL: SELECT * FROM `user` WHERE `uid` = '4' LIMIT 1   [ RunTime:0.0002s ]

[ 2015-08-12T10:31:02+08:00 ] 127.0.0.1 /duk/index.php/User/Public/html
ERR: 非法操作:Public

[ 2015-08-12T10:32:02+08:00 ] 127.0.0.1 /duk/index.php/Public/html/
ERR: 无法加载控制器:Public

[ 2015-08-12T10:32:29+08:00 ] 127.0.0.1 /duk/index.php/User/getUid
INFO: [ app_begin ] --START--
INFO: Run Behavior\ReadHtmlCacheBehavior [ RunTime:0.000352s ]
INFO: [ app_begin ] --END-- [ RunTime:0.000601s ]

[ 2015-08-12T10:32:29+08:00 ] 127.0.0.1 /duk/index.php/Question/queryUser
INFO: [ app_begin ] --START--
INFO: Run Behavior\ReadHtmlCacheBehavior [ RunTime:0.000403s ]
INFO: [ app_begin ] --END-- [ RunTime:0.000732s ]
SQL: SHOW COLUMNS FROM `user` [ RunTime:0.0039s ]
SQL: SELECT COUNT(*) AS tp_count FROM `user` WHERE ( state=0 ) LIMIT 1   [ RunTime:0.0006s ]
SQL: SELECT * FROM `user` WHERE ( state=0 ) ORDER BY uid LIMIT 0,6   [ RunTime:0.0007s ]

[ 2015-08-12T10:32:29+08:00 ] 127.0.0.1 /duk/index.php/User/getUserInfo
INFO: [ app_begin ] --START--
INFO: Run Behavior\ReadHtmlCacheBehavior [ RunTime:0.000379s ]
INFO: [ app_begin ] --END-- [ RunTime:0.000645s ]
SQL: SHOW COLUMNS FROM `user` [ RunTime:0.0034s ]
SQL: SELECT * FROM `user` WHERE `uid` = '7' LIMIT 1   [ RunTime:0.0003s ]

[ 2015-08-12T10:32:40+08:00 ] 127.0.0.1 /duk/index.php/User/getUid
INFO: [ app_begin ] --START--
INFO: Run Behavior\ReadHtmlCacheBehavior [ RunTime:0.000526s ]
INFO: [ app_begin ] --END-- [ RunTime:0.000855s ]

[ 2015-08-12T10:32:40+08:00 ] 127.0.0.1 /duk/index.php/User/getUid
INFO: [ app_begin ] --START--
INFO: Run Behavior\ReadHtmlCacheBehavior [ RunTime:0.000513s ]
INFO: [ app_begin ] --END-- [ RunTime:0.001034s ]

[ 2015-08-12T10:32:40+08:00 ] 127.0.0.1 /duk/index.php/User/getUserInfo
INFO: [ app_begin ] --START--
INFO: Run Behavior\ReadHtmlCacheBehavior [ RunTime:0.000239s ]
INFO: [ app_begin ] --END-- [ RunTime:0.000440s ]
SQL: SHOW COLUMNS FROM `user` [ RunTime:0.0023s ]
SQL: SELECT * FROM `user` WHERE `uid` = '7' LIMIT 1   [ RunTime:0.0008s ]

[ 2015-08-12T10:32:40+08:00 ] 127.0.0.1 /duk/index.php/User/getUserInfo
INFO: [ app_begin ] --START--
INFO: Run Behavior\ReadHtmlCacheBehavior [ RunTime:0.000235s ]
INFO: [ app_begin ] --END-- [ RunTime:0.000411s ]
SQL: SHOW COLUMNS FROM `user` [ RunTime:0.0035s ]
SQL: SELECT * FROM `user` WHERE `uid` = '7' LIMIT 1   [ RunTime:0.0003s ]

[ 2015-08-12T10:32:40+08:00 ] 127.0.0.1 /duk/index.php/Question/queryAll
INFO: [ app_begin ] --START--
INFO: Run Behavior\ReadHtmlCacheBehavior [ RunTime:0.000576s ]
INFO: [ app_begin ] --END-- [ RunTime:0.001057s ]
SQL: SHOW COLUMNS FROM `question` [ RunTime:0.0021s ]
SQL: SELECT COUNT(*) AS tp_count FROM `question` WHERE ( state=0 ) LIMIT 1   [ RunTime:0.0003s ]
SQL: SELECT * FROM `question` WHERE ( state=0 ) ORDER BY createTime LIMIT 0,2   [ RunTime:0.0005s ]

[ 2015-08-12T10:33:35+08:00 ] 127.0.0.1 /duk/index.php/User/getUid
INFO: [ app_begin ] --START--
INFO: Run Behavior\ReadHtmlCacheBehavior [ RunTime:0.000506s ]
INFO: [ app_begin ] --END-- [ RunTime:0.001040s ]

[ 2015-08-12T10:33:35+08:00 ] 127.0.0.1 /duk/index.php/Question/queryOne
INFO: [ app_begin ] --START--
INFO: Run Behavior\ReadHtmlCacheBehavior [ RunTime:0.000429s ]
INFO: [ app_begin ] --END-- [ RunTime:0.000861s ]
SQL: SHOW COLUMNS FROM `question` [ RunTime:0.0052s ]
SQL: SELECT * FROM `question` WHERE `qid` = '3' LIMIT 1   [ RunTime:0.0004s ]

[ 2015-08-12T10:33:35+08:00 ] 127.0.0.1 /duk/index.php/User/getUid
INFO: [ app_begin ] --START--
INFO: Run Behavior\ReadHtmlCacheBehavior [ RunTime:0.000759s ]
INFO: [ app_begin ] --END-- [ RunTime:0.001396s ]

[ 2015-08-12T10:33:35+08:00 ] 127.0.0.1 /duk/index.php/User/getUserInfo
INFO: [ app_begin ] --START--
INFO: Run Behavior\ReadHtmlCacheBehavior [ RunTime:0.000404s ]
INFO: [ app_begin ] --END-- [ RunTime:0.000666s ]
SQL: SHOW COLUMNS FROM `user` [ RunTime:0.0039s ]
SQL: SELECT * FROM `user` WHERE `uid` = '7' LIMIT 1   [ RunTime:0.0002s ]

[ 2015-08-12T10:33:37+08:00 ] 127.0.0.1 /duk/index.php/User/getUid
INFO: [ app_begin ] --START--
INFO: Run Behavior\ReadHtmlCacheBehavior [ RunTime:0.000325s ]
INFO: [ app_begin ] --END-- [ RunTime:0.000623s ]

[ 2015-08-12T10:33:37+08:00 ] 127.0.0.1 /duk/index.php/User/getUid
INFO: [ app_begin ] --START--
INFO: Run Behavior\ReadHtmlCacheBehavior [ RunTime:0.000396s ]
INFO: [ app_begin ] --END-- [ RunTime:0.000779s ]

[ 2015-08-12T10:33:37+08:00 ] 127.0.0.1 /duk/index.php/User/getUserInfo
INFO: [ app_begin ] --START--
INFO: Run Behavior\ReadHtmlCacheBehavior [ RunTime:0.000448s ]
INFO: [ app_begin ] --END-- [ RunTime:0.000819s ]
SQL: SHOW COLUMNS FROM `user` [ RunTime:0.0046s ]
SQL: SELECT * FROM `user` WHERE `uid` = '7' LIMIT 1   [ RunTime:0.0008s ]

[ 2015-08-12T10:33:37+08:00 ] 127.0.0.1 /duk/index.php/User/getUserInfo
INFO: [ app_begin ] --START--
INFO: Run Behavior\ReadHtmlCacheBehavior [ RunTime:0.000392s ]
INFO: [ app_begin ] --END-- [ RunTime:0.000672s ]
SQL: SHOW COLUMNS FROM `user` [ RunTime:0.0033s ]
SQL: SELECT * FROM `user` WHERE `uid` = '7' LIMIT 1   [ RunTime:0.0002s ]

[ 2015-08-12T10:33:37+08:00 ] 127.0.0.1 /duk/index.php/Question/queryAll
INFO: [ app_begin ] --START--
INFO: Run Behavior\ReadHtmlCacheBehavior [ RunTime:0.000279s ]
INFO: [ app_begin ] --END-- [ RunTime:0.000609s ]
SQL: SHOW COLUMNS FROM `question` [ RunTime:0.0023s ]
SQL: SELECT COUNT(*) AS tp_count FROM `question` WHERE ( state=0 ) LIMIT 1   [ RunTime:0.0005s ]
SQL: SELECT * FROM `question` WHERE ( state=0 ) ORDER BY createTime LIMIT 0,2   [ RunTime:0.0005s ]

[ 2015-08-12T10:33:38+08:00 ] 127.0.0.1 /duk/index.php/User/getUid
INFO: [ app_begin ] --START--
INFO: Run Behavior\ReadHtmlCacheBehavior [ RunTime:0.000390s ]
INFO: [ app_begin ] --END-- [ RunTime:0.000629s ]

[ 2015-08-12T10:33:38+08:00 ] 127.0.0.1 /duk/index.php/User/getUid
INFO: [ app_begin ] --START--
INFO: Run Behavior\ReadHtmlCacheBehavior [ RunTime:0.000366s ]
INFO: [ app_begin ] --END-- [ RunTime:0.000652s ]

[ 2015-08-12T10:33:38+08:00 ] 127.0.0.1 /duk/index.php/Question/queryOne
INFO: [ app_begin ] --START--
INFO: Run Behavior\ReadHtmlCacheBehavior [ RunTime:0.000523s ]
INFO: [ app_begin ] --END-- [ RunTime:0.000999s ]
SQL: SHOW COLUMNS FROM `question` [ RunTime:0.0024s ]
SQL: SELECT * FROM `question` WHERE `qid` = '3' LIMIT 1   [ RunTime:0.0003s ]

[ 2015-08-12T10:33:38+08:00 ] 127.0.0.1 /duk/index.php/User/getUserInfo
INFO: [ app_begin ] --START--
INFO: Run Behavior\ReadHtmlCacheBehavior [ RunTime:0.000314s ]
INFO: [ app_begin ] --END-- [ RunTime:0.000638s ]
SQL: SHOW COLUMNS FROM `user` [ RunTime:0.0047s ]
SQL: SELECT * FROM `user` WHERE `uid` = '7' LIMIT 1   [ RunTime:0.0004s ]

[ 2015-08-12T10:33:44+08:00 ] 127.0.0.1 /duk/index.php/User/getUid
INFO: [ app_begin ] --START--
INFO: Run Behavior\ReadHtmlCacheBehavior [ RunTime:0.000226s ]
INFO: [ app_begin ] --END-- [ RunTime:0.000399s ]

[ 2015-08-12T10:33:44+08:00 ] 127.0.0.1 /duk/index.php/User/getUserInfo
INFO: [ app_begin ] --START--
INFO: Run Behavior\ReadHtmlCacheBehavior [ RunTime:0.000814s ]
INFO: [ app_begin ] --END-- [ RunTime:0.001301s ]
SQL: SHOW COLUMNS FROM `user` [ RunTime:0.0030s ]
SQL: SELECT * FROM `user` WHERE `uid` = '7' LIMIT 1   [ RunTime:0.0002s ]

[ 2015-08-12T10:33:47+08:00 ] 127.0.0.1 /duk/index.php/Question/reply
INFO: [ app_begin ] --START--
INFO: Run Behavior\ReadHtmlCacheBehavior [ RunTime:0.000421s ]
INFO: [ app_begin ] --END-- [ RunTime:0.000644s ]
SQL: SHOW COLUMNS FROM `qreply` [ RunTime:0.0022s ]
SQL: INSERT INTO `qreply` (`content`,`qid`,`createTime`,`uid`,`zan`) VALUES ('123','3','2015-08-12 10:33:47','7','0') [ RunTime:0.0008s ]
INFO: [ app_end ] --START--
INFO: Run Behavior\ShowPageTraceBehavior [ RunTime:0.000555s ]
INFO: [ app_end ] --END-- [ RunTime:0.000599s ]

[ 2015-08-12T10:33:47+08:00 ] 127.0.0.1 /duk/index.php/User/getUid
INFO: [ app_begin ] --START--
INFO: Run Behavior\ReadHtmlCacheBehavior [ RunTime:0.000364s ]
INFO: [ app_begin ] --END-- [ RunTime:0.000672s ]

[ 2015-08-12T10:33:47+08:00 ] 127.0.0.1 /duk/index.php/Question/queryUser
INFO: [ app_begin ] --START--
INFO: Run Behavior\ReadHtmlCacheBehavior [ RunTime:0.000300s ]
INFO: [ app_begin ] --END-- [ RunTime:0.000524s ]
SQL: SHOW COLUMNS FROM `user` [ RunTime:0.0026s ]
SQL: SELECT COUNT(*) AS tp_count FROM `user` WHERE ( state=0 ) LIMIT 1   [ RunTime:0.0002s ]
SQL: SELECT * FROM `user` WHERE ( state=0 ) ORDER BY uid LIMIT 0,6   [ RunTime:0.0002s ]

[ 2015-08-12T10:33:47+08:00 ] 127.0.0.1 /duk/index.php/User/getUserInfo
INFO: [ app_begin ] --START--
INFO: Run Behavior\ReadHtmlCacheBehavior [ RunTime:0.000321s ]
INFO: [ app_begin ] --END-- [ RunTime:0.000618s ]
SQL: SHOW COLUMNS FROM `user` [ RunTime:0.0022s ]
SQL: SELECT * FROM `user` WHERE `uid` = '7' LIMIT 1   [ RunTime:0.0003s ]

[ 2015-08-12T10:33:49+08:00 ] 127.0.0.1 /duk/index.php/User/getUid
INFO: [ app_begin ] --START--
INFO: Run Behavior\ReadHtmlCacheBehavior [ RunTime:0.000570s ]
INFO: [ app_begin ] --END-- [ RunTime:0.000961s ]

[ 2015-08-12T10:33:49+08:00 ] 127.0.0.1 /duk/index.php/User/getUid
INFO: [ app_begin ] --START--
INFO: Run Behavior\ReadHtmlCacheBehavior [ RunTime:0.001542s ]
INFO: [ app_begin ] --END-- [ RunTime:0.005786s ]

[ 2015-08-12T10:33:49+08:00 ] 127.0.0.1 /duk/index.php/User/getUserInfo
INFO: [ app_begin ] --START--
INFO: Run Behavior\ReadHtmlCacheBehavior [ RunTime:0.000485s ]
INFO: [ app_begin ] --END-- [ RunTime:0.001529s ]
SQL: SHOW COLUMNS FROM `user` [ RunTime:0.0027s ]
SQL: SELECT * FROM `user` WHERE `uid` = '7' LIMIT 1   [ RunTime:0.0003s ]

[ 2015-08-12T10:33:49+08:00 ] 127.0.0.1 /duk/index.php/User/getUserInfo
INFO: [ app_begin ] --START--
INFO: Run Behavior\ReadHtmlCacheBehavior [ RunTime:0.000441s ]
INFO: [ app_begin ] --END-- [ RunTime:0.000775s ]
SQL: SHOW COLUMNS FROM `user` [ RunTime:0.0038s ]
SQL: SELECT * FROM `user` WHERE `uid` = '7' LIMIT 1   [ RunTime:0.0003s ]

[ 2015-08-12T10:33:49+08:00 ] 127.0.0.1 /duk/index.php/Question/queryAll
INFO: [ app_begin ] --START--
INFO: Run Behavior\ReadHtmlCacheBehavior [ RunTime:0.000358s ]
INFO: [ app_begin ] --END-- [ RunTime:0.000709s ]
SQL: SHOW COLUMNS FROM `question` [ RunTime:0.0024s ]
SQL: SELECT COUNT(*) AS tp_count FROM `question` WHERE ( state=0 ) LIMIT 1   [ RunTime:0.0002s ]
SQL: SELECT * FROM `question` WHERE ( state=0 ) ORDER BY createTime LIMIT 0,2   [ RunTime:0.0002s ]

[ 2015-08-12T10:33:50+08:00 ] 127.0.0.1 /duk/index.php/User/getUid
INFO: [ app_begin ] --START--
INFO: Run Behavior\ReadHtmlCacheBehavior [ RunTime:0.000663s ]
INFO: [ app_begin ] --END-- [ RunTime:0.001137s ]

[ 2015-08-12T10:33:50+08:00 ] 127.0.0.1 /duk/index.php/Question/queryOne
INFO: [ app_begin ] --START--
INFO: Run Behavior\ReadHtmlCacheBehavior [ RunTime:0.000250s ]
INFO: [ app_begin ] --END-- [ RunTime:0.000466s ]
SQL: SHOW COLUMNS FROM `question` [ RunTime:0.0027s ]
SQL: SELECT * FROM `question` WHERE `qid` = '3' LIMIT 1   [ RunTime:0.0004s ]

[ 2015-08-12T10:33:50+08:00 ] 127.0.0.1 /duk/index.php/User/getUserInfo
INFO: [ app_begin ] --START--
INFO: Run Behavior\ReadHtmlCacheBehavior [ RunTime:0.000406s ]
INFO: [ app_begin ] --END-- [ RunTime:0.000731s ]
SQL: SHOW COLUMNS FROM `user` [ RunTime:0.0027s ]
SQL: SELECT * FROM `user` WHERE `uid` = '7' LIMIT 1   [ RunTime:0.0003s ]

[ 2015-08-12T10:33:57+08:00 ] 127.0.0.1 /duk/index.php/Question/queryOne
INFO: [ app_begin ] --START--
INFO: Run Behavior\ReadHtmlCacheBehavior [ RunTime:0.000425s ]
INFO: [ app_begin ] --END-- [ RunTime:0.000733s ]
SQL: SHOW COLUMNS FROM `question` [ RunTime:0.0032s ]
SQL: SELECT * FROM `question` WHERE `qid` = '1' LIMIT 1   [ RunTime:0.0003s ]

[ 2015-08-12T10:33:57+08:00 ] 127.0.0.1 /duk/index.php/User/getUid
INFO: [ app_begin ] --START--
INFO: Run Behavior\ReadHtmlCacheBehavior [ RunTime:0.000554s ]
INFO: [ app_begin ] --END-- [ RunTime:0.001226s ]

[ 2015-08-12T10:33:57+08:00 ] 127.0.0.1 /duk/index.php/User/getUserInfo
INFO: [ app_begin ] --START--
INFO: Run Behavior\ReadHtmlCacheBehavior [ RunTime:0.000262s ]
INFO: [ app_begin ] --END-- [ RunTime:0.000497s ]
SQL: SHOW COLUMNS FROM `user` [ RunTime:0.0025s ]
SQL: SELECT * FROM `user` WHERE `uid` = '7' LIMIT 1   [ RunTime:0.0002s ]

[ 2015-08-12T10:35:22+08:00 ] 127.0.0.1 /duk/index.php/User/getUid
INFO: [ app_begin ] --START--
INFO: Run Behavior\ReadHtmlCacheBehavior [ RunTime:0.000691s ]
INFO: [ app_begin ] --END-- [ RunTime:0.001173s ]

[ 2015-08-12T10:35:22+08:00 ] 127.0.0.1 /duk/index.php/User/getUid
INFO: [ app_begin ] --START--
INFO: Run Behavior\ReadHtmlCacheBehavior [ RunTime:0.000300s ]
INFO: [ app_begin ] --END-- [ RunTime:0.000555s ]

[ 2015-08-12T10:35:22+08:00 ] 127.0.0.1 /duk/index.php/User/userFollowList
INFO: [ app_begin ] --START--
INFO: Run Behavior\ReadHtmlCacheBehavior [ RunTime:0.000350s ]
INFO: [ app_begin ] --END-- [ RunTime:0.000610s ]
SQL: SHOW COLUMNS FROM `follow` [ RunTime:0.0046s ]
SQL: SELECT * FROM `follow` WHERE `from_uid` = '7'  [ RunTime:0.0003s ]
NOTIC: [2] Invalid argument supplied for foreach() /Applications/XAMPP/xamppfiles/htdocs/duk/Application/Home/Controller/UserController.class.php 第 344 行.

[ 2015-08-12T10:35:22+08:00 ] 127.0.0.1 /duk/index.php/Question/questionFollowList
INFO: [ app_begin ] --START--
INFO: Run Behavior\ReadHtmlCacheBehavior [ RunTime:0.000362s ]
INFO: [ app_begin ] --END-- [ RunTime:0.000625s ]
SQL: SHOW COLUMNS FROM `collectq` [ RunTime:0.0021s ]
SQL: SELECT * FROM `collectq` WHERE `uid` = ''  [ RunTime:0.0002s ]
NOTIC: [2] Invalid argument supplied for foreach() /Applications/XAMPP/xamppfiles/htdocs/duk/Application/Home/Controller/QuestionController.class.php 第 511 行.

[ 2015-08-12T10:35:22+08:00 ] 127.0.0.1 /duk/index.php/User/getUserInfo
INFO: [ app_begin ] --START--
INFO: Run Behavior\ReadHtmlCacheBehavior [ RunTime:0.000599s ]
INFO: [ app_begin ] --END-- [ RunTime:0.000986s ]
SQL: SHOW COLUMNS FROM `user` [ RunTime:0.0019s ]
SQL: SELECT * FROM `user` WHERE `uid` = '7' LIMIT 1   [ RunTime:0.0002s ]

[ 2015-08-12T10:35:22+08:00 ] 127.0.0.1 /duk/index.php/User/getUserInfo
INFO: [ app_begin ] --START--
INFO: Run Behavior\ReadHtmlCacheBehavior [ RunTime:0.000240s ]
INFO: [ app_begin ] --END-- [ RunTime:0.000426s ]
SQL: SHOW COLUMNS FROM `user` [ RunTime:0.0024s ]
SQL: SELECT * FROM `user` WHERE `uid` = '7' LIMIT 1   [ RunTime:0.0003s ]

[ 2015-08-12T10:35:29+08:00 ] 127.0.0.1 /duk/index.php/User/getUid
INFO: [ app_begin ] --START--
INFO: Run Behavior\ReadHtmlCacheBehavior [ RunTime:0.000235s ]
INFO: [ app_begin ] --END-- [ RunTime:0.000416s ]

[ 2015-08-12T10:35:29+08:00 ] 127.0.0.1 /duk/index.php/Question/queryUser
INFO: [ app_begin ] --START--
INFO: Run Behavior\ReadHtmlCacheBehavior [ RunTime:0.000234s ]
INFO: [ app_begin ] --END-- [ RunTime:0.000417s ]
SQL: SHOW COLUMNS FROM `user` [ RunTime:0.0042s ]
SQL: SELECT COUNT(*) AS tp_count FROM `user` WHERE ( state=0 ) LIMIT 1   [ RunTime:0.0003s ]
SQL: SELECT * FROM `user` WHERE ( state=0 ) ORDER BY uid LIMIT 0,6   [ RunTime:0.0003s ]

[ 2015-08-12T10:35:29+08:00 ] 127.0.0.1 /duk/index.php/User/getUserInfo
INFO: [ app_begin ] --START--
INFO: Run Behavior\ReadHtmlCacheBehavior [ RunTime:0.000449s ]
INFO: [ app_begin ] --END-- [ RunTime:0.000807s ]
SQL: SHOW COLUMNS FROM `user` [ RunTime:0.0042s ]
SQL: SELECT * FROM `user` WHERE `uid` = '7' LIMIT 1   [ RunTime:0.0003s ]

[ 2015-08-12T10:35:44+08:00 ] 127.0.0.1 /duk/index.php/User/getUid
INFO: [ app_begin ] --START--
INFO: Run Behavior\ReadHtmlCacheBehavior [ RunTime:0.000696s ]
INFO: [ app_begin ] --END-- [ RunTime:0.001265s ]

[ 2015-08-12T10:35:44+08:00 ] 127.0.0.1 /duk/index.php/User/getUserInfo
INFO: [ app_begin ] --START--
INFO: Run Behavior\ReadHtmlCacheBehavior [ RunTime:0.000258s ]
INFO: [ app_begin ] --END-- [ RunTime:0.000458s ]
SQL: SHOW COLUMNS FROM `user` [ RunTime:0.0010s ]
SQL: SELECT * FROM `user` WHERE `uid` = '7' LIMIT 1   [ RunTime:0.0003s ]

[ 2015-08-12T10:36:13+08:00 ] 127.0.0.1 /duk/index.php/User/getUid
INFO: [ app_begin ] --START--
INFO: Run Behavior\ReadHtmlCacheBehavior [ RunTime:0.000495s ]
INFO: [ app_begin ] --END-- [ RunTime:0.000930s ]

[ 2015-08-12T10:36:13+08:00 ] 127.0.0.1 /duk/index.php/User/getUid
INFO: [ app_begin ] --START--
INFO: Run Behavior\ReadHtmlCacheBehavior [ RunTime:0.000613s ]
INFO: [ app_begin ] --END-- [ RunTime:0.001023s ]

[ 2015-08-12T10:36:13+08:00 ] 127.0.0.1 /duk/index.php/User/getUserInfo
INFO: [ app_begin ] --START--
INFO: Run Behavior\ReadHtmlCacheBehavior [ RunTime:0.000564s ]
INFO: [ app_begin ] --END-- [ RunTime:0.001026s ]
SQL: SHOW COLUMNS FROM `user` [ RunTime:0.0028s ]
SQL: SELECT * FROM `user` WHERE `uid` = '7' LIMIT 1   [ RunTime:0.0004s ]

[ 2015-08-12T10:36:13+08:00 ] 127.0.0.1 /duk/index.php/User/getUserInfo
INFO: [ app_begin ] --START--
INFO: Run Behavior\ReadHtmlCacheBehavior [ RunTime:0.000395s ]
INFO: [ app_begin ] --END-- [ RunTime:0.000697s ]
SQL: SHOW COLUMNS FROM `user` [ RunTime:0.0031s ]
SQL: SELECT * FROM `user` WHERE `uid` = '7' LIMIT 1   [ RunTime:0.0004s ]

[ 2015-08-12T10:36:13+08:00 ] 127.0.0.1 /duk/index.php/Question/queryAll
INFO: [ app_begin ] --START--
INFO: Run Behavior\ReadHtmlCacheBehavior [ RunTime:0.000420s ]
INFO: [ app_begin ] --END-- [ RunTime:0.000777s ]
SQL: SHOW COLUMNS FROM `question` [ RunTime:0.0040s ]
SQL: SELECT COUNT(*) AS tp_count FROM `question` WHERE ( state=0 ) LIMIT 1   [ RunTime:0.0003s ]
SQL: SELECT * FROM `question` WHERE ( state=0 ) ORDER BY createTime LIMIT 0,2   [ RunTime:0.0004s ]

[ 2015-08-12T10:37:59+08:00 ] 127.0.0.1 /duk/index.php/User/getUid
INFO: [ app_begin ] --START--
INFO: Run Behavior\ReadHtmlCacheBehavior [ RunTime:0.000694s ]
INFO: [ app_begin ] --END-- [ RunTime:0.001175s ]

[ 2015-08-12T10:37:59+08:00 ] 127.0.0.1 /duk/index.php/Question/queryOne
INFO: [ app_begin ] --START--
INFO: Run Behavior\ReadHtmlCacheBehavior [ RunTime:0.000366s ]
INFO: [ app_begin ] --END-- [ RunTime:0.000663s ]
SQL: SHOW COLUMNS FROM `question` [ RunTime:0.0026s ]
SQL: SELECT * FROM `question` WHERE `qid` = '3' LIMIT 1   [ RunTime:0.0003s ]

[ 2015-08-12T10:37:59+08:00 ] 127.0.0.1 /duk/index.php/User/getUserInfo
INFO: [ app_begin ] --START--
INFO: Run Behavior\ReadHtmlCacheBehavior [ RunTime:0.000241s ]
INFO: [ app_begin ] --END-- [ RunTime:0.000429s ]
SQL: SHOW COLUMNS FROM `user` [ RunTime:0.0022s ]
SQL: SELECT * FROM `user` WHERE `uid` = '7' LIMIT 1   [ RunTime:0.0002s ]

[ 2015-08-12T10:38:02+08:00 ] 127.0.0.1 /duk/index.php/User/getUid
INFO: [ app_begin ] --START--
INFO: Run Behavior\ReadHtmlCacheBehavior [ RunTime:0.000305s ]
INFO: [ app_begin ] --END-- [ RunTime:0.000517s ]

[ 2015-08-12T10:38:02+08:00 ] 127.0.0.1 /duk/index.php/User/getUserInfo
INFO: [ app_begin ] --START--
INFO: Run Behavior\ReadHtmlCacheBehavior [ RunTime:0.000254s ]
INFO: [ app_begin ] --END-- [ RunTime:0.000501s ]
SQL: SHOW COLUMNS FROM `user` [ RunTime:0.0022s ]
SQL: SELECT * FROM `user` WHERE `uid` = '7' LIMIT 1   [ RunTime:0.0002s ]

[ 2015-08-12T11:02:14+08:00 ] 127.0.0.1 /duk/index.php/User/getUid
INFO: [ app_begin ] --START--
INFO: Run Behavior\ReadHtmlCacheBehavior [ RunTime:0.001661s ]
INFO: [ app_begin ] --END-- [ RunTime:0.003598s ]

[ 2015-08-12T11:02:14+08:00 ] 127.0.0.1 /duk/index.php/User/getUid
INFO: [ app_begin ] --START--
INFO: Run Behavior\ReadHtmlCacheBehavior [ RunTime:0.002060s ]
INFO: [ app_begin ] --END-- [ RunTime:0.002773s ]

[ 2015-08-12T11:02:15+08:00 ] 127.0.0.1 /duk/index.php/User/getUserInfo
INFO: [ app_begin ] --START--
INFO: Run Behavior\ReadHtmlCacheBehavior [ RunTime:0.000324s ]
INFO: [ app_begin ] --END-- [ RunTime:0.000566s ]
SQL: SHOW COLUMNS FROM `user` [ RunTime:0.0042s ]
SQL: SELECT * FROM `user` WHERE `uid` = '7' LIMIT 1   [ RunTime:0.0005s ]

[ 2015-08-12T11:02:15+08:00 ] 127.0.0.1 /duk/index.php/User/userFollowList
INFO: [ app_begin ] --START--
INFO: Run Behavior\ReadHtmlCacheBehavior [ RunTime:0.000356s ]
INFO: [ app_begin ] --END-- [ RunTime:0.000615s ]
SQL: SHOW COLUMNS FROM `follow` [ RunTime:0.0042s ]
SQL: SELECT * FROM `follow` WHERE `from_uid` = '7'  [ RunTime:0.0004s ]
NOTIC: [2] Invalid argument supplied for foreach() /Applications/XAMPP/xamppfiles/htdocs/duk/Application/Home/Controller/UserController.class.php 第 344 行.

[ 2015-08-12T11:02:15+08:00 ] 127.0.0.1 /duk/index.php/Question/questionFollowList
INFO: [ app_begin ] --START--
INFO: Run Behavior\ReadHtmlCacheBehavior [ RunTime:0.000368s ]
INFO: [ app_begin ] --END-- [ RunTime:0.001598s ]
SQL: SHOW COLUMNS FROM `collectq` [ RunTime:0.0019s ]
SQL: SELECT * FROM `collectq` WHERE `uid` = ''  [ RunTime:0.0002s ]
NOTIC: [2] Invalid argument supplied for foreach() /Applications/XAMPP/xamppfiles/htdocs/duk/Application/Home/Controller/QuestionController.class.php 第 511 行.

[ 2015-08-12T11:02:15+08:00 ] 127.0.0.1 /duk/index.php/User/getUserInfo
INFO: [ app_begin ] --START--
INFO: Run Behavior\ReadHtmlCacheBehavior [ RunTime:0.000634s ]
INFO: [ app_begin ] --END-- [ RunTime:0.001038s ]
SQL: SHOW COLUMNS FROM `user` [ RunTime:0.0020s ]
SQL: SELECT * FROM `user` WHERE `uid` = '7' LIMIT 1   [ RunTime:0.0003s ]

[ 2015-08-12T11:02:23+08:00 ] 127.0.0.1 /duk/index.php/User/getUid
INFO: [ app_begin ] --START--
INFO: Run Behavior\ReadHtmlCacheBehavior [ RunTime:0.000251s ]
INFO: [ app_begin ] --END-- [ RunTime:0.000459s ]

[ 2015-08-12T11:02:23+08:00 ] 127.0.0.1 /duk/index.php/Question/queryUser
INFO: [ app_begin ] --START--
INFO: Run Behavior\ReadHtmlCacheBehavior [ RunTime:0.000336s ]
INFO: [ app_begin ] --END-- [ RunTime:0.000611s ]
SQL: SHOW COLUMNS FROM `user` [ RunTime:0.0021s ]
SQL: SELECT COUNT(*) AS tp_count FROM `user` WHERE ( state=0 ) LIMIT 1   [ RunTime:0.0002s ]
SQL: SELECT * FROM `user` WHERE ( state=0 ) ORDER BY uid LIMIT 0,6   [ RunTime:0.0002s ]

[ 2015-08-12T11:02:23+08:00 ] 127.0.0.1 /duk/index.php/User/getUserInfo
INFO: [ app_begin ] --START--
INFO: Run Behavior\ReadHtmlCacheBehavior [ RunTime:0.000276s ]
INFO: [ app_begin ] --END-- [ RunTime:0.000490s ]
SQL: SHOW COLUMNS FROM `user` [ RunTime:0.0021s ]
SQL: SELECT * FROM `user` WHERE `uid` = '7' LIMIT 1   [ RunTime:0.0002s ]

[ 2015-08-12T11:02:24+08:00 ] 127.0.0.1 /duk/index.php/User/getUid
INFO: [ app_begin ] --START--
INFO: Run Behavior\ReadHtmlCacheBehavior [ RunTime:0.000739s ]
INFO: [ app_begin ] --END-- [ RunTime:0.001303s ]

[ 2015-08-12T11:02:24+08:00 ] 127.0.0.1 /duk/index.php/User/getUid
INFO: [ app_begin ] --START--
INFO: Run Behavior\ReadHtmlCacheBehavior [ RunTime:0.000406s ]
INFO: [ app_begin ] --END-- [ RunTime:0.001187s ]

[ 2015-08-12T11:02:24+08:00 ] 127.0.0.1 /duk/index.php/User/getUserInfo
INFO: [ app_begin ] --START--
INFO: Run Behavior\ReadHtmlCacheBehavior [ RunTime:0.000575s ]
INFO: [ app_begin ] --END-- [ RunTime:0.001037s ]
SQL: SHOW COLUMNS FROM `user` [ RunTime:0.0024s ]
SQL: SELECT * FROM `user` WHERE `uid` = '' LIMIT 1   [ RunTime:0.0002s ]

[ 2015-08-12T11:02:24+08:00 ] 127.0.0.1 /duk/index.php/User/getUserInfo
INFO: [ app_begin ] --START--
INFO: Run Behavior\ReadHtmlCacheBehavior [ RunTime:0.000342s ]
INFO: [ app_begin ] --END-- [ RunTime:0.000645s ]
SQL: SHOW COLUMNS FROM `user` [ RunTime:0.0011s ]
SQL: SELECT * FROM `user` WHERE `uid` = '' LIMIT 1   [ RunTime:0.0002s ]

[ 2015-08-12T11:02:24+08:00 ] 127.0.0.1 /duk/index.php/Question/queryAll
INFO: [ app_begin ] --START--
INFO: Run Behavior\ReadHtmlCacheBehavior [ RunTime:0.000333s ]
INFO: [ app_begin ] --END-- [ RunTime:0.000567s ]

[ 2015-08-12T11:02:26+08:00 ] 127.0.0.1 /duk/index.php/User/getUid
INFO: [ app_begin ] --START--
INFO: Run Behavior\ReadHtmlCacheBehavior [ RunTime:0.000268s ]
INFO: [ app_begin ] --END-- [ RunTime:0.000607s ]

[ 2015-08-12T11:02:26+08:00 ] 127.0.0.1 /duk/index.php/User/getUid
INFO: [ app_begin ] --START--
INFO: Run Behavior\ReadHtmlCacheBehavior [ RunTime:0.000379s ]
INFO: [ app_begin ] --END-- [ RunTime:0.000726s ]

[ 2015-08-12T11:02:26+08:00 ] 127.0.0.1 /duk/index.php/User/getUserInfo
INFO: [ app_begin ] --START--
INFO: Run Behavior\ReadHtmlCacheBehavior [ RunTime:0.000351s ]
INFO: [ app_begin ] --END-- [ RunTime:0.000604s ]
SQL: SHOW COLUMNS FROM `user` [ RunTime:0.0048s ]
SQL: SELECT * FROM `user` WHERE `uid` = '' LIMIT 1   [ RunTime:0.0018s ]

[ 2015-08-12T11:02:26+08:00 ] 127.0.0.1 /duk/index.php/User/userFollowList
INFO: [ app_begin ] --START--
INFO: Run Behavior\ReadHtmlCacheBehavior [ RunTime:0.000460s ]
INFO: [ app_begin ] --END-- [ RunTime:0.000883s ]
SQL: SHOW COLUMNS FROM `follow` [ RunTime:0.0036s ]
SQL: SELECT * FROM `follow` WHERE `from_uid` = ''  [ RunTime:0.0006s ]
NOTIC: [2] Invalid argument supplied for foreach() /Applications/XAMPP/xamppfiles/htdocs/duk/Application/Home/Controller/UserController.class.php 第 344 行.

[ 2015-08-12T11:02:26+08:00 ] 127.0.0.1 /duk/index.php/Question/questionFollowList
INFO: [ app_begin ] --START--
INFO: Run Behavior\ReadHtmlCacheBehavior [ RunTime:0.000391s ]
INFO: [ app_begin ] --END-- [ RunTime:0.000683s ]

[ 2015-08-12T11:02:26+08:00 ] 127.0.0.1 /duk/index.php/User/getUserInfo
INFO: [ app_begin ] --START--
INFO: Run Behavior\ReadHtmlCacheBehavior [ RunTime:0.000443s ]
INFO: [ app_begin ] --END-- [ RunTime:0.001061s ]
SQL: SHOW COLUMNS FROM `user` [ RunTime:0.0040s ]
SQL: SELECT * FROM `user` WHERE `uid` = '' LIMIT 1   [ RunTime:0.0004s ]

[ 2015-08-12T11:03:55+08:00 ] 127.0.0.1 /duk/index.php/User/getUid
INFO: [ app_begin ] --START--
INFO: Run Behavior\ReadHtmlCacheBehavior [ RunTime:0.000674s ]
INFO: [ app_begin ] --END-- [ RunTime:0.001161s ]

[ 2015-08-12T11:03:55+08:00 ] 127.0.0.1 /duk/index.php/Question/queryUser
INFO: [ app_begin ] --START--
INFO: Run Behavior\ReadHtmlCacheBehavior [ RunTime:0.000315s ]
INFO: [ app_begin ] --END-- [ RunTime:0.000555s ]

[ 2015-08-12T11:03:55+08:00 ] 127.0.0.1 /duk/index.php/User/getUserInfo
INFO: [ app_begin ] --START--
INFO: Run Behavior\ReadHtmlCacheBehavior [ RunTime:0.000834s ]
INFO: [ app_begin ] --END-- [ RunTime:0.001155s ]
SQL: SHOW COLUMNS FROM `user` [ RunTime:0.0061s ]
SQL: SELECT * FROM `user` WHERE `uid` = '' LIMIT 1   [ RunTime:0.0006s ]

[ 2015-08-12T11:03:56+08:00 ] 127.0.0.1 /duk/index.php/User/getUid
INFO: [ app_begin ] --START--
INFO: Run Behavior\ReadHtmlCacheBehavior [ RunTime:0.000437s ]
INFO: [ app_begin ] --END-- [ RunTime:0.000745s ]

[ 2015-08-12T11:03:56+08:00 ] 127.0.0.1 /duk/index.php/User/getUid
INFO: [ app_begin ] --START--
INFO: Run Behavior\ReadHtmlCacheBehavior [ RunTime:0.000995s ]
INFO: [ app_begin ] --END-- [ RunTime:0.001809s ]

[ 2015-08-12T11:03:56+08:00 ] 127.0.0.1 /duk/index.php/User/getUserInfo
INFO: [ app_begin ] --START--
INFO: Run Behavior\ReadHtmlCacheBehavior [ RunTime:0.000375s ]
INFO: [ app_begin ] --END-- [ RunTime:0.000680s ]
SQL: SHOW COLUMNS FROM `user` [ RunTime:0.0027s ]
SQL: SELECT * FROM `user` WHERE `uid` = '' LIMIT 1   [ RunTime:0.0003s ]

[ 2015-08-12T11:03:56+08:00 ] 127.0.0.1 /duk/index.php/User/getUserInfo
INFO: [ app_begin ] --START--
INFO: Run Behavior\ReadHtmlCacheBehavior [ RunTime:0.000485s ]
INFO: [ app_begin ] --END-- [ RunTime:0.001159s ]
SQL: SHOW COLUMNS FROM `user` [ RunTime:0.0024s ]
SQL: SELECT * FROM `user` WHERE `uid` = '' LIMIT 1   [ RunTime:0.0002s ]

[ 2015-08-12T11:03:56+08:00 ] 127.0.0.1 /duk/index.php/Question/queryAll
INFO: [ app_begin ] --START--
INFO: Run Behavior\ReadHtmlCacheBehavior [ RunTime:0.000289s ]
INFO: [ app_begin ] --END-- [ RunTime:0.000505s ]

[ 2015-08-12T11:04:02+08:00 ] 127.0.0.1 /duk/index.php/User/getUid
INFO: [ app_begin ] --START--
INFO: Run Behavior\ReadHtmlCacheBehavior [ RunTime:0.000439s ]
INFO: [ app_begin ] --END-- [ RunTime:0.000795s ]

[ 2015-08-12T11:04:02+08:00 ] 127.0.0.1 /duk/index.php/User/getUserInfo
INFO: [ app_begin ] --START--
INFO: Run Behavior\ReadHtmlCacheBehavior [ RunTime:0.000618s ]
INFO: [ app_begin ] --END-- [ RunTime:0.001023s ]
SQL: SHOW COLUMNS FROM `user` [ RunTime:0.0027s ]
SQL: SELECT * FROM `user` WHERE `uid` = '' LIMIT 1   [ RunTime:0.0003s ]

[ 2015-08-12T11:04:11+08:00 ] 127.0.0.1 /duk/index.php/User/login.html
INFO: [ app_begin ] --START--
INFO: Run Behavior\ReadHtmlCacheBehavior [ RunTime:0.000319s ]
INFO: [ app_begin ] --END-- [ RunTime:0.000548s ]
SQL: SHOW COLUMNS FROM `user` [ RunTime:0.0021s ]
SQL: SELECT * FROM `user` WHERE `name` = 'wbx' AND `pwd` = 'wbx' LIMIT 1   [ RunTime:0.0002s ]

[ 2015-08-12T11:04:12+08:00 ] 127.0.0.1 /duk/index.php/User/getUid
INFO: [ app_begin ] --START--
INFO: Run Behavior\ReadHtmlCacheBehavior [ RunTime:0.000395s ]
INFO: [ app_begin ] --END-- [ RunTime:0.001200s ]

[ 2015-08-12T11:04:12+08:00 ] 127.0.0.1 /duk/index.php/Question/queryUser
INFO: [ app_begin ] --START--
INFO: Run Behavior\ReadHtmlCacheBehavior [ RunTime:0.000264s ]
INFO: [ app_begin ] --END-- [ RunTime:0.000470s ]
SQL: SHOW COLUMNS FROM `user` [ RunTime:0.0047s ]
SQL: SELECT COUNT(*) AS tp_count FROM `user` WHERE ( state=0 ) LIMIT 1   [ RunTime:0.0003s ]
SQL: SELECT * FROM `user` WHERE ( state=0 ) ORDER BY uid LIMIT 0,6   [ RunTime:0.0005s ]

[ 2015-08-12T11:04:12+08:00 ] 127.0.0.1 /duk/index.php/User/getUserInfo
INFO: [ app_begin ] --START--
INFO: Run Behavior\ReadHtmlCacheBehavior [ RunTime:0.000402s ]
INFO: [ app_begin ] --END-- [ RunTime:0.000747s ]
SQL: SHOW COLUMNS FROM `user` [ RunTime:0.0033s ]
SQL: SELECT * FROM `user` WHERE `uid` = '1' LIMIT 1   [ RunTime:0.0004s ]

[ 2015-08-12T11:04:13+08:00 ] 127.0.0.1 /duk/index.php/User/getUid
INFO: [ app_begin ] --START--
INFO: Run Behavior\ReadHtmlCacheBehavior [ RunTime:0.000256s ]
INFO: [ app_begin ] --END-- [ RunTime:0.000437s ]

[ 2015-08-12T11:04:13+08:00 ] 127.0.0.1 /duk/index.php/User/getUid
INFO: [ app_begin ] --START--
INFO: Run Behavior\ReadHtmlCacheBehavior [ RunTime:0.000235s ]
INFO: [ app_begin ] --END-- [ RunTime:0.000422s ]

[ 2015-08-12T11:04:13+08:00 ] 127.0.0.1 /duk/index.php/User/getUserInfo
INFO: [ app_begin ] --START--
INFO: Run Behavior\ReadHtmlCacheBehavior [ RunTime:0.000389s ]
INFO: [ app_begin ] --END-- [ RunTime:0.000581s ]
SQL: SHOW COLUMNS FROM `user` [ RunTime:0.0046s ]
SQL: SELECT * FROM `user` WHERE `uid` = '1' LIMIT 1   [ RunTime:0.0003s ]

[ 2015-08-12T11:04:13+08:00 ] 127.0.0.1 /duk/index.php/User/getUserInfo
INFO: [ app_begin ] --START--
INFO: Run Behavior\ReadHtmlCacheBehavior [ RunTime:0.000346s ]
INFO: [ app_begin ] --END-- [ RunTime:0.000602s ]
SQL: SHOW COLUMNS FROM `user` [ RunTime:0.0025s ]
SQL: SELECT * FROM `user` WHERE `uid` = '1' LIMIT 1   [ RunTime:0.0002s ]

[ 2015-08-12T11:04:13+08:00 ] 127.0.0.1 /duk/index.php/Question/queryAll
INFO: [ app_begin ] --START--
INFO: Run Behavior\ReadHtmlCacheBehavior [ RunTime:0.000239s ]
INFO: [ app_begin ] --END-- [ RunTime:0.000426s ]
SQL: SHOW COLUMNS FROM `question` [ RunTime:0.0026s ]
SQL: SELECT COUNT(*) AS tp_count FROM `question` WHERE ( state=0 ) LIMIT 1   [ RunTime:0.0002s ]
SQL: SELECT * FROM `question` WHERE ( state=0 ) ORDER BY createTime LIMIT 0,2   [ RunTime:0.0002s ]

[ 2015-08-12T11:04:16+08:00 ] 127.0.0.1 /duk/index.php/User/getUid
INFO: [ app_begin ] --START--
INFO: Run Behavior\ReadHtmlCacheBehavior [ RunTime:0.000482s ]
INFO: [ app_begin ] --END-- [ RunTime:0.000773s ]

[ 2015-08-12T11:04:16+08:00 ] 127.0.0.1 /duk/index.php/Question/queryUser
INFO: [ app_begin ] --START--
INFO: Run Behavior\ReadHtmlCacheBehavior [ RunTime:0.000329s ]
INFO: [ app_begin ] --END-- [ RunTime:0.000650s ]
SQL: SHOW COLUMNS FROM `user` [ RunTime:0.0024s ]
SQL: SELECT COUNT(*) AS tp_count FROM `user` WHERE ( state=0 ) LIMIT 1   [ RunTime:0.0003s ]
SQL: SELECT * FROM `user` WHERE ( state=0 ) ORDER BY uid LIMIT 0,6   [ RunTime:0.0003s ]

[ 2015-08-12T11:04:16+08:00 ] 127.0.0.1 /duk/index.php/User/getUserInfo
INFO: [ app_begin ] --START--
INFO: Run Behavior\ReadHtmlCacheBehavior [ RunTime:0.000520s ]
INFO: [ app_begin ] --END-- [ RunTime:0.000878s ]
SQL: SHOW COLUMNS FROM `user` [ RunTime:0.0026s ]
SQL: SELECT * FROM `user` WHERE `uid` = '1' LIMIT 1   [ RunTime:0.0003s ]

[ 2015-08-12T11:04:17+08:00 ] 127.0.0.1 /duk/index.php/User/getUid
INFO: [ app_begin ] --START--
INFO: Run Behavior\ReadHtmlCacheBehavior [ RunTime:0.000251s ]
INFO: [ app_begin ] --END-- [ RunTime:0.000444s ]

[ 2015-08-12T11:04:17+08:00 ] 127.0.0.1 /duk/index.php/User/getUid
INFO: [ app_begin ] --START--
INFO: Run Behavior\ReadHtmlCacheBehavior [ RunTime:0.000245s ]
INFO: [ app_begin ] --END-- [ RunTime:0.000438s ]

[ 2015-08-12T11:04:17+08:00 ] 127.0.0.1 /duk/index.php/User/getUserInfo
INFO: [ app_begin ] --START--
INFO: Run Behavior\ReadHtmlCacheBehavior [ RunTime:0.000353s ]
INFO: [ app_begin ] --END-- [ RunTime:0.000620s ]
SQL: SHOW COLUMNS FROM `user` [ RunTime:0.0028s ]
SQL: SELECT * FROM `user` WHERE `uid` = '1' LIMIT 1   [ RunTime:0.0004s ]

[ 2015-08-12T11:04:17+08:00 ] 127.0.0.1 /duk/index.php/User/userFollowList
INFO: [ app_begin ] --START--
INFO: Run Behavior\ReadHtmlCacheBehavior [ RunTime:0.000386s ]
INFO: [ app_begin ] --END-- [ RunTime:0.006583s ]
SQL: SHOW COLUMNS FROM `follow` [ RunTime:0.0026s ]
SQL: SELECT * FROM `follow` WHERE `from_uid` = '1'  [ RunTime:0.0003s ]
NOTIC: [2] Invalid argument supplied for foreach() /Applications/XAMPP/xamppfiles/htdocs/duk/Application/Home/Controller/UserController.class.php 第 344 行.

[ 2015-08-12T11:04:17+08:00 ] 127.0.0.1 /duk/index.php/User/getUserInfo
INFO: [ app_begin ] --START--
INFO: Run Behavior\ReadHtmlCacheBehavior [ RunTime:0.000377s ]
INFO: [ app_begin ] --END-- [ RunTime:0.000910s ]
SQL: SHOW COLUMNS FROM `user` [ RunTime:0.0040s ]
SQL: SELECT * FROM `user` WHERE `uid` = '1' LIMIT 1   [ RunTime:0.0004s ]

[ 2015-08-12T11:04:17+08:00 ] 127.0.0.1 /duk/index.php/Question/questionFollowList
INFO: [ app_begin ] --START--
INFO: Run Behavior\ReadHtmlCacheBehavior [ RunTime:0.000490s ]
INFO: [ app_begin ] --END-- [ RunTime:0.000886s ]
SQL: SHOW COLUMNS FROM `collectq` [ RunTime:0.0031s ]
SQL: SELECT * FROM `collectq` WHERE `uid` = ''  [ RunTime:0.0003s ]
NOTIC: [2] Invalid argument supplied for foreach() /Applications/XAMPP/xamppfiles/htdocs/duk/Application/Home/Controller/QuestionController.class.php 第 511 行.

[ 2015-08-12T11:04:25+08:00 ] 127.0.0.1 /duk/index.php/User/getUid
INFO: [ app_begin ] --START--
INFO: Run Behavior\ReadHtmlCacheBehavior [ RunTime:0.000402s ]
INFO: [ app_begin ] --END-- [ RunTime:0.000744s ]

[ 2015-08-12T11:04:25+08:00 ] 127.0.0.1 /duk/index.php/User/getUid
INFO: [ app_begin ] --START--
INFO: Run Behavior\ReadHtmlCacheBehavior [ RunTime:0.000253s ]
INFO: [ app_begin ] --END-- [ RunTime:0.000445s ]

[ 2015-08-12T11:04:25+08:00 ] 127.0.0.1 /duk/index.php/User/getUserInfo
INFO: [ app_begin ] --START--
INFO: Run Behavior\ReadHtmlCacheBehavior [ RunTime:0.000948s ]
INFO: [ app_begin ] --END-- [ RunTime:0.001367s ]
SQL: SHOW COLUMNS FROM `user` [ RunTime:0.0038s ]
SQL: SELECT * FROM `user` WHERE `uid` = '1' LIMIT 1   [ RunTime:0.0004s ]

[ 2015-08-12T11:04:25+08:00 ] 127.0.0.1 /duk/index.php/User/userFollowList
INFO: [ app_begin ] --START--
INFO: Run Behavior\ReadHtmlCacheBehavior [ RunTime:0.000360s ]
INFO: [ app_begin ] --END-- [ RunTime:0.000631s ]
SQL: SHOW COLUMNS FROM `follow` [ RunTime:0.0022s ]
SQL: SELECT * FROM `follow` WHERE `from_uid` = '1'  [ RunTime:0.0002s ]
NOTIC: [2] Invalid argument supplied for foreach() /Applications/XAMPP/xamppfiles/htdocs/duk/Application/Home/Controller/UserController.class.php 第 344 行.

[ 2015-08-12T11:04:25+08:00 ] 127.0.0.1 /duk/index.php/Question/questionFollowList
INFO: [ app_begin ] --START--
INFO: Run Behavior\ReadHtmlCacheBehavior [ RunTime:0.000280s ]
INFO: [ app_begin ] --END-- [ RunTime:0.000687s ]
SQL: SHOW COLUMNS FROM `collectq` [ RunTime:0.0022s ]
SQL: SELECT * FROM `collectq` WHERE `uid` = ''  [ RunTime:0.0002s ]
NOTIC: [2] Invalid argument supplied for foreach() /Applications/XAMPP/xamppfiles/htdocs/duk/Application/Home/Controller/QuestionController.class.php 第 511 行.

[ 2015-08-12T11:04:25+08:00 ] 127.0.0.1 /duk/index.php/User/getUserInfo
INFO: [ app_begin ] --START--
INFO: Run Behavior\ReadHtmlCacheBehavior [ RunTime:0.000475s ]
INFO: [ app_begin ] --END-- [ RunTime:0.000725s ]
SQL: SHOW COLUMNS FROM `user` [ RunTime:0.0026s ]
SQL: SELECT * FROM `user` WHERE `uid` = '1' LIMIT 1   [ RunTime:0.0003s ]

[ 2015-08-12T11:04:34+08:00 ] 127.0.0.1 /duk/index.php/User/getUid
INFO: [ app_begin ] --START--
INFO: Run Behavior\ReadHtmlCacheBehavior [ RunTime:0.000587s ]
INFO: [ app_begin ] --END-- [ RunTime:0.001008s ]

[ 2015-08-12T11:04:34+08:00 ] 127.0.0.1 /duk/index.php/User/getUserInfo
INFO: [ app_begin ] --START--
INFO: Run Behavior\ReadHtmlCacheBehavior [ RunTime:0.000629s ]
INFO: [ app_begin ] --END-- [ RunTime:0.001060s ]
SQL: SHOW COLUMNS FROM `user` [ RunTime:0.0044s ]
SQL: SELECT * FROM `user` WHERE `uid` = '1' LIMIT 1   [ RunTime:0.0007s ]

[ 2015-08-12T11:11:05+08:00 ] 127.0.0.1 /duk/index.php/User/getUid
INFO: [ app_begin ] --START--
INFO: Run Behavior\ReadHtmlCacheBehavior [ RunTime:0.000525s ]
INFO: [ app_begin ] --END-- [ RunTime:0.000927s ]

[ 2015-08-12T11:11:05+08:00 ] 127.0.0.1 /duk/index.php/User/getUserInfo
INFO: [ app_begin ] --START--
INFO: Run Behavior\ReadHtmlCacheBehavior [ RunTime:0.000337s ]
INFO: [ app_begin ] --END-- [ RunTime:0.000621s ]
SQL: SHOW COLUMNS FROM `user` [ RunTime:0.0025s ]
SQL: SELECT * FROM `user` WHERE `uid` = '1' LIMIT 1   [ RunTime:0.0002s ]

[ 2015-08-12T11:12:02+08:00 ] 127.0.0.1 /duk/index.php/User/getUid
INFO: [ app_begin ] --START--
INFO: Run Behavior\ReadHtmlCacheBehavior [ RunTime:0.000316s ]
INFO: [ app_begin ] --END-- [ RunTime:0.000584s ]

[ 2015-08-12T11:12:02+08:00 ] 127.0.0.1 /duk/index.php/User/getUid
INFO: [ app_begin ] --START--
INFO: Run Behavior\ReadHtmlCacheBehavior [ RunTime:0.000303s ]
INFO: [ app_begin ] --END-- [ RunTime:0.000532s ]

[ 2015-08-12T11:12:02+08:00 ] 127.0.0.1 /duk/index.php/User/getUserInfo
INFO: [ app_begin ] --START--
INFO: Run Behavior\ReadHtmlCacheBehavior [ RunTime:0.000280s ]
INFO: [ app_begin ] --END-- [ RunTime:0.000503s ]
SQL: SHOW COLUMNS FROM `user` [ RunTime:0.0048s ]
SQL: SELECT * FROM `user` WHERE `uid` = '1' LIMIT 1   [ RunTime:0.0007s ]

[ 2015-08-12T11:12:02+08:00 ] 127.0.0.1 /duk/index.php/User/getUserInfo
INFO: [ app_begin ] --START--
INFO: Run Behavior\ReadHtmlCacheBehavior [ RunTime:0.000228s ]
INFO: [ app_begin ] --END-- [ RunTime:0.000407s ]
SQL: SHOW COLUMNS FROM `user` [ RunTime:0.0026s ]
SQL: SELECT * FROM `user` WHERE `uid` = '1' LIMIT 1   [ RunTime:0.0002s ]

[ 2015-08-12T11:12:02+08:00 ] 127.0.0.1 /duk/index.php/Question/queryAll
INFO: [ app_begin ] --START--
INFO: Run Behavior\ReadHtmlCacheBehavior [ RunTime:0.000223s ]
INFO: [ app_begin ] --END-- [ RunTime:0.000385s ]
SQL: SHOW COLUMNS FROM `question` [ RunTime:0.0024s ]
SQL: SELECT COUNT(*) AS tp_count FROM `question` WHERE ( state=0 ) LIMIT 1   [ RunTime:0.0003s ]
SQL: SELECT * FROM `question` WHERE ( state=0 ) ORDER BY createTime LIMIT 0,2   [ RunTime:0.0003s ]

[ 2015-08-12T11:12:04+08:00 ] 127.0.0.1 /duk/index.php/User/getUid
INFO: [ app_begin ] --START--
INFO: Run Behavior\ReadHtmlCacheBehavior [ RunTime:0.000468s ]
INFO: [ app_begin ] --END-- [ RunTime:0.000865s ]

[ 2015-08-12T11:12:04+08:00 ] 127.0.0.1 /duk/index.php/Question/queryOne
INFO: [ app_begin ] --START--
INFO: Run Behavior\ReadHtmlCacheBehavior [ RunTime:0.000553s ]
INFO: [ app_begin ] --END-- [ RunTime:0.001051s ]
SQL: SHOW COLUMNS FROM `question` [ RunTime:0.0030s ]
SQL: SELECT * FROM `question` WHERE `qid` = '1' LIMIT 1   [ RunTime:0.0008s ]

[ 2015-08-12T11:12:04+08:00 ] 127.0.0.1 /duk/index.php/User/getUserInfo
INFO: [ app_begin ] --START--
INFO: Run Behavior\ReadHtmlCacheBehavior [ RunTime:0.000284s ]
INFO: [ app_begin ] --END-- [ RunTime:0.000577s ]
SQL: SHOW COLUMNS FROM `user` [ RunTime:0.0025s ]
SQL: SELECT * FROM `user` WHERE `uid` = '1' LIMIT 1   [ RunTime:0.0003s ]

[ 2015-08-12T11:12:10+08:00 ] 127.0.0.1 /duk/index.php/User/getUid
INFO: [ app_begin ] --START--
INFO: Run Behavior\ReadHtmlCacheBehavior [ RunTime:0.000397s ]
INFO: [ app_begin ] --END-- [ RunTime:0.000598s ]

[ 2015-08-12T11:12:10+08:00 ] 127.0.0.1 /duk/index.php/User/getUid
INFO: [ app_begin ] --START--
INFO: Run Behavior\ReadHtmlCacheBehavior [ RunTime:0.000382s ]
INFO: [ app_begin ] --END-- [ RunTime:0.000710s ]

[ 2015-08-12T11:12:10+08:00 ] 127.0.0.1 /duk/index.php/User/getUserInfo
INFO: [ app_begin ] --START--
INFO: Run Behavior\ReadHtmlCacheBehavior [ RunTime:0.004579s ]
INFO: [ app_begin ] --END-- [ RunTime:0.004932s ]
SQL: SHOW COLUMNS FROM `user` [ RunTime:0.0040s ]
SQL: SELECT * FROM `user` WHERE `uid` = '1' LIMIT 1   [ RunTime:0.0009s ]

[ 2015-08-12T11:12:10+08:00 ] 127.0.0.1 /duk/index.php/User/userFollowList
INFO: [ app_begin ] --START--
INFO: Run Behavior\ReadHtmlCacheBehavior [ RunTime:0.000446s ]
INFO: [ app_begin ] --END-- [ RunTime:0.000815s ]
SQL: SHOW COLUMNS FROM `follow` [ RunTime:0.0020s ]
SQL: SELECT * FROM `follow` WHERE `from_uid` = '1'  [ RunTime:0.0002s ]
NOTIC: [2] Invalid argument supplied for foreach() /Applications/XAMPP/xamppfiles/htdocs/duk/Application/Home/Controller/UserController.class.php 第 345 行.

[ 2015-08-12T11:12:10+08:00 ] 127.0.0.1 /duk/index.php/Question/questionFollowList
INFO: [ app_begin ] --START--
INFO: Run Behavior\ReadHtmlCacheBehavior [ RunTime:0.000467s ]
INFO: [ app_begin ] --END-- [ RunTime:0.000794s ]
SQL: SHOW COLUMNS FROM `collectq` [ RunTime:0.0020s ]
SQL: SELECT * FROM `collectq` WHERE `uid` = ''  [ RunTime:0.0003s ]
NOTIC: [2] Invalid argument supplied for foreach() /Applications/XAMPP/xamppfiles/htdocs/duk/Application/Home/Controller/QuestionController.class.php 第 511 行.

[ 2015-08-12T11:12:10+08:00 ] 127.0.0.1 /duk/index.php/User/getUserInfo
INFO: [ app_begin ] --START--
INFO: Run Behavior\ReadHtmlCacheBehavior [ RunTime:0.000289s ]
INFO: [ app_begin ] --END-- [ RunTime:0.000496s ]
SQL: SHOW COLUMNS FROM `user` [ RunTime:0.0022s ]
SQL: SELECT * FROM `user` WHERE `uid` = '1' LIMIT 1   [ RunTime:0.0003s ]

